Tue Nov 11 2025 3:31:20 [SERVER-NAME] info: 127.0.0.1 - GET /api/v1/expenses/frequency?frequency=monthly 200 - 178.719 ms
Tue Nov 11 2025 3:31:26 [SERVER-NAME] info: 127.0.0.1 - GET /api/v1/expenses/frequency 200 - 93.874 ms
Tue Nov 11 2025 3:32:3 [SERVER-NAME] info: 127.0.0.1 - POST /api/v1/auth/login 200 - 517.601 ms
Tue Nov 11 2025 3:32:41 [SERVER-NAME] info: 127.0.0.1 - GET /api/v1/expenses/frequency 200 - 94.989 ms
Tue Nov 11 2025 3:48:52 [SERVER-NAME] info: [32mConfig validation successful.[39m
Tue Nov 11 2025 3:48:53 [SERVER-NAME] info: [46m🚀 Database connected successfully[49m
Tue Nov 11 2025 3:52:3 [SERVER-NAME] info: [34mSIGINT received. Shutting down gracefully...[39m
Tue Nov 11 2025 3:52:8 [SERVER-NAME] info: [32mConfig validation successful.[39m
Tue Nov 11 2025 3:52:9 [SERVER-NAME] info: [46m🚀 Database connected successfully[49m
Tue Nov 11 2025 3:53:1 [SERVER-NAME] info: [34mSIGINT received. Shutting down gracefully...[39m
Tue Nov 11 2025 3:53:7 [SERVER-NAME] info: [32mConfig validation successful.[39m
Tue Nov 11 2025 3:53:8 [SERVER-NAME] info: [46m🚀 Database connected successfully[49m
Tue Nov 11 2025 3:54:12 [SERVER-NAME] info: [34mSIGINT received. Shutting down gracefully...[39m
Tue Nov 11 2025 3:54:18 [SERVER-NAME] info: [32mConfig validation successful.[39m
Tue Nov 11 2025 3:54:18 [SERVER-NAME] info: [46m🚀 Database connected successfully[49m
Tue Nov 11 2025 3:55:49 [SERVER-NAME] info: [34mSIGINT received. Shutting down gracefully...[39m
Tue Nov 11 2025 3:56:15 [SERVER-NAME] info: [32mConfig validation successful.[39m
Tue Nov 11 2025 3:56:16 [SERVER-NAME] info: [46m🚀 Database connected successfully[49m
Tue Nov 11 2025 3:56:16 [SERVER-NAME] info: [33m♻️  Application & Socket listening on http://0.0.0.0:5000 or http://localhost:5000 in development mode[39m
Tue Nov 11 2025 3:57:18 [SERVER-NAME] info: [32mConfig validation successful.[39m
Tue Nov 11 2025 3:57:19 [SERVER-NAME] info: [46m🚀 Database connected successfully[49m
Tue Nov 11 2025 3:57:20 [SERVER-NAME] info: [33m♻️  Application & Socket listening on http://0.0.0.0:5000 or http://localhost:5000 in development mode[39m
Tue Nov 11 2025 3:57:21 [SERVER-NAME] info: [32m✅ [Reho App] Email sent successfully: <20251110215722.fcb0141e09a75513@mg.rehoapp.co.uk>[39m
Tue Nov 11 2025 3:57:21 [SERVER-NAME] info: [32m✅ [Reho App] Email sent successfully: <20251110215723.2a9dbae5459ce472@mg.rehoapp.co.uk>[39m
Tue Nov 11 2025 3:57:22 [SERVER-NAME] info: [32m✅ [Reho App] Email sent successfully: <20251110215723.4a60e08f1925f7f9@mg.rehoapp.co.uk>[39m
Tue Nov 11 2025 3:57:23 [SERVER-NAME] info: [32m✅ [Reho App] Email sent successfully: <20251110215724.344a5a3854b4b772@mg.rehoapp.co.uk>[39m
Tue Nov 11 2025 3:57:23 [SERVER-NAME] info: [32m✅ [Reho App] Email sent successfully: <20251110215725.91b44b9290bf643a@mg.rehoapp.co.uk>[39m
Tue Nov 11 2025 3:57:24 [SERVER-NAME] info: [32m✅ [Reho App] Email sent successfully: <20251110215725.432024b4280bcf0e@mg.rehoapp.co.uk>[39m
Tue Nov 11 2025 3:57:24 [SERVER-NAME] info: [32m✅ [Reho App] Email sent successfully: <20251110215726.0eb8373ac19a6e93@mg.rehoapp.co.uk>[39m
Tue Nov 11 2025 3:57:24 [SERVER-NAME] info: [32m✅ [Reho App] Email sent successfully: <20251110215726.25dcfc41ba354b79@mg.rehoapp.co.uk>[39m
Tue Nov 11 2025 3:57:25 [SERVER-NAME] info: [32m✅ [Reho App] Email sent successfully: <20251110215727.65987b89c2aa2006@mg.rehoapp.co.uk>[39m
Tue Nov 11 2025 3:57:25 [SERVER-NAME] info: [32m✅ [Reho App] Email sent successfully: <20251110215727.1e2de08aee96da0b@mg.rehoapp.co.uk>[39m
Tue Nov 11 2025 3:57:26 [SERVER-NAME] info: [32m✅ [Reho App] Email sent successfully: <20251110215727.888be632efa0f298@mg.rehoapp.co.uk>[39m
Tue Nov 11 2025 3:57:26 [SERVER-NAME] info: [32m✅ [Reho App] Email sent successfully: <20251110215728.78984e78bfe8acec@mg.rehoapp.co.uk>[39m
Tue Nov 11 2025 3:57:27 [SERVER-NAME] info: [32m✅ [Reho App] Email sent successfully: <20251110215728.f53d2a72ae5ae8f1@mg.rehoapp.co.uk>[39m
Tue Nov 11 2025 3:57:27 [SERVER-NAME] info: [32m✅ [Reho App] Email sent successfully: <20251110215729.0ba3f2a1b4b0e922@mg.rehoapp.co.uk>[39m
Tue Nov 11 2025 3:57:28 [SERVER-NAME] info: [32m✅ [Reho App] Email sent successfully: <20251110215729.922bb68287d5e4c2@mg.rehoapp.co.uk>[39m
Tue Nov 11 2025 3:57:28 [SERVER-NAME] info: [32m✅ [Reho App] Email sent successfully: <20251110215730.9a37e71f80844197@mg.rehoapp.co.uk>[39m
Tue Nov 11 2025 3:57:29 [SERVER-NAME] info: [32m✅ [Reho App] Email sent successfully: <20251110215730.d51935d6dea8f566@mg.rehoapp.co.uk>[39m
Tue Nov 11 2025 3:57:29 [SERVER-NAME] info: [32m✅ [Reho App] Email sent successfully: <20251110215731.bfa7cf9a009cced8@mg.rehoapp.co.uk>[39m
Tue Nov 11 2025 3:57:30 [SERVER-NAME] info: [32m✅ [Reho App] Email sent successfully: <20251110215731.c9880ff87cbf56b7@mg.rehoapp.co.uk>[39m
Tue Nov 11 2025 3:57:31 [SERVER-NAME] info: [32m✅ [Reho App] Email sent successfully: <20251110215732.90f4bb37eb25a8b7@mg.rehoapp.co.uk>[39m
Tue Nov 11 2025 3:57:31 [SERVER-NAME] info: [32m✅ [Reho App] Email sent successfully: <20251110215733.96deffd7aff6f5f5@mg.rehoapp.co.uk>[39m
Tue Nov 11 2025 3:57:31 [SERVER-NAME] info: [32m✅ [Reho App] Email sent successfully: <20251110215733.51b931bd402e67d3@mg.rehoapp.co.uk>[39m
Tue Nov 11 2025 3:57:32 [SERVER-NAME] info: [32m✅ [Reho App] Email sent successfully: <20251110215733.a955b7349ba45c06@mg.rehoapp.co.uk>[39m
Tue Nov 11 2025 3:57:32 [SERVER-NAME] info: [32m✅ [Reho App] Email sent successfully: <20251110215734.47080b2b6f81628d@mg.rehoapp.co.uk>[39m
Tue Nov 11 2025 3:57:33 [SERVER-NAME] info: [32m✅ [Reho App] Email sent successfully: <20251110215734.165d5d4c00e6b04f@mg.rehoapp.co.uk>[39m
Tue Nov 11 2025 3:57:33 [SERVER-NAME] info: [32m✅ [Reho App] Email sent successfully: <20251110215735.7a02cdbaa1d4c956@mg.rehoapp.co.uk>[39m
Tue Nov 11 2025 3:57:51 [SERVER-NAME] info: [32m✅ [Reho App] Email sent successfully: <20251110215753.044db9dbb8d55ff9@mg.rehoapp.co.uk>[39m
Tue Nov 11 2025 3:57:52 [SERVER-NAME] info: [32m✅ [Reho App] Email sent successfully: <20251110215753.928b3a5477fadb89@mg.rehoapp.co.uk>[39m
Tue Nov 11 2025 3:57:52 [SERVER-NAME] info: [32m✅ [Reho App] Email sent successfully: <20251110215754.78dc95eec2ea661a@mg.rehoapp.co.uk>[39m
Tue Nov 11 2025 3:57:52 [SERVER-NAME] info: [32m✅ [Reho App] Email sent successfully: <20251110215754.42452f26aca1e017@mg.rehoapp.co.uk>[39m
Tue Nov 11 2025 3:57:53 [SERVER-NAME] info: [32m✅ [Reho App] Email sent successfully: <20251110215754.d2fa469b827debcf@mg.rehoapp.co.uk>[39m
Tue Nov 11 2025 3:57:53 [SERVER-NAME] info: [32m✅ [Reho App] Email sent successfully: <20251110215755.a7c071070ceae526@mg.rehoapp.co.uk>[39m
Tue Nov 11 2025 3:57:54 [SERVER-NAME] info: [32m✅ [Reho App] Email sent successfully: <20251110215755.2cc922a02b834525@mg.rehoapp.co.uk>[39m
Tue Nov 11 2025 3:57:54 [SERVER-NAME] info: [32m✅ [Reho App] Email sent successfully: <20251110215756.632981bc499f7b28@mg.rehoapp.co.uk>[39m
Tue Nov 11 2025 3:57:55 [SERVER-NAME] info: [32m✅ [Reho App] Email sent successfully: <20251110215756.ed81f0f598bbd8fb@mg.rehoapp.co.uk>[39m
Tue Nov 11 2025 3:57:55 [SERVER-NAME] info: [32m✅ [Reho App] Email sent successfully: <20251110215757.9c1017cf7ad30e86@mg.rehoapp.co.uk>[39m
Tue Nov 11 2025 3:57:56 [SERVER-NAME] info: [32m✅ [Reho App] Email sent successfully: <20251110215757.4641a08de492294f@mg.rehoapp.co.uk>[39m
Tue Nov 11 2025 3:57:56 [SERVER-NAME] info: [32m✅ [Reho App] Email sent successfully: <20251110215758.ff41210ca0538162@mg.rehoapp.co.uk>[39m
Tue Nov 11 2025 3:57:57 [SERVER-NAME] info: [32m✅ [Reho App] Email sent successfully: <20251110215758.801f2baf58fface8@mg.rehoapp.co.uk>[39m
Tue Nov 11 2025 3:57:57 [SERVER-NAME] info: [32m✅ [Reho App] Email sent successfully: <20251110215759.9a62bb4d92eca615@mg.rehoapp.co.uk>[39m
Tue Nov 11 2025 3:57:57 [SERVER-NAME] info: [32m✅ [Reho App] Email sent successfully: <20251110215759.b8da7d9c6f1eca8e@mg.rehoapp.co.uk>[39m
Tue Nov 11 2025 3:57:58 [SERVER-NAME] info: [32m✅ [Reho App] Email sent successfully: <20251110215800.5166e837e2c649b7@mg.rehoapp.co.uk>[39m
Tue Nov 11 2025 3:58:0 [SERVER-NAME] info: [32m✅ [Reho App] Email sent successfully: <20251110215802.48b91200eb20f5b5@mg.rehoapp.co.uk>[39m
Tue Nov 11 2025 3:58:1 [SERVER-NAME] info: [32m✅ [Reho App] Email sent successfully: <20251110215802.3e1cb640d7138d3f@mg.rehoapp.co.uk>[39m
Tue Nov 11 2025 3:58:1 [SERVER-NAME] info: [32m✅ [Reho App] Email sent successfully: <20251110215802.1a54fadcd2348a6f@mg.rehoapp.co.uk>[39m
Tue Nov 11 2025 3:58:1 [SERVER-NAME] info: [32m✅ [Reho App] Email sent successfully: <20251110215803.7e7c63261d0d243e@mg.rehoapp.co.uk>[39m
Tue Nov 11 2025 3:58:2 [SERVER-NAME] info: [32m✅ [Reho App] Email sent successfully: <20251110215803.de665d76dba2c533@mg.rehoapp.co.uk>[39m
Tue Nov 11 2025 3:58:2 [SERVER-NAME] info: [32m✅ [Reho App] Email sent successfully: <20251110215804.30896872921c02f6@mg.rehoapp.co.uk>[39m
Tue Nov 11 2025 3:58:3 [SERVER-NAME] info: [32m✅ [Reho App] Email sent successfully: <20251110215804.b6bcacd0dbe472ef@mg.rehoapp.co.uk>[39m
Tue Nov 11 2025 3:58:3 [SERVER-NAME] info: [32m✅ [Reho App] Email sent successfully: <20251110215805.2e3851c07bdaa75b@mg.rehoapp.co.uk>[39m
Tue Nov 11 2025 3:58:4 [SERVER-NAME] info: [32m✅ [Reho App] Email sent successfully: <20251110215805.7243d84114cd5ea0@mg.rehoapp.co.uk>[39m
Tue Nov 11 2025 3:58:21 [SERVER-NAME] info: [32m✅ [Reho App] Email sent successfully: <20251110215823.dd15692eaf93a9f2@mg.rehoapp.co.uk>[39m
Tue Nov 11 2025 3:58:22 [SERVER-NAME] info: [32m✅ [Reho App] Email sent successfully: <20251110215823.c105ba38e7861bd7@mg.rehoapp.co.uk>[39m
Tue Nov 11 2025 3:58:22 [SERVER-NAME] info: [32m✅ [Reho App] Email sent successfully: <20251110215824.dd0d1d620c2c8181@mg.rehoapp.co.uk>[39m
Tue Nov 11 2025 3:58:23 [SERVER-NAME] info: [32m✅ [Reho App] Email sent successfully: <20251110215824.dd54b845789e9bf4@mg.rehoapp.co.uk>[39m
Tue Nov 11 2025 3:58:23 [SERVER-NAME] info: [32m✅ [Reho App] Email sent successfully: <20251110215825.073e1696f12ad245@mg.rehoapp.co.uk>[39m
Tue Nov 11 2025 3:58:23 [SERVER-NAME] info: [32m✅ [Reho App] Email sent successfully: <20251110215825.2bb4ce49ea9377db@mg.rehoapp.co.uk>[39m
Tue Nov 11 2025 3:58:24 [SERVER-NAME] info: [32m✅ [Reho App] Email sent successfully: <20251110215825.975a25ef901dd6fa@mg.rehoapp.co.uk>[39m
Tue Nov 11 2025 3:58:24 [SERVER-NAME] info: [32m✅ [Reho App] Email sent successfully: <20251110215826.615004545225bca4@mg.rehoapp.co.uk>[39m
Tue Nov 11 2025 3:58:25 [SERVER-NAME] info: [32m✅ [Reho App] Email sent successfully: <20251110215826.020943ee0c8313d7@mg.rehoapp.co.uk>[39m
Tue Nov 11 2025 3:58:25 [SERVER-NAME] info: [32m✅ [Reho App] Email sent successfully: <20251110215827.3aa3192bf6085955@mg.rehoapp.co.uk>[39m
Tue Nov 11 2025 3:58:26 [SERVER-NAME] info: [32m✅ [Reho App] Email sent successfully: <20251110215827.d6e27ac0538be1ab@mg.rehoapp.co.uk>[39m
Tue Nov 11 2025 3:58:26 [SERVER-NAME] info: [32m✅ [Reho App] Email sent successfully: <20251110215828.1592c5519e49b541@mg.rehoapp.co.uk>[39m
Tue Nov 11 2025 3:58:27 [SERVER-NAME] info: [32m✅ [Reho App] Email sent successfully: <20251110215828.971caa4a3c00dda7@mg.rehoapp.co.uk>[39m
Tue Nov 11 2025 3:58:27 [SERVER-NAME] info: [32m✅ [Reho App] Email sent successfully: <20251110215829.3a92d85c915cc0e7@mg.rehoapp.co.uk>[39m
Tue Nov 11 2025 3:58:28 [SERVER-NAME] info: [32m✅ [Reho App] Email sent successfully: <20251110215829.f2cf0065c8c81c8e@mg.rehoapp.co.uk>[39m
Tue Nov 11 2025 3:58:28 [SERVER-NAME] info: [32m✅ [Reho App] Email sent successfully: <20251110215830.089ee5b27474f5ee@mg.rehoapp.co.uk>[39m
Tue Nov 11 2025 3:58:30 [SERVER-NAME] info: [32m✅ [Reho App] Email sent successfully: <20251110215832.4e49dddbca8e3a08@mg.rehoapp.co.uk>[39m
Tue Nov 11 2025 3:58:31 [SERVER-NAME] info: [32m✅ [Reho App] Email sent successfully: <20251110215832.d116643609d846bc@mg.rehoapp.co.uk>[39m
Tue Nov 11 2025 3:58:31 [SERVER-NAME] info: [32m✅ [Reho App] Email sent successfully: <20251110215832.0828529dd54fb114@mg.rehoapp.co.uk>[39m
Tue Nov 11 2025 3:58:31 [SERVER-NAME] info: [32m✅ [Reho App] Email sent successfully: <20251110215833.22d969d65cb0e75c@mg.rehoapp.co.uk>[39m
Tue Nov 11 2025 3:58:32 [SERVER-NAME] info: [32m✅ [Reho App] Email sent successfully: <20251110215833.f76b2bf41365011c@mg.rehoapp.co.uk>[39m
Tue Nov 11 2025 3:58:32 [SERVER-NAME] info: [32m✅ [Reho App] Email sent successfully: <20251110215834.8fa5f53e1f092280@mg.rehoapp.co.uk>[39m
Tue Nov 11 2025 3:58:33 [SERVER-NAME] info: [32m✅ [Reho App] Email sent successfully: <20251110215834.ab203e31f52d80d3@mg.rehoapp.co.uk>[39m
Tue Nov 11 2025 3:58:33 [SERVER-NAME] info: [32m✅ [Reho App] Email sent successfully: <20251110215835.3bbe87e01c263a3c@mg.rehoapp.co.uk>[39m
Tue Nov 11 2025 3:58:34 [SERVER-NAME] info: [32m✅ [Reho App] Email sent successfully: <20251110215835.7f6c37e5c156f52b@mg.rehoapp.co.uk>[39m
Tue Nov 11 2025 3:58:47 [SERVER-NAME] info: [32mConfig validation successful.[39m
Tue Nov 11 2025 3:58:48 [SERVER-NAME] info: [46m🚀 Database connected successfully[49m
Tue Nov 11 2025 3:58:49 [SERVER-NAME] info: [33m♻️  Application & Socket listening on http://0.0.0.0:5000 or http://localhost:5000 in development mode[39m
Tue Nov 11 2025 3:58:51 [SERVER-NAME] info: [32mConfig validation successful.[39m
Tue Nov 11 2025 3:58:52 [SERVER-NAME] info: [46m🚀 Database connected successfully[49m
Tue Nov 11 2025 3:58:52 [SERVER-NAME] info: [33m♻️  Application & Socket listening on http://0.0.0.0:5000 or http://localhost:5000 in development mode[39m
Tue Nov 11 2025 3:59:6 [SERVER-NAME] info: [32mConfig validation successful.[39m
Tue Nov 11 2025 3:59:6 [SERVER-NAME] info: [46m🚀 Database connected successfully[49m
Tue Nov 11 2025 3:59:6 [SERVER-NAME] info: [33m♻️  Application & Socket listening on http://0.0.0.0:5000 or http://localhost:5000 in development mode[39m
Tue Nov 11 2025 3:59:15 [SERVER-NAME] info: [32mConfig validation successful.[39m
Tue Nov 11 2025 3:59:16 [SERVER-NAME] info: [46m🚀 Database connected successfully[49m
Tue Nov 11 2025 3:59:16 [SERVER-NAME] info: [33m♻️  Application & Socket listening on http://0.0.0.0:5000 or http://localhost:5000 in development mode[39m
Tue Nov 11 2025 3:59:42 [SERVER-NAME] info: [32mConfig validation successful.[39m
Tue Nov 11 2025 3:59:43 [SERVER-NAME] info: [46m🚀 Database connected successfully[49m
Tue Nov 11 2025 3:59:43 [SERVER-NAME] info: [33m♻️  Application & Socket listening on http://0.0.0.0:5000 or http://localhost:5000 in development mode[39m
