Fri Dec 12 2025 19:22:19 [SERVER-NAME] info: GET /api/v1/notifications/ 304 - 460.674 ms
Fri Dec 12 2025 19:22:19 [SERVER-NAME] info: GET /api/v1/analytics/ 304 - 608.286 ms
Fri Dec 12 2025 19:22:19 [SERVER-NAME] info: GET /api/v1/analytics/user-last-update 304 - 753.564 ms
Fri Dec 12 2025 19:22:22 [SERVER-NAME] info: GET /api/v1/saving-goals/ 304 - 307.436 ms
Fri Dec 12 2025 19:22:50 [SERVER-NAME] info: POST /api/v1/saving-goals/ 201 - 322.749 ms
Fri Dec 12 2025 19:22:51 [SERVER-NAME] info: GET /api/v1/saving-goals/ 200 - 303.272 ms
Fri Dec 12 2025 19:23:51 [SERVER-NAME] info: GET /api/v1/analytics/ 200 - 594.358 ms
Fri Dec 12 2025 19:23:51 [SERVER-NAME] info: GET /api/v1/analytics/user-last-update 304 - 751.253 ms
Fri Dec 12 2025 19:23:53 [SERVER-NAME] info: GET /api/v1/saving-goals/ 304 - 303.531 ms
Fri Dec 12 2025 19:25:16 [SERVER-NAME] info: GET /api/v1/analytics/ 304 - 605.472 ms
Fri Dec 12 2025 19:25:17 [SERVER-NAME] info: GET /api/v1/analytics/user-last-update 304 - 744.279 ms
Fri Dec 12 2025 19:25:18 [SERVER-NAME] info: GET /api/v1/budgets/type 304 - 299.452 ms
Fri Dec 12 2025 19:25:23 [SERVER-NAME] info: POST /api/v1/budgets/ 201 - 312.527 ms
Fri Dec 12 2025 19:25:24 [SERVER-NAME] info: GET /api/v1/budgets/type 200 - 298.498 ms
Fri Dec 12 2025 19:25:28 [SERVER-NAME] info: GET /api/v1/budgets/type 304 - 298.901 ms
Fri Dec 12 2025 19:25:33 [SERVER-NAME] info: GET /api/v1/budgets/type 304 - 298.991 ms
Fri Dec 12 2025 19:28:42 [SERVER-NAME] info: GET /api/v1/analytics/ 200 - 600.418 ms
Fri Dec 12 2025 19:28:42 [SERVER-NAME] info: GET /api/v1/analytics/user-last-update 304 - 757.152 ms
Fri Dec 12 2025 19:28:48 [SERVER-NAME] info: GET /api/v1/incomes/ 304 - 307.695 ms
Fri Dec 12 2025 19:37:51 [SERVER-NAME] info: GET / 200 - 0.644 ms
Fri Dec 12 2025 19:51:16 [SERVER-NAME] info: GET / 200 - 0.332 ms
Fri Dec 12 2025 19:51:18 [SERVER-NAME] info: GET / 200 - 0.310 ms
