Sat Dec 13 2025 21:0:16 [SERVER-NAME] info: GET /api/v1/contents/ 304 - 452.129 ms
Sat Dec 13 2025 21:0:53 [SERVER-NAME] info: GET /api/v1/notifications/ 304 - 452.760 ms
Sat Dec 13 2025 21:0:55 [SERVER-NAME] info: GET /api/v1/analytics/ 304 - 606.750 ms
Sat Dec 13 2025 21:0:55 [SERVER-NAME] info: GET /api/v1/analytics/user-last-update 304 - 764.258 ms
Sat Dec 13 2025 21:1:42 [SERVER-NAME] info: GET /api/v1/notifications/ 304 - 457.160 ms
Sat Dec 13 2025 21:1:43 [SERVER-NAME] info: GET /api/v1/analytics/ 304 - 605.479 ms
Sat Dec 13 2025 21:1:43 [SERVER-NAME] info: GET /api/v1/analytics/user-last-update 304 - 749.998 ms
Sat Dec 13 2025 21:2:48 [SERVER-NAME] info: GET /api/v1/notifications/ 304 - 452.355 ms
Sat Dec 13 2025 21:2:48 [SERVER-NAME] info: GET /api/v1/analytics/ 304 - 604.422 ms
Sat Dec 13 2025 21:2:48 [SERVER-NAME] info: GET /api/v1/analytics/user-last-update 304 - 751.677 ms
Sat Dec 13 2025 21:5:7 [SERVER-NAME] info: GET /api/v1/notifications/ 304 - 453.871 ms
Sat Dec 13 2025 21:5:8 [SERVER-NAME] info: GET /api/v1/analytics/ 304 - 604.238 ms
Sat Dec 13 2025 21:5:8 [SERVER-NAME] info: GET /api/v1/analytics/user-last-update 304 - 757.762 ms
Sat Dec 13 2025 21:5:15 [SERVER-NAME] info: GET /api/v1/contents/ 304 - 451.315 ms
Sat Dec 13 2025 21:5:46 [SERVER-NAME] info: POST /api/v1/auth/login 200 - 641.430 ms
Sat Dec 13 2025 21:5:47 [SERVER-NAME] info: GET /api/v1/notifications/ 304 - 448.650 ms
Sat Dec 13 2025 21:5:47 [SERVER-NAME] info: GET /api/v1/analytics/ 200 - 603.734 ms
Sat Dec 13 2025 21:5:47 [SERVER-NAME] info: GET /api/v1/analytics/user-last-update 304 - 750.241 ms
Sat Dec 13 2025 21:10:9 [SERVER-NAME] info: GET /api/v1/notifications/ 304 - 451.580 ms
Sat Dec 13 2025 21:10:9 [SERVER-NAME] info: GET /api/v1/analytics/ 304 - 601.728 ms
Sat Dec 13 2025 21:10:10 [SERVER-NAME] info: GET /api/v1/analytics/user-last-update 304 - 753.413 ms
Sat Dec 13 2025 21:10:46 [SERVER-NAME] info: GET /api/v1/analytics/ 304 - 609.873 ms
Sat Dec 13 2025 21:10:46 [SERVER-NAME] info: GET /api/v1/notifications/ 304 - 451.617 ms
Sat Dec 13 2025 21:10:47 [SERVER-NAME] info: GET /api/v1/analytics/user-last-update 304 - 752.990 ms
Sat Dec 13 2025 21:11:38 [SERVER-NAME] info: GET /api/v1/notifications/ 304 - 452.546 ms
Sat Dec 13 2025 21:11:38 [SERVER-NAME] info: GET /api/v1/analytics/ 304 - 596.441 ms
Sat Dec 13 2025 21:11:38 [SERVER-NAME] info: GET /api/v1/analytics/user-last-update 304 - 744.141 ms
Sat Dec 13 2025 21:14:58 [SERVER-NAME] info: GET /api/v1/notifications/ 304 - 445.938 ms
Sat Dec 13 2025 21:14:58 [SERVER-NAME] info: GET /api/v1/analytics/ 304 - 596.039 ms
Sat Dec 13 2025 21:14:58 [SERVER-NAME] info: GET /api/v1/analytics/user-last-update 304 - 742.810 ms
Sat Dec 13 2025 21:15:30 [SERVER-NAME] info: GET /api/v1/notifications/ 304 - 448.083 ms
Sat Dec 13 2025 21:15:30 [SERVER-NAME] info: GET /api/v1/analytics/ 304 - 595.284 ms
Sat Dec 13 2025 21:15:30 [SERVER-NAME] info: GET /api/v1/analytics/user-last-update 304 - 747.651 ms
Sat Dec 13 2025 21:15:40 [SERVER-NAME] info: GET /api/v1/notifications/ 304 - 446.325 ms
Sat Dec 13 2025 21:15:40 [SERVER-NAME] info: GET /api/v1/analytics/ 304 - 602.779 ms
Sat Dec 13 2025 21:15:40 [SERVER-NAME] info: GET /api/v1/analytics/user-last-update 304 - 743.650 ms
Sat Dec 13 2025 21:15:53 [SERVER-NAME] info: GET /api/v1/notifications/ 304 - 446.408 ms
Sat Dec 13 2025 21:15:53 [SERVER-NAME] info: GET /api/v1/analytics/ 304 - 599.048 ms
Sat Dec 13 2025 21:15:53 [SERVER-NAME] info: GET /api/v1/analytics/user-last-update 304 - 749.524 ms
Sat Dec 13 2025 21:16:57 [SERVER-NAME] info: GET /api/v1/notifications/ 304 - 451.730 ms
Sat Dec 13 2025 21:16:58 [SERVER-NAME] info: GET /api/v1/analytics/ 304 - 606.294 ms
Sat Dec 13 2025 21:16:58 [SERVER-NAME] info: GET /api/v1/analytics/user-last-update 304 - 749.222 ms
Sat Dec 13 2025 21:17:44 [SERVER-NAME] info: GET /api/v1/analytics/ 304 - 617.167 ms
Sat Dec 13 2025 21:17:44 [SERVER-NAME] info: GET /api/v1/notifications/ 304 - 462.266 ms
Sat Dec 13 2025 21:17:44 [SERVER-NAME] info: GET /api/v1/analytics/user-last-update 304 - 761.750 ms
Sat Dec 13 2025 21:18:5 [SERVER-NAME] info: GET /api/v1/analytics/ 304 - 605.174 ms
Sat Dec 13 2025 21:18:5 [SERVER-NAME] info: GET /api/v1/notifications/ 304 - 452.813 ms
Sat Dec 13 2025 21:18:5 [SERVER-NAME] info: GET /api/v1/analytics/user-last-update 304 - 754.406 ms
Sat Dec 13 2025 21:18:15 [SERVER-NAME] info: GET /api/v1/notifications/ 304 - 449.506 ms
Sat Dec 13 2025 21:18:15 [SERVER-NAME] info: GET /api/v1/analytics/ 304 - 601.312 ms
Sat Dec 13 2025 21:18:15 [SERVER-NAME] info: GET /api/v1/analytics/user-last-update 304 - 749.889 ms
Sat Dec 13 2025 21:18:59 [SERVER-NAME] info: GET / 200 - 0.875 ms
Sat Dec 13 2025 21:19:6 [SERVER-NAME] info: GET /api/v1/analytics/ 304 - 606.921 ms
Sat Dec 13 2025 21:19:6 [SERVER-NAME] info: GET /api/v1/notifications/ 304 - 452.547 ms
Sat Dec 13 2025 21:19:6 [SERVER-NAME] info: GET /api/v1/analytics/user-last-update 304 - 749.614 ms
Sat Dec 13 2025 21:19:53 [SERVER-NAME] info: GET /api/v1/notifications/ 304 - 450.318 ms
Sat Dec 13 2025 21:19:53 [SERVER-NAME] info: GET /api/v1/analytics/ 304 - 600.469 ms
Sat Dec 13 2025 21:19:53 [SERVER-NAME] info: GET /api/v1/analytics/user-last-update 304 - 748.317 ms
Sat Dec 13 2025 21:21:11 [SERVER-NAME] info: GET /api/v1/notifications/ 304 - 455.158 ms
Sat Dec 13 2025 21:21:11 [SERVER-NAME] info: GET /api/v1/analytics/ 304 - 620.446 ms
Sat Dec 13 2025 21:21:11 [SERVER-NAME] info: GET /api/v1/analytics/user-last-update 304 - 763.177 ms
Sat Dec 13 2025 21:23:30 [SERVER-NAME] info: GET /api/v1/notifications/ 304 - 454.106 ms
Sat Dec 13 2025 21:23:30 [SERVER-NAME] info: GET /api/v1/analytics/ 304 - 619.886 ms
Sat Dec 13 2025 21:23:30 [SERVER-NAME] info: GET /api/v1/analytics/user-last-update 304 - 752.617 ms
Sat Dec 13 2025 21:24:9 [SERVER-NAME] info: GET /api/v1/analytics/ 304 - 604.395 ms
Sat Dec 13 2025 21:24:9 [SERVER-NAME] info: GET /api/v1/notifications/ 304 - 452.875 ms
Sat Dec 13 2025 21:24:9 [SERVER-NAME] info: GET /api/v1/analytics/user-last-update 304 - 760.458 ms
Sat Dec 13 2025 21:24:33 [SERVER-NAME] info: GET /api/v1/notifications/ 304 - 451.603 ms
Sat Dec 13 2025 21:24:33 [SERVER-NAME] info: GET /api/v1/analytics/ 304 - 617.333 ms
Sat Dec 13 2025 21:24:33 [SERVER-NAME] info: GET /api/v1/analytics/user-last-update 304 - 753.211 ms
Sat Dec 13 2025 21:28:32 [SERVER-NAME] info: GET /api/v1/notifications/ 304 - 446.269 ms
Sat Dec 13 2025 21:28:32 [SERVER-NAME] info: GET /api/v1/analytics/ 304 - 596.921 ms
Sat Dec 13 2025 21:28:32 [SERVER-NAME] info: GET /api/v1/analytics/user-last-update 304 - 746.839 ms
Sat Dec 13 2025 21:33:11 [SERVER-NAME] info: GET /api/v1/notifications/ 304 - 460.649 ms
Sat Dec 13 2025 21:33:11 [SERVER-NAME] info: GET /api/v1/analytics/ 304 - 606.570 ms
Sat Dec 13 2025 21:33:11 [SERVER-NAME] info: GET /api/v1/analytics/user-last-update 304 - 747.833 ms
Sat Dec 13 2025 21:35:23 [SERVER-NAME] info: GET /api/v1/notifications/ 304 - 448.917 ms
Sat Dec 13 2025 21:35:23 [SERVER-NAME] info: GET /api/v1/analytics/ 304 - 598.779 ms
Sat Dec 13 2025 21:35:23 [SERVER-NAME] info: GET /api/v1/analytics/user-last-update 304 - 748.564 ms
Sat Dec 13 2025 21:35:40 [SERVER-NAME] info: GET /api/v1/analytics/ 304 - 607.045 ms
Sat Dec 13 2025 21:35:40 [SERVER-NAME] info: GET /api/v1/notifications/ 304 - 448.647 ms
Sat Dec 13 2025 21:35:40 [SERVER-NAME] info: GET /api/v1/analytics/user-last-update 304 - 759.800 ms
Sat Dec 13 2025 21:36:23 [SERVER-NAME] info: GET /api/v1/notifications/ 304 - 437.880 ms
Sat Dec 13 2025 21:36:23 [SERVER-NAME] info: GET /api/v1/analytics/ 304 - 583.883 ms
Sat Dec 13 2025 21:36:23 [SERVER-NAME] info: GET /api/v1/analytics/user-last-update 304 - 730.120 ms
Sat Dec 13 2025 21:37:17 [SERVER-NAME] info: GET /api/v1/budgets/type 200 - 295.654 ms
Sat Dec 13 2025 21:37:18 [SERVER-NAME] info: GET /api/v1/analytics/ 304 - 586.899 ms
Sat Dec 13 2025 21:37:18 [SERVER-NAME] info: GET /api/v1/analytics/user-last-update 304 - 727.230 ms
Sat Dec 13 2025 21:37:24 [SERVER-NAME] info: GET /api/v1/saving-goals/ 200 - 293.315 ms
Sat Dec 13 2025 21:37:30 [SERVER-NAME] info: GET /api/v1/analytics/ 304 - 584.878 ms
Sat Dec 13 2025 21:37:30 [SERVER-NAME] info: GET /api/v1/analytics/user-last-update 304 - 731.906 ms
Sat Dec 13 2025 21:37:38 [SERVER-NAME] info: GET /api/v1/analytics/ 304 - 601.977 ms
Sat Dec 13 2025 21:37:38 [SERVER-NAME] info: GET /api/v1/notifications/ 304 - 439.317 ms
Sat Dec 13 2025 21:37:38 [SERVER-NAME] info: GET /api/v1/analytics/user-last-update 304 - 733.291 ms
Sat Dec 13 2025 21:38:47 [SERVER-NAME] info: GET /api/v1/analytics/ 304 - 585.961 ms
Sat Dec 13 2025 21:38:47 [SERVER-NAME] info: GET /api/v1/notifications/ 304 - 442.901 ms
Sat Dec 13 2025 21:38:47 [SERVER-NAME] info: GET /api/v1/analytics/user-last-update 304 - 732.627 ms
Sat Dec 13 2025 21:39:33 [SERVER-NAME] info: GET /api/v1/notifications/ 304 - 437.607 ms
Sat Dec 13 2025 21:39:33 [SERVER-NAME] info: GET /api/v1/analytics/ 304 - 585.712 ms
Sat Dec 13 2025 21:39:33 [SERVER-NAME] info: GET /api/v1/analytics/user-last-update 304 - 730.284 ms
Sat Dec 13 2025 21:39:57 [SERVER-NAME] info: GET /api/v1/notifications/ 304 - 438.668 ms
Sat Dec 13 2025 21:39:57 [SERVER-NAME] info: GET /api/v1/analytics/ 304 - 588.586 ms
Sat Dec 13 2025 21:39:58 [SERVER-NAME] info: GET /api/v1/analytics/user-last-update 304 - 730.847 ms
Sat Dec 13 2025 21:40:36 [SERVER-NAME] info: POST /api/v1/auth/login 200 - 640.978 ms
Sat Dec 13 2025 21:40:37 [SERVER-NAME] info: GET /api/v1/notifications/ 304 - 447.907 ms
Sat Dec 13 2025 21:40:37 [SERVER-NAME] info: GET /api/v1/analytics/ 200 - 589.734 ms
Sat Dec 13 2025 21:40:37 [SERVER-NAME] info: GET /api/v1/analytics/user-last-update 304 - 742.306 ms
Sat Dec 13 2025 21:42:24 [SERVER-NAME] info: GET /api/v1/notifications/ 304 - 461.054 ms
Sat Dec 13 2025 21:42:24 [SERVER-NAME] info: GET /api/v1/analytics/ 304 - 609.903 ms
Sat Dec 13 2025 21:42:24 [SERVER-NAME] info: GET /api/v1/analytics/user-last-update 304 - 759.852 ms
Sat Dec 13 2025 21:42:59 [SERVER-NAME] info: POST /api/v1/auth/login 200 - 644.559 ms
Sat Dec 13 2025 21:43:0 [SERVER-NAME] info: GET /api/v1/notifications/ 304 - 445.343 ms
Sat Dec 13 2025 21:43:0 [SERVER-NAME] info: GET /api/v1/analytics/ 200 - 604.081 ms
Sat Dec 13 2025 21:43:0 [SERVER-NAME] info: GET /api/v1/analytics/user-last-update 304 - 766.235 ms
Sat Dec 13 2025 21:52:47 [SERVER-NAME] info: POST /api/v1/auth/login 200 - 687.098 ms
Sat Dec 13 2025 21:52:48 [SERVER-NAME] info: GET /api/v1/notifications/ 200 - 446.440 ms
Sat Dec 13 2025 21:52:48 [SERVER-NAME] info: GET /api/v1/analytics/ 200 - 601.758 ms
Sat Dec 13 2025 21:52:48 [SERVER-NAME] info: GET /api/v1/analytics/user-last-update 200 - 749.975 ms
Sat Dec 13 2025 21:53:53 [SERVER-NAME] info: GET /api/v1/notifications/ 304 - 453.589 ms
Sat Dec 13 2025 21:53:53 [SERVER-NAME] info: GET /api/v1/analytics/ 304 - 600.705 ms
Sat Dec 13 2025 21:53:54 [SERVER-NAME] info: GET /api/v1/analytics/user-last-update 304 - 741.125 ms
Sat Dec 13 2025 21:56:56 [SERVER-NAME] info: GET /api/v1/analytics/ 304 - 589.144 ms
Sat Dec 13 2025 21:56:56 [SERVER-NAME] info: GET /api/v1/analytics/user-last-update 304 - 742.791 ms
