Sat Dec 13 2025 18:8:40 [SERVER-NAME] info: POST /api/v1/auth/login 200 - 643.249 ms
Sat Dec 13 2025 18:11:22 [SERVER-NAME] info: GET /api/v1/notifications/ 304 - 477.256 ms
Sat Dec 13 2025 18:11:22 [SERVER-NAME] info: GET /api/v1/analytics/ 200 - 608.219 ms
Sat Dec 13 2025 18:11:22 [SERVER-NAME] info: GET /api/v1/analytics/user-last-update 304 - 739.019 ms
Sat Dec 13 2025 18:18:44 [SERVER-NAME] info: GET / 200 - 0.335 ms
Sat Dec 13 2025 18:35:52 [SERVER-NAME] info: POST /api/v1/auth/login 200 - 647.494 ms
Sat Dec 13 2025 18:44:10 [SERVER-NAME] info: GET / 200 - 0.386 ms
Sat Dec 13 2025 18:55:56 [SERVER-NAME] info: OPTIONS /api/v1/users/profile 204 - 0.191 ms
Sat Dec 13 2025 18:55:56 [SERVER-NAME] info: OPTIONS /api/v1/admin/stats?year=2025 204 - 0.081 ms
Sat Dec 13 2025 18:55:56 [SERVER-NAME] info: OPTIONS /api/v1/users?page=1&limit=10 204 - 0.061 ms
Sat Dec 13 2025 18:55:57 [SERVER-NAME] info: GET /api/v1/users/profile 200 - 300.228 ms
Sat Dec 13 2025 18:55:57 [SERVER-NAME] info: GET /api/v1/users?page=1&limit=10 200 - 302.242 ms
Sat Dec 13 2025 18:55:58 [SERVER-NAME] info: GET /api/v1/admin/stats?year=2025 200 - 950.155 ms
Sat Dec 13 2025 18:56:0 [SERVER-NAME] info: OPTIONS /api/v1/users?searchTerm=&status=all&page=1&limit=10 204 - 0.127 ms
Sat Dec 13 2025 18:56:1 [SERVER-NAME] info: GET /api/v1/users?searchTerm=&status=all&page=1&limit=10 200 - 304.766 ms
Sat Dec 13 2025 18:56:30 [SERVER-NAME] info: OPTIONS /api/v1/users?searchTerm=mdr341762%40gmail.com&status=all&page=1&limit=10 204 - 0.090 ms
Sat Dec 13 2025 18:56:31 [SERVER-NAME] info: GET /api/v1/users?searchTerm=mdr341762%40gmail.com&status=all&page=1&limit=10 200 - 302.446 ms
Sat Dec 13 2025 18:56:40 [SERVER-NAME] info: OPTIONS /api/v1/admin/users/finance-track?searchTerm= 204 - 0.081 ms
Sat Dec 13 2025 18:56:41 [SERVER-NAME] info: GET /api/v1/admin/users/finance-track?searchTerm= 200 - 1400.055 ms
Sat Dec 13 2025 18:56:49 [SERVER-NAME] info: OPTIONS /api/v1/admin/users/finance-track?searchTerm=mdr341762%40gmail.com 204 - 0.111 ms
Sat Dec 13 2025 18:56:49 [SERVER-NAME] info: GET /api/v1/admin/users/finance-track?searchTerm=mdr341762%40gmail.com 200 - 304.559 ms
Sat Dec 13 2025 18:56:50 [SERVER-NAME] info: OPTIONS /api/v1/admin/users/finance-track?searchTerm=mdr341762%40gmail.co 204 - 0.260 ms
Sat Dec 13 2025 18:56:51 [SERVER-NAME] info: OPTIONS /api/v1/admin/users/finance-track?searchTerm=mdr341762%40gmail.c 204 - 0.084 ms
Sat Dec 13 2025 18:56:51 [SERVER-NAME] info: GET /api/v1/admin/users/finance-track?searchTerm=mdr341762%40gmail.co 200 - 302.518 ms
Sat Dec 13 2025 18:56:51 [SERVER-NAME] info: OPTIONS /api/v1/admin/users/finance-track?searchTerm=mdr341762%40gmail. 204 - 0.113 ms
Sat Dec 13 2025 18:56:51 [SERVER-NAME] info: OPTIONS /api/v1/admin/users/finance-track?searchTerm=mdr341762%40gmail 204 - 0.214 ms
Sat Dec 13 2025 18:56:51 [SERVER-NAME] info: OPTIONS /api/v1/admin/users/finance-track?searchTerm=mdr341762%40gmai 204 - 0.086 ms
Sat Dec 13 2025 18:56:51 [SERVER-NAME] info: OPTIONS /api/v1/admin/users/finance-track?searchTerm=mdr341762%40gma 204 - 0.121 ms
Sat Dec 13 2025 18:56:51 [SERVER-NAME] info: OPTIONS /api/v1/admin/users/finance-track?searchTerm=mdr341762%40gm 204 - 0.093 ms
Sat Dec 13 2025 18:56:51 [SERVER-NAME] info: OPTIONS /api/v1/admin/users/finance-track?searchTerm=mdr341762%40g 204 - 0.088 ms
Sat Dec 13 2025 18:56:51 [SERVER-NAME] info: OPTIONS /api/v1/admin/users/finance-track?searchTerm=mdr341762%40 204 - 0.090 ms
Sat Dec 13 2025 18:56:51 [SERVER-NAME] info: OPTIONS /api/v1/admin/users/finance-track?searchTerm=mdr341762 204 - 0.077 ms
Sat Dec 13 2025 18:56:51 [SERVER-NAME] info: OPTIONS /api/v1/admin/users/finance-track?searchTerm=mdr34176 204 - 0.084 ms
Sat Dec 13 2025 18:56:51 [SERVER-NAME] info: OPTIONS /api/v1/admin/users/finance-track?searchTerm=mdr3417 204 - 0.117 ms
Sat Dec 13 2025 18:56:51 [SERVER-NAME] info: OPTIONS /api/v1/admin/users/finance-track?searchTerm=mdr341 204 - 0.093 ms
Sat Dec 13 2025 18:56:51 [SERVER-NAME] info: OPTIONS /api/v1/admin/users/finance-track?searchTerm=mdr34 204 - 0.075 ms
Sat Dec 13 2025 18:56:51 [SERVER-NAME] info: OPTIONS /api/v1/admin/users/finance-track?searchTerm=mdr3 204 - 0.077 ms
Sat Dec 13 2025 18:56:51 [SERVER-NAME] info: OPTIONS /api/v1/admin/users/finance-track?searchTerm=mdr 204 - 0.111 ms
Sat Dec 13 2025 18:56:51 [SERVER-NAME] info: OPTIONS /api/v1/admin/users/finance-track?searchTerm=md 204 - 0.080 ms
Sat Dec 13 2025 18:56:51 [SERVER-NAME] info: GET /api/v1/admin/users/finance-track?searchTerm=mdr341762%40gmail.c 200 - 329.122 ms
Sat Dec 13 2025 18:56:51 [SERVER-NAME] info: GET /api/v1/admin/users/finance-track?searchTerm=mdr341762%40gmail. 200 - 322.624 ms
Sat Dec 13 2025 18:56:51 [SERVER-NAME] info: OPTIONS /api/v1/admin/users/finance-track?searchTerm=m 204 - 0.069 ms
Sat Dec 13 2025 18:56:51 [SERVER-NAME] info: GET /api/v1/admin/users/finance-track?searchTerm=mdr341762%40gmail 200 - 300.536 ms
Sat Dec 13 2025 18:56:52 [SERVER-NAME] info: GET /api/v1/admin/users/finance-track?searchTerm=mdr341762%40gma 200 - 329.671 ms
Sat Dec 13 2025 18:56:52 [SERVER-NAME] info: GET /api/v1/admin/users/finance-track?searchTerm=mdr341762%40gm 200 - 340.370 ms
Sat Dec 13 2025 18:56:52 [SERVER-NAME] info: GET /api/v1/admin/users/finance-track?searchTerm=mdr341762%40g 200 - 329.372 ms
Sat Dec 13 2025 18:56:52 [SERVER-NAME] info: GET /api/v1/admin/users/finance-track?searchTerm=mdr341762 200 - 368.567 ms
Sat Dec 13 2025 18:56:52 [SERVER-NAME] info: GET /api/v1/admin/users/finance-track?searchTerm=mdr34176 200 - 320.831 ms
Sat Dec 13 2025 18:56:52 [SERVER-NAME] info: GET /api/v1/admin/users/finance-track?searchTerm=mdr3417 200 - 362.361 ms
Sat Dec 13 2025 18:56:52 [SERVER-NAME] info: GET /api/v1/admin/users/finance-track?searchTerm=mdr341 200 - 380.190 ms
Sat Dec 13 2025 18:56:52 [SERVER-NAME] info: GET /api/v1/admin/users/finance-track?searchTerm=mdr34 200 - 376.889 ms
Sat Dec 13 2025 18:56:52 [SERVER-NAME] info: GET /api/v1/admin/users/finance-track?searchTerm=mdr3 200 - 379.335 ms
Sat Dec 13 2025 18:56:52 [SERVER-NAME] info: GET /api/v1/admin/users/finance-track?searchTerm=mdr 200 - 344.465 ms
Sat Dec 13 2025 18:56:52 [SERVER-NAME] info: GET /api/v1/admin/users/finance-track?searchTerm=md 200 - 396.299 ms
Sat Dec 13 2025 18:56:52 [SERVER-NAME] info: GET /api/v1/admin/users/finance-track?searchTerm=m 200 - 634.679 ms
Sat Dec 13 2025 18:56:52 [SERVER-NAME] info: GET /api/v1/admin/users/finance-track?searchTerm=mdr341762%40gmai 200 - 1226.098 ms
Sat Dec 13 2025 18:56:53 [SERVER-NAME] info: GET /api/v1/admin/users/finance-track?searchTerm=mdr341762%40 200 - 1241.588 ms
Sat Dec 13 2025 18:57:10 [SERVER-NAME] info: GET /api/v1/notifications/ 304 - 472.487 ms
Sat Dec 13 2025 18:57:10 [SERVER-NAME] info: GET /api/v1/analytics/ 200 - 615.062 ms
Sat Dec 13 2025 18:57:10 [SERVER-NAME] info: GET /api/v1/analytics/user-last-update 304 - 783.455 ms
Sat Dec 13 2025 18:57:18 [SERVER-NAME] info: GET /api/v1/incomes/ 304 - 301.576 ms
Sat Dec 13 2025 18:57:32 [SERVER-NAME] info: OPTIONS /api/v1/auth/login 204 - 0.070 ms
Sat Dec 13 2025 18:57:33 [SERVER-NAME] info: POST /api/v1/auth/login 200 - 646.223 ms
Sat Dec 13 2025 18:57:33 [SERVER-NAME] info: OPTIONS /api/v1/admin/stats?year=2025 204 - 0.113 ms
Sat Dec 13 2025 18:57:33 [SERVER-NAME] info: OPTIONS /api/v1/users?page=1&limit=10 204 - 0.098 ms
Sat Dec 13 2025 18:57:34 [SERVER-NAME] info: GET /api/v1/users?page=1&limit=10 304 - 301.191 ms
Sat Dec 13 2025 18:57:35 [SERVER-NAME] info: GET /api/v1/admin/stats?year=2025 304 - 907.779 ms
Sat Dec 13 2025 18:58:8 [SERVER-NAME] info: OPTIONS /api/v1/contents/?page=1 204 - 0.096 ms
Sat Dec 13 2025 18:58:9 [SERVER-NAME] info: GET /api/v1/contents/?page=1 200 - 454.659 ms
Sat Dec 13 2025 18:58:15 [SERVER-NAME] info: OPTIONS /api/v1/contents/6939c6c04947be67edb1e9f2 204 - 0.130 ms
Sat Dec 13 2025 18:58:17 [SERVER-NAME] info: DELETE /api/v1/contents/6939c6c04947be67edb1e9f2 200 - 457.138 ms
Sat Dec 13 2025 18:58:17 [SERVER-NAME] info: DELETE /api/v1/contents/6939c6c04947be67edb1e9f2 200 - 493.827 ms
Sat Dec 13 2025 18:58:17 [SERVER-NAME] info: DELETE /api/v1/contents/6939c6c04947be67edb1e9f2 200 - 455.253 ms
Sat Dec 13 2025 18:58:17 [SERVER-NAME] info: OPTIONS /api/v1/contents/?page=1 204 - 0.243 ms
Sat Dec 13 2025 18:58:18 [SERVER-NAME] info: GET /api/v1/contents/?page=1 200 - 450.332 ms
Sat Dec 13 2025 18:59:28 [SERVER-NAME] info: OPTIONS /api/v1/contents/ 204 - 0.079 ms
Sat Dec 13 2025 18:59:42 [SERVER-NAME] info: OPTIONS /api/v1/contents/ 204 - 0.095 ms
Sat Dec 13 2025 18:59:56 [SERVER-NAME] info: OPTIONS /api/v1/contents/ 204 - 0.114 ms
