Sat Dec 13 2025 22:3:9 [SERVER-NAME] info: GET /api/v1/notifications/ 304 - 453.015 ms
Sat Dec 13 2025 22:3:9 [SERVER-NAME] info: GET /api/v1/analytics/ 304 - 606.078 ms
Sat Dec 13 2025 22:3:9 [SERVER-NAME] info: GET /api/v1/analytics/user-last-update 304 - 752.646 ms
Sat Dec 13 2025 22:6:35 [SERVER-NAME] info: GET /api/v1/notifications/ 304 - 454.900 ms
Sat Dec 13 2025 22:6:35 [SERVER-NAME] info: GET /api/v1/analytics/user-last-update 304 - 751.711 ms
Sat Dec 13 2025 22:6:36 [SERVER-NAME] info: GET /api/v1/analytics/ 304 - 607.132 ms
Sat Dec 13 2025 22:8:42 [SERVER-NAME] info: GET /api/v1/budgets/type 200 - 294.366 ms
Sat Dec 13 2025 22:8:44 [SERVER-NAME] info: GET /api/v1/analytics/ 304 - 588.231 ms
Sat Dec 13 2025 22:8:44 [SERVER-NAME] info: GET /api/v1/analytics/user-last-update 304 - 739.330 ms
Sat Dec 13 2025 22:9:1 [SERVER-NAME] info: GET /api/v1/notifications/ 304 - 439.320 ms
Sat Dec 13 2025 22:9:1 [SERVER-NAME] info: GET /api/v1/analytics/ 200 - 594.543 ms
Sat Dec 13 2025 22:9:1 [SERVER-NAME] info: GET /api/v1/analytics/user-last-update 304 - 729.734 ms
Sat Dec 13 2025 22:9:24 [SERVER-NAME] info: GET /api/v1/notifications/ 304 - 444.105 ms
Sat Dec 13 2025 22:9:24 [SERVER-NAME] info: GET /api/v1/analytics/ 304 - 588.758 ms
Sat Dec 13 2025 22:9:24 [SERVER-NAME] info: GET /api/v1/notifications/ 304 - 438.006 ms
Sat Dec 13 2025 22:9:25 [SERVER-NAME] info: GET /api/v1/analytics/user-last-update 304 - 740.956 ms
Sat Dec 13 2025 22:9:25 [SERVER-NAME] info: GET /api/v1/analytics/ 304 - 597.423 ms
Sat Dec 13 2025 22:9:25 [SERVER-NAME] info: GET /api/v1/analytics/user-last-update 304 - 739.258 ms
Sat Dec 13 2025 22:9:55 [SERVER-NAME] info: GET /api/v1/notifications/ 304 - 442.958 ms
Sat Dec 13 2025 22:9:55 [SERVER-NAME] info: GET /api/v1/analytics/ 304 - 592.521 ms
Sat Dec 13 2025 22:9:55 [SERVER-NAME] info: GET /api/v1/analytics/user-last-update 304 - 734.515 ms
Sat Dec 13 2025 22:9:57 [SERVER-NAME] info: GET /api/v1/notifications/ 304 - 444.018 ms
Sat Dec 13 2025 22:9:57 [SERVER-NAME] info: GET /api/v1/analytics/ 304 - 591.542 ms
Sat Dec 13 2025 22:9:57 [SERVER-NAME] info: GET /api/v1/analytics/user-last-update 304 - 736.287 ms
Sat Dec 13 2025 22:10:6 [SERVER-NAME] info: GET /api/v1/notifications/ 304 - 445.834 ms
Sat Dec 13 2025 22:10:6 [SERVER-NAME] info: GET /api/v1/notifications/ 304 - 445.582 ms
Sat Dec 13 2025 22:10:6 [SERVER-NAME] info: GET /api/v1/analytics/ 304 - 594.159 ms
Sat Dec 13 2025 22:10:6 [SERVER-NAME] info: GET /api/v1/analytics/ 304 - 591.175 ms
Sat Dec 13 2025 22:10:6 [SERVER-NAME] info: GET /api/v1/analytics/user-last-update 304 - 735.978 ms
Sat Dec 13 2025 22:10:6 [SERVER-NAME] info: GET /api/v1/analytics/user-last-update 304 - 737.084 ms
Sat Dec 13 2025 22:10:46 [SERVER-NAME] info: POST /api/v1/auth/login 200 - 653.055 ms
Sat Dec 13 2025 22:10:47 [SERVER-NAME] info: GET /api/v1/analytics/ 200 - 588.424 ms
Sat Dec 13 2025 22:10:47 [SERVER-NAME] info: GET /api/v1/notifications/ 304 - 439.518 ms
Sat Dec 13 2025 22:10:47 [SERVER-NAME] info: GET /api/v1/analytics/user-last-update 304 - 728.770 ms
