Wed Dec 17 2025 18:1:12 [SERVER-NAME] info: GET /api/v1/incomes/?frequency=function%20(a0)%20%7B%20%5Bbytecode%5D%20%7D 304 - 303.097 ms
Wed Dec 17 2025 18:1:12 [SERVER-NAME] info: GET /api/v1/notifications/ 304 - 456.123 ms
Wed Dec 17 2025 18:2:6 [SERVER-NAME] info: GET /api/v1/incomes/ 304 - 307.981 ms
Wed Dec 17 2025 18:2:25 [SERVER-NAME] info: GET /api/v1/incomes/?frequency=monthly 200 - 305.915 ms
Wed Dec 17 2025 18:2:27 [SERVER-NAME] info: GET /api/v1/incomes/ 304 - 306.076 ms
Wed Dec 17 2025 18:2:28 [SERVER-NAME] info: GET /api/v1/incomes/?frequency=monthly 304 - 304.572 ms
Wed Dec 17 2025 18:2:30 [SERVER-NAME] info: GET /api/v1/incomes/?frequency=yearly 200 - 303.910 ms
Wed Dec 17 2025 18:2:32 [SERVER-NAME] info: GET /api/v1/incomes/ 304 - 341.693 ms
Wed Dec 17 2025 18:2:37 [SERVER-NAME] info: GET /api/v1/incomes/?frequency=yearly 304 - 308.766 ms
Wed Dec 17 2025 18:2:48 [SERVER-NAME] info: GET /api/v1/incomes/?frequency=yearly 200 - 304.733 ms
Wed Dec 17 2025 18:3:0 [SERVER-NAME] info: GET /api/v1/incomes/?frequency=monthly 200 - 305.043 ms
Wed Dec 17 2025 18:3:3 [SERVER-NAME] info: GET /api/v1/incomes/?frequency=monthly 304 - 301.965 ms
Wed Dec 17 2025 18:3:8 [SERVER-NAME] info: GET /api/v1/incomes/ 200 - 301.001 ms
Wed Dec 17 2025 18:4:16 [SERVER-NAME] info: GET /api/v1/incomes/?frequency=yearly 304 - 301.193 ms
Wed Dec 17 2025 18:4:17 [SERVER-NAME] info: GET /api/v1/incomes/?frequency=monthly 304 - 301.171 ms
Wed Dec 17 2025 18:4:19 [SERVER-NAME] info: GET /api/v1/incomes/?frequency=yearly 304 - 301.279 ms
Wed Dec 17 2025 18:4:21 [SERVER-NAME] info: GET /api/v1/incomes/?frequency=on-off 200 - 302.470 ms
Wed Dec 17 2025 18:4:22 [SERVER-NAME] info: GET /api/v1/incomes/?frequency=monthly 304 - 301.347 ms
Wed Dec 17 2025 18:5:9 [SERVER-NAME] info: GET /api/v1/budgets/type 304 - 301.284 ms
Wed Dec 17 2025 18:5:10 [SERVER-NAME] info: GET /api/v1/incomes/?frequency=monthly 304 - 300.998 ms
Wed Dec 17 2025 18:5:15 [SERVER-NAME] info: GET /api/v1/analytics/ 304 - 604.528 ms
Wed Dec 17 2025 18:5:15 [SERVER-NAME] info: GET /api/v1/analytics/user-last-update 304 - 760.532 ms
Wed Dec 17 2025 18:5:15 [SERVER-NAME] info: GET /api/v1/expenses/ 304 - 306.993 ms
Wed Dec 17 2025 18:5:39 [SERVER-NAME] info: GET /api/v1/expenses 200 - 305.583 ms
Wed Dec 17 2025 18:5:47 [SERVER-NAME] info: GET /api/v1/expenses?frequency=yearly 200 - 305.207 ms
Wed Dec 17 2025 18:5:54 [SERVER-NAME] info: GET /api/v1/expenses 200 - 304.783 ms
Wed Dec 17 2025 18:9:22 [SERVER-NAME] info: GET /api/v1/expenses/ 304 - 312.039 ms
Wed Dec 17 2025 18:10:7 [SERVER-NAME] info: GET /api/v1/expenses/?frequency=function%20(a0)%20%7B%20%5Bbytecode%5D%20%7D 200 - 302.651 ms
Wed Dec 17 2025 18:10:7 [SERVER-NAME] info: GET /api/v1/notifications/ 304 - 461.475 ms
Wed Dec 17 2025 18:10:14 [SERVER-NAME] info: GET /api/v1/expenses/ 304 - 305.779 ms
Wed Dec 17 2025 18:10:36 [SERVER-NAME] info: GET /api/v1/budgets/type 304 - 307.531 ms
Wed Dec 17 2025 18:10:39 [SERVER-NAME] info: GET /api/v1/expenses/ 304 - 306.552 ms
Wed Dec 17 2025 18:13:34 [SERVER-NAME] info: GET /api/v1/expenses/?frequency=monthly 200 - 307.349 ms
Wed Dec 17 2025 18:13:53 [SERVER-NAME] info: GET /api/v1/expenses/?frequency=monthly 304 - 323.036 ms
Wed Dec 17 2025 18:13:56 [SERVER-NAME] info: GET /api/v1/expenses/ 304 - 306.073 ms
Wed Dec 17 2025 18:14:10 [SERVER-NAME] info: GET /api/v1/expenses/?frequency=monthly 304 - 309.733 ms
Wed Dec 17 2025 18:14:13 [SERVER-NAME] info: GET /api/v1/expenses/?frequency=yearly 200 - 317.651 ms
Wed Dec 17 2025 18:14:17 [SERVER-NAME] info: GET /api/v1/expenses/ 304 - 306.271 ms
Wed Dec 17 2025 18:14:22 [SERVER-NAME] info: GET /api/v1/expenses/?frequency=yearly 304 - 306.966 ms
Wed Dec 17 2025 18:14:25 [SERVER-NAME] info: GET /api/v1/expenses/?frequency=on-off 200 - 307.030 ms
Wed Dec 17 2025 18:14:27 [SERVER-NAME] info: GET /api/v1/expenses/?frequency=yearly 304 - 305.841 ms
Wed Dec 17 2025 18:14:29 [SERVER-NAME] info: GET /api/v1/expenses/?frequency=monthly 304 - 307.492 ms
Wed Dec 17 2025 18:14:34 [SERVER-NAME] info: GET /api/v1/expenses/ 304 - 307.770 ms
Wed Dec 17 2025 18:15:5 [SERVER-NAME] info: GET /api/v1/expenses/?frequency=monthly 304 - 309.090 ms
Wed Dec 17 2025 18:15:8 [SERVER-NAME] info: GET /api/v1/analytics/ 304 - 624.782 ms
Wed Dec 17 2025 18:15:8 [SERVER-NAME] info: GET /api/v1/analytics/user-last-update 304 - 758.450 ms
Wed Dec 17 2025 18:15:9 [SERVER-NAME] info: GET /api/v1/incomes/ 304 - 300.922 ms
Wed Dec 17 2025 18:15:13 [SERVER-NAME] info: GET /api/v1/incomes/?frequency=monthly 304 - 299.376 ms
Wed Dec 17 2025 18:15:19 [SERVER-NAME] info: GET /api/v1/incomes/?frequency=yearly 304 - 299.594 ms
Wed Dec 17 2025 18:15:21 [SERVER-NAME] info: GET /api/v1/incomes/?frequency=on-off 304 - 298.950 ms
Wed Dec 17 2025 18:15:23 [SERVER-NAME] info: GET /api/v1/incomes/ 304 - 299.935 ms
Wed Dec 17 2025 18:16:24 [SERVER-NAME] info: GET / 200 - 0.489 ms
Wed Dec 17 2025 18:16:52 [SERVER-NAME] info: GET /api/v1/budgets/type 304 - 304.374 ms
Wed Dec 17 2025 18:16:59 [SERVER-NAME] info: DELETE /api/v1/budgets/694071610aac09bc7bd7ba33 200 - 465.255 ms
Wed Dec 17 2025 18:17:6 [SERVER-NAME] info: DELETE /api/v1/budgets/694070260aac09bc7bd7ba1b 200 - 455.855 ms
Wed Dec 17 2025 18:17:11 [SERVER-NAME] info: DELETE /api/v1/budgets/6931e1e9c277de3e636a1134 200 - 454.415 ms
Wed Dec 17 2025 18:17:15 [SERVER-NAME] info: GET /api/v1/budgets/type 200 - 308.736 ms
Wed Dec 17 2025 18:18:39 [SERVER-NAME] info: GET /api/v1/incomes/ 304 - 301.502 ms
Wed Dec 17 2025 18:18:41 [SERVER-NAME] info: GET /api/v1/incomes/?frequency=monthly 304 - 303.971 ms
Wed Dec 17 2025 18:18:43 [SERVER-NAME] info: GET /api/v1/incomes/?frequency=yearly 304 - 302.134 ms
Wed Dec 17 2025 18:18:45 [SERVER-NAME] info: GET /api/v1/analytics/ 200 - 607.877 ms
Wed Dec 17 2025 18:18:45 [SERVER-NAME] info: GET /api/v1/analytics/user-last-update 304 - 761.188 ms
Wed Dec 17 2025 18:18:46 [SERVER-NAME] info: GET /api/v1/expenses/ 304 - 309.532 ms
Wed Dec 17 2025 18:18:56 [SERVER-NAME] info: GET /api/v1/expenses/?frequency=yearly 304 - 306.301 ms
Wed Dec 17 2025 18:18:59 [SERVER-NAME] info: GET /api/v1/expenses/?frequency=monthly 304 - 305.783 ms
Wed Dec 17 2025 18:19:3 [SERVER-NAME] info: GET /api/v1/expenses/ 304 - 308.063 ms
Wed Dec 17 2025 18:19:6 [SERVER-NAME] info: GET /api/v1/expenses/?frequency=monthly 304 - 305.439 ms
Wed Dec 17 2025 18:27:47 [SERVER-NAME] info: GET /api/v1/expenses/ 304 - 341.360 ms
Wed Dec 17 2025 18:27:59 [SERVER-NAME] info: GET /api/v1/expenses/?frequency=monthly 304 - 307.516 ms
Wed Dec 17 2025 18:28:3 [SERVER-NAME] info: GET /api/v1/expenses/?frequency=yearly 304 - 307.931 ms
Wed Dec 17 2025 18:28:9 [SERVER-NAME] info: GET /api/v1/expenses/ 304 - 305.455 ms
Wed Dec 17 2025 18:28:12 [SERVER-NAME] info: GET /api/v1/expenses/?frequency=yearly 304 - 306.461 ms
Wed Dec 17 2025 18:28:19 [SERVER-NAME] info: GET /api/v1/expenses/?frequency=on-off 304 - 306.655 ms
Wed Dec 17 2025 18:28:55 [SERVER-NAME] info: GET /api/v1/expenses/?frequency=yearly 304 - 306.095 ms
Wed Dec 17 2025 18:29:2 [SERVER-NAME] info: GET /api/v1/analytics/ 304 - 622.285 ms
Wed Dec 17 2025 18:29:2 [SERVER-NAME] info: GET /api/v1/analytics/user-last-update 304 - 770.658 ms
Wed Dec 17 2025 18:29:3 [SERVER-NAME] info: GET /api/v1/incomes/ 304 - 306.812 ms
Wed Dec 17 2025 18:29:8 [SERVER-NAME] info: GET /api/v1/incomes/?frequency=monthly 304 - 306.976 ms
Wed Dec 17 2025 18:29:10 [SERVER-NAME] info: GET /api/v1/incomes/?frequency=yearly 304 - 304.962 ms
Wed Dec 17 2025 18:29:13 [SERVER-NAME] info: GET /api/v1/incomes/ 304 - 331.477 ms
Wed Dec 17 2025 18:30:20 [SERVER-NAME] info: GET /api/v1/incomes/?frequency=yearly 304 - 306.832 ms
Wed Dec 17 2025 18:30:24 [SERVER-NAME] info: GET /api/v1/incomes/?frequency=monthly 304 - 306.259 ms
Wed Dec 17 2025 18:30:27 [SERVER-NAME] info: GET /api/v1/budgets/type 304 - 306.379 ms
Wed Dec 17 2025 18:30:28 [SERVER-NAME] info: GET /api/v1/date-nights/ 304 - 612.454 ms
Wed Dec 17 2025 18:30:30 [SERVER-NAME] info: GET /api/v1/incomes/?frequency=monthly 304 - 306.246 ms
Wed Dec 17 2025 18:42:33 [SERVER-NAME] info: GET /api/v1/incomes/ 304 - 304.095 ms
Wed Dec 17 2025 18:42:39 [SERVER-NAME] info: GET /api/v1/incomes/?frequency=monthly 304 - 304.170 ms
Wed Dec 17 2025 18:42:41 [SERVER-NAME] info: GET /api/v1/incomes/?frequency=yearly 304 - 313.766 ms
Wed Dec 17 2025 18:42:46 [SERVER-NAME] info: GET /api/v1/incomes/ 304 - 304.030 ms
Wed Dec 17 2025 18:42:53 [SERVER-NAME] info: GET /api/v1/incomes/?frequency=yearly 304 - 305.741 ms
Wed Dec 17 2025 18:42:55 [SERVER-NAME] info: GET /api/v1/incomes/ 304 - 304.742 ms
Wed Dec 17 2025 18:43:6 [SERVER-NAME] info: GET /api/v1/incomes/ 304 - 305.445 ms
Wed Dec 17 2025 18:43:25 [SERVER-NAME] info: POST /api/v1/incomes/ 200 - 329.240 ms
Wed Dec 17 2025 18:43:26 [SERVER-NAME] info: GET /api/v1/incomes/ 200 - 305.481 ms
Wed Dec 17 2025 18:43:38 [SERVER-NAME] info: GET /api/v1/incomes/?frequency=yearly 304 - 304.536 ms
Wed Dec 17 2025 18:43:40 [SERVER-NAME] info: GET /api/v1/incomes/?frequency=monthly 304 - 305.573 ms
Wed Dec 17 2025 18:43:41 [SERVER-NAME] info: GET /api/v1/incomes/?frequency=yearly 304 - 303.670 ms
Wed Dec 17 2025 18:43:43 [SERVER-NAME] info: GET /api/v1/incomes/ 304 - 308.050 ms
Wed Dec 17 2025 18:43:56 [SERVER-NAME] info: GET /api/v1/incomes/ 304 - 304.906 ms
Wed Dec 17 2025 18:44:38 [SERVER-NAME] info: GET /api/v1/incomes/?frequency=monthly 304 - 305.178 ms
Wed Dec 17 2025 18:44:47 [SERVER-NAME] info: GET /api/v1/incomes/?frequency=monthly 304 - 305.863 ms
Wed Dec 17 2025 18:45:51 [SERVER-NAME] info: GET /api/v1/incomes/?frequency=monthly 304 - 303.972 ms
Wed Dec 17 2025 18:45:54 [SERVER-NAME] info: GET /api/v1/incomes/ 304 - 304.028 ms
Wed Dec 17 2025 18:58:6 [SERVER-NAME] info: OPTIONS /api/v1/users?page=1&limit=10 204 - 0.252 ms
Wed Dec 17 2025 18:58:6 [SERVER-NAME] info: OPTIONS /api/v1/admin/stats?year=2025 204 - 0.131 ms
Wed Dec 17 2025 18:58:6 [SERVER-NAME] info: OPTIONS /api/v1/users/profile 204 - 0.126 ms
Wed Dec 17 2025 18:58:7 [SERVER-NAME] info: GET /api/v1/users/profile 304 - 306.010 ms
Wed Dec 17 2025 18:58:7 [SERVER-NAME] info: GET /api/v1/users?page=1&limit=10 304 - 305.828 ms
Wed Dec 17 2025 18:58:8 [SERVER-NAME] info: GET /api/v1/admin/stats?year=2025 200 - 915.822 ms
