Wed Dec 17 2025 20:29:15 [SERVER-NAME] info: GET /api/v1/expenses/ 304 - 298.112 ms
Wed Dec 17 2025 20:29:16 [SERVER-NAME] info: GET /api/v1/expenses/?frequency=monthly 304 - 297.452 ms
Wed Dec 17 2025 20:29:18 [SERVER-NAME] info: GET /api/v1/expenses/?frequency=yearly 304 - 295.810 ms
Wed Dec 17 2025 20:29:20 [SERVER-NAME] info: GET /api/v1/expenses/?frequency=on-off 304 - 298.302 ms
Wed Dec 17 2025 20:29:21 [SERVER-NAME] info: GET /api/v1/expenses/?frequency=yearly 304 - 301.364 ms
Wed Dec 17 2025 20:29:23 [SERVER-NAME] info: GET /api/v1/expenses/?frequency=monthly 304 - 298.937 ms
Wed Dec 17 2025 20:29:24 [SERVER-NAME] info: GET /api/v1/expenses/ 304 - 298.361 ms
Wed Dec 17 2025 20:29:33 [SERVER-NAME] info: GET /api/v1/budgets/type 304 - 298.599 ms
Wed Dec 17 2025 20:29:36 [SERVER-NAME] info: GET /api/v1/budgets/type 304 - 302.264 ms
Wed Dec 17 2025 20:35:43 [SERVER-NAME] info: GET /api/v1/expenses/ 304 - 301.677 ms
Wed Dec 17 2025 20:35:46 [SERVER-NAME] info: GET /api/v1/budgets/type 304 - 299.570 ms
Wed Dec 17 2025 20:36:35 [SERVER-NAME] info: GET /api/v1/budgets/type 304 - 297.573 ms
Wed Dec 17 2025 20:36:48 [SERVER-NAME] info: GET / 200 - 0.352 ms
Wed Dec 17 2025 20:42:33 [SERVER-NAME] info: OPTIONS / 204 - 0.274 ms
Wed Dec 17 2025 20:45:2 [SERVER-NAME] info: GET /api/v1/budgets/type 304 - 304.445 ms
Wed Dec 17 2025 20:45:21 [SERVER-NAME] info: GET /api/v1/budgets/type 304 - 300.582 ms
Wed Dec 17 2025 20:45:24 [SERVER-NAME] info: GET /api/v1/budgets/type 304 - 304.109 ms
Wed Dec 17 2025 20:46:14 [SERVER-NAME] info: GET /api/v1/budgets/type 304 - 300.595 ms
Wed Dec 17 2025 20:47:50 [SERVER-NAME] info: GET /api/v1/budgets/type 304 - 301.688 ms
Wed Dec 17 2025 20:48:2 [SERVER-NAME] info: POST /api/v1/budgets/ 201 - 356.237 ms
Wed Dec 17 2025 20:48:3 [SERVER-NAME] info: GET /api/v1/budgets/type 200 - 301.065 ms
Wed Dec 17 2025 20:48:6 [SERVER-NAME] info: GET /api/v1/budgets/type 304 - 302.343 ms
