Thu Dec 18 2025 16:8:17 [SERVER-NAME] info: GET / 200 - 0.341 ms
Thu Dec 18 2025 16:41:24 [SERVER-NAME] info: GET /api/v1/notifications/ 304 - 471.851 ms
Thu Dec 18 2025 16:41:24 [SERVER-NAME] info: GET /api/v1/analytics/ 200 - 622.298 ms
Thu Dec 18 2025 16:41:24 [SERVER-NAME] info: GET /api/v1/analytics/user-last-update 304 - 746.751 ms
Thu Dec 18 2025 16:42:0 [SERVER-NAME] info: GET /api/v1/saving-goals/ 304 - 308.311 ms
Thu Dec 18 2025 16:42:7 [SERVER-NAME] info: GET /api/v1/analytics/ 304 - 609.457 ms
Thu Dec 18 2025 16:42:7 [SERVER-NAME] info: GET /api/v1/analytics/user-last-update 304 - 752.084 ms
Thu Dec 18 2025 16:42:9 [SERVER-NAME] info: GET /api/v1/incomes/ 304 - 298.260 ms
Thu Dec 18 2025 16:42:13 [SERVER-NAME] info: GET /api/v1/budgets/type 304 - 298.236 ms
Thu Dec 18 2025 16:42:16 [SERVER-NAME] info: GET /api/v1/budgets/type 304 - 298.752 ms
Thu Dec 18 2025 16:42:27 [SERVER-NAME] info: GET /api/v1/budgets/type 304 - 298.247 ms
Thu Dec 18 2025 16:44:58 [SERVER-NAME] info: GET /api/v1/budgets/type 304 - 298.302 ms
Thu Dec 18 2025 16:45:20 [SERVER-NAME] info: GET /api/v1/incomes/ 304 - 299.596 ms
Thu Dec 18 2025 16:45:22 [SERVER-NAME] info: GET /api/v1/analytics/ 304 - 597.978 ms
Thu Dec 18 2025 16:45:22 [SERVER-NAME] info: GET /api/v1/analytics/user-last-update 304 - 757.232 ms
Thu Dec 18 2025 16:45:24 [SERVER-NAME] info: GET /api/v1/saving-goals/ 304 - 303.137 ms
Thu Dec 18 2025 16:45:47 [SERVER-NAME] info: GET /api/v1/analytics/ 304 - 606.901 ms
Thu Dec 18 2025 16:45:47 [SERVER-NAME] info: GET /api/v1/analytics/user-last-update 304 - 743.001 ms
Thu Dec 18 2025 16:45:52 [SERVER-NAME] info: GET /api/v1/saving-goals/ 304 - 298.420 ms
Thu Dec 18 2025 16:45:55 [SERVER-NAME] info: GET /api/v1/analytics/ 304 - 600.236 ms
Thu Dec 18 2025 16:45:55 [SERVER-NAME] info: GET /api/v1/analytics/user-last-update 304 - 756.482 ms
Thu Dec 18 2025 16:46:27 [SERVER-NAME] info: GET /api/v1/budgets/type 304 - 299.942 ms
Thu Dec 18 2025 16:46:29 [SERVER-NAME] info: GET /api/v1/saving-goals/ 200 - 301.228 ms
Thu Dec 18 2025 16:47:21 [SERVER-NAME] info: GET /api/v1/analytics/ 200 - 626.274 ms
Thu Dec 18 2025 16:48:16 [SERVER-NAME] info: POST /api/v1/auth/login 200 - 665.204 ms
Thu Dec 18 2025 16:48:42 [SERVER-NAME] info: GET /api/v1/analytics/ 200 - 601.492 ms
Thu Dec 18 2025 16:48:50 [SERVER-NAME] info: GET /api/v1/analytics/user-last-update 200 - 747.288 ms
Thu Dec 18 2025 16:49:41 [SERVER-NAME] info: GET /api/v1/analytics/ 200 - 601.157 ms
Thu Dec 18 2025 16:49:41 [SERVER-NAME] info: GET /api/v1/analytics/user-last-update 304 - 749.072 ms
Thu Dec 18 2025 16:51:2 [SERVER-NAME] info: GET /api/v1/budgets/type 304 - 303.371 ms
