Thu Dec 18 2025 12:0:56 [SERVER-NAME] info: GET / 200 - 1.465 ms
Thu Dec 18 2025 12:9:37 [SERVER-NAME] info: GET / 200 - 0.359 ms
Thu Dec 18 2025 12:20:8 [SERVER-NAME] info: GET / 200 - 0.404 ms
Thu Dec 18 2025 12:37:58 [SERVER-NAME] info: GET /api/v1/notifications/ 200 - 460.739 ms
Thu Dec 18 2025 12:37:58 [SERVER-NAME] info: GET /api/v1/analytics/ 200 - 615.167 ms
Thu Dec 18 2025 12:37:58 [SERVER-NAME] info: GET /api/v1/analytics/user-last-update 200 - 764.132 ms
Thu Dec 18 2025 12:38:1 [SERVER-NAME] info: GET /api/v1/incomes/ 200 - 309.960 ms
Thu Dec 18 2025 12:38:34 [SERVER-NAME] info: GET /api/v1/analytics/user-last-update - - - ms
Thu Dec 18 2025 12:38:34 [SERVER-NAME] info: GET /api/v1/analytics/ - - - ms
Thu Dec 18 2025 12:38:35 [SERVER-NAME] info: GET /api/v1/analytics/ 200 - 597.726 ms
Thu Dec 18 2025 12:38:35 [SERVER-NAME] info: GET /api/v1/analytics/user-last-update 200 - 757.946 ms
Thu Dec 18 2025 12:38:52 [SERVER-NAME] info: GET /api/v1/incomes/ 304 - 303.978 ms
Thu Dec 18 2025 12:39:8 [SERVER-NAME] info: GET /api/v1/analytics/ 304 - 606.560 ms
Thu Dec 18 2025 12:39:8 [SERVER-NAME] info: GET /api/v1/analytics/user-last-update 304 - 747.203 ms
Thu Dec 18 2025 12:39:9 [SERVER-NAME] info: GET /api/v1/expenses/ 200 - 312.992 ms
Thu Dec 18 2025 12:39:17 [SERVER-NAME] info: GET /api/v1/analytics/ 304 - 597.632 ms
Thu Dec 18 2025 12:39:18 [SERVER-NAME] info: GET /api/v1/analytics/user-last-update 304 - 753.746 ms
Thu Dec 18 2025 12:39:21 [SERVER-NAME] info: GET /api/v1/budgets/type 200 - 312.028 ms
Thu Dec 18 2025 12:39:28 [SERVER-NAME] info: GET /api/v1/analytics/ 304 - 617.602 ms
Thu Dec 18 2025 12:39:28 [SERVER-NAME] info: GET /api/v1/analytics/user-last-update 304 - 746.636 ms
Thu Dec 18 2025 12:39:28 [SERVER-NAME] info: GET /api/v1/saving-goals/ 200 - 299.471 ms
