Mon Dec 22 2025 17:4:34 [SERVER-NAME] info: GET /api/v1/analytics/ 200 - 616.838 ms
Mon Dec 22 2025 17:4:51 [SERVER-NAME] info: GET /api/v1/incomes/frequency/ 200 - 304.724 ms
Mon Dec 22 2025 17:4:56 [SERVER-NAME] info: GET /api/v1/incomes/?frequency=monthly 200 - 320.854 ms
Mon Dec 22 2025 17:5:5 [SERVER-NAME] info: GET /api/v1/incomes/ 200 - 327.638 ms
Mon Dec 22 2025 17:5:22 [SERVER-NAME] info: GET /api/v1/incomes/?frequency=monthly 200 - 308.430 ms
Mon Dec 22 2025 17:6:42 [SERVER-NAME] info: GET /api/v1/incomes/?frequency=monthly 200 - 323.196 ms
Mon Dec 22 2025 17:8:13 [SERVER-NAME] info: GET /api/v1/date-nights/ 304 - 618.207 ms
Mon Dec 22 2025 17:8:24 [SERVER-NAME] info: GET /api/v1/budgets/type 304 - 313.810 ms
Mon Dec 22 2025 17:8:28 [SERVER-NAME] info: GET /api/v1/budgets/type 304 - 310.516 ms
Mon Dec 22 2025 17:8:33 [SERVER-NAME] info: GET /api/v1/budgets/type 304 - 326.615 ms
Mon Dec 22 2025 17:8:53 [SERVER-NAME] info: GET /api/v1/budgets/type 304 - 309.109 ms
Mon Dec 22 2025 17:9:13 [SERVER-NAME] info: GET /api/v1/budgets/type 304 - 341.607 ms
Mon Dec 22 2025 17:9:47 [SERVER-NAME] info: GET /api/v1/analytics/ 304 - 626.069 ms
Mon Dec 22 2025 17:9:48 [SERVER-NAME] info: GET /api/v1/analytics/user-last-update 304 - 799.970 ms
Mon Dec 22 2025 17:9:48 [SERVER-NAME] info: GET /api/v1/incomes/ 304 - 310.472 ms
Mon Dec 22 2025 17:9:53 [SERVER-NAME] info: GET /api/v1/incomes/?frequency=monthly 304 - 312.473 ms
Mon Dec 22 2025 17:9:54 [SERVER-NAME] info: GET /api/v1/incomes/ 304 - 306.477 ms
Mon Dec 22 2025 17:10:2 [SERVER-NAME] info: GET /api/v1/incomes/?frequency=monthly 304 - 305.101 ms
Mon Dec 22 2025 17:11:38 [SERVER-NAME] info: GET /api/v1/incomes/ 304 - 303.933 ms
Mon Dec 22 2025 17:12:7 [SERVER-NAME] info: GET /api/v1/incomes/?frequency=monthly 304 - 305.629 ms
Mon Dec 22 2025 17:15:50 [SERVER-NAME] info: GET /api/v1/incomes/?frequency=monthly 304 - 304.159 ms
Mon Dec 22 2025 17:15:58 [SERVER-NAME] info: GET /api/v1/incomes/ 304 - 304.182 ms
Mon Dec 22 2025 17:16:1 [SERVER-NAME] info: GET /api/v1/incomes/?frequency=monthly 304 - 304.547 ms
Mon Dec 22 2025 17:16:12 [SERVER-NAME] info: GET /api/v1/budgets/type 304 - 309.107 ms
Mon Dec 22 2025 17:16:29 [SERVER-NAME] info: GET /api/v1/incomes/?frequency=monthly 304 - 305.320 ms
Mon Dec 22 2025 17:16:31 [SERVER-NAME] info: GET /api/v1/analytics/ 304 - 614.368 ms
Mon Dec 22 2025 17:16:31 [SERVER-NAME] info: GET /api/v1/analytics/user-last-update 304 - 760.260 ms
Mon Dec 22 2025 17:16:35 [SERVER-NAME] info: GET /api/v1/budgets/type 304 - 305.733 ms
Mon Dec 22 2025 17:16:53 [SERVER-NAME] info: GET /api/v1/budgets/type 304 - 309.945 ms
Mon Dec 22 2025 17:17:7 [SERVER-NAME] info: GET /api/v1/analytics/ 304 - 612.203 ms
Mon Dec 22 2025 17:17:7 [SERVER-NAME] info: GET /api/v1/analytics/user-last-update 304 - 766.545 ms
Mon Dec 22 2025 17:18:27 [SERVER-NAME] info: GET /api/v1/analytics/ 304 - 619.551 ms
Mon Dec 22 2025 17:18:27 [SERVER-NAME] info: GET /api/v1/analytics/user-last-update 304 - 765.140 ms
Mon Dec 22 2025 17:18:30 [SERVER-NAME] info: GET /api/v1/budgets/type 304 - 305.287 ms
Mon Dec 22 2025 17:18:38 [SERVER-NAME] info: GET /api/v1/budgets/type 304 - 307.408 ms
Mon Dec 22 2025 17:18:44 [SERVER-NAME] info: GET /api/v1/budgets/type 304 - 309.408 ms
Mon Dec 22 2025 17:18:52 [SERVER-NAME] info: GET /api/v1/date-nights/ 304 - 611.402 ms
