Mon Dec 22 2025 16:39:58 [SERVER-NAME] info: GET /api/v1/notifications/ 304 - 495.951 ms
Mon Dec 22 2025 16:39:58 [SERVER-NAME] info: GET /api/v1/analytics/ 304 - 654.867 ms
Mon Dec 22 2025 16:39:59 [SERVER-NAME] info: GET /api/v1/analytics/user-last-update 304 - 764.566 ms
Mon Dec 22 2025 16:40:10 [SERVER-NAME] info: GET /api/v1/date-nights/ 304 - 630.877 ms
Mon Dec 22 2025 16:40:14 [SERVER-NAME] info: GET /api/v1/budgets/type 304 - 302.825 ms
Mon Dec 22 2025 16:40:15 [SERVER-NAME] info: GET /api/v1/date-nights/ 304 - 603.287 ms
Mon Dec 22 2025 16:40:17 [SERVER-NAME] info: GET /api/v1/budgets/type 304 - 303.602 ms
Mon Dec 22 2025 16:40:20 [SERVER-NAME] info: GET /api/v1/analytics/ 304 - 606.792 ms
Mon Dec 22 2025 16:40:20 [SERVER-NAME] info: GET /api/v1/analytics/user-last-update 304 - 777.562 ms
Mon Dec 22 2025 16:40:21 [SERVER-NAME] info: GET /api/v1/budgets/type 304 - 312.940 ms
Mon Dec 22 2025 16:45:12 [SERVER-NAME] info: GET /api/v1/analytics/ 304 - 615.850 ms
Mon Dec 22 2025 16:45:12 [SERVER-NAME] info: GET /api/v1/analytics/user-last-update 304 - 752.404 ms
Mon Dec 22 2025 16:45:29 [SERVER-NAME] info: GET /api/v1/budgets/type 304 - 309.889 ms
Mon Dec 22 2025 16:45:33 [SERVER-NAME] info: GET /api/v1/analytics/ 304 - 630.154 ms
Mon Dec 22 2025 16:45:33 [SERVER-NAME] info: GET /api/v1/analytics/user-last-update 304 - 787.790 ms
Mon Dec 22 2025 16:45:37 [SERVER-NAME] info: GET /api/v1/incomes/ 304 - 308.987 ms
Mon Dec 22 2025 16:45:46 [SERVER-NAME] info: GET /api/v1/analytics/ 304 - 629.396 ms
Mon Dec 22 2025 16:45:46 [SERVER-NAME] info: GET /api/v1/analytics/user-last-update 304 - 774.246 ms
Mon Dec 22 2025 16:45:52 [SERVER-NAME] info: GET /api/v1/expenses/ 304 - 304.866 ms
Mon Dec 22 2025 16:45:55 [SERVER-NAME] info: GET /api/v1/analytics/ 304 - 605.162 ms
Mon Dec 22 2025 16:45:55 [SERVER-NAME] info: GET /api/v1/analytics/user-last-update 304 - 765.463 ms
Mon Dec 22 2025 16:46:1 [SERVER-NAME] info: GET /api/v1/budgets/type 304 - 310.055 ms
Mon Dec 22 2025 16:46:5 [SERVER-NAME] info: GET /api/v1/analytics/ 304 - 619.125 ms
Mon Dec 22 2025 16:46:5 [SERVER-NAME] info: GET /api/v1/analytics/user-last-update 304 - 753.426 ms
Mon Dec 22 2025 16:46:17 [SERVER-NAME] info: GET /api/v1/date-nights/ 304 - 610.113 ms
Mon Dec 22 2025 16:49:53 [SERVER-NAME] info: GET /api/v1/date-nights/ 304 - 610.676 ms
Mon Dec 22 2025 16:50:22 [SERVER-NAME] info: GET /api/v1/date-nights/ 304 - 608.446 ms
Mon Dec 22 2025 16:52:21 [SERVER-NAME] info: GET /api/v1/date-nights/ 304 - 617.941 ms
Mon Dec 22 2025 16:52:36 [SERVER-NAME] info: GET /api/v1/budgets/type 304 - 303.830 ms
Mon Dec 22 2025 16:52:38 [SERVER-NAME] info: GET /api/v1/analytics/ 304 - 622.721 ms
Mon Dec 22 2025 16:52:38 [SERVER-NAME] info: GET /api/v1/analytics/user-last-update 304 - 753.384 ms
