Fri Dec 26 2025 16:33:32 [SERVER-NAME] info: GET /api/v1/notifications/ 200 - 462.013 ms
Fri Dec 26 2025 16:33:32 [SERVER-NAME] info: GET /api/v1/analytics/user-last-update 304 - 738.429 ms
Fri Dec 26 2025 16:33:32 [SERVER-NAME] info: GET /api/v1/analytics/ 304 - 766.388 ms
Fri Dec 26 2025 16:33:38 [SERVER-NAME] info: GET / 200 - 0.289 ms
Fri Dec 26 2025 16:34:10 [SERVER-NAME] info: GET /api/v1/budgets/type 304 - 458.429 ms
Fri Dec 26 2025 16:34:17 [SERVER-NAME] info: GET /api/v1/budgets/type 304 - 457.034 ms
Fri Dec 26 2025 16:34:25 [SERVER-NAME] info: GET /api/v1/analytics/ 304 - 742.450 ms
Fri Dec 26 2025 16:34:25 [SERVER-NAME] info: GET /api/v1/analytics/user-last-update 304 - 759.439 ms
Fri Dec 26 2025 16:34:27 [SERVER-NAME] info: GET /api/v1/budgets/type 304 - 459.667 ms
Fri Dec 26 2025 16:34:35 [SERVER-NAME] info: GET /api/v1/budgets/type 304 - 459.288 ms
Fri Dec 26 2025 16:34:39 [SERVER-NAME] info: GET /api/v1/budgets/analytics 304 - 307.489 ms
Fri Dec 26 2025 16:36:27 [SERVER-NAME] info: GET /api/v1/budgets/analytics 304 - 305.560 ms
Fri Dec 26 2025 16:36:58 [SERVER-NAME] info: GET /api/v1/budgets/type 304 - 459.958 ms
Fri Dec 26 2025 16:37:1 [SERVER-NAME] info: GET /api/v1/budgets/analytics 304 - 305.708 ms
Fri Dec 26 2025 16:37:5 [SERVER-NAME] info: GET /api/v1/budgets/type 304 - 458.402 ms
Fri Dec 26 2025 16:37:8 [SERVER-NAME] info: GET /api/v1/budgets/type 304 - 467.834 ms
Fri Dec 26 2025 16:40:34 [SERVER-NAME] info: GET /api/v1/analytics/user-last-update 304 - 738.110 ms
Fri Dec 26 2025 16:40:34 [SERVER-NAME] info: GET /api/v1/analytics/ 304 - 763.935 ms
Fri Dec 26 2025 16:41:26 [SERVER-NAME] info: GET /api/v1/budgets/type 304 - 461.515 ms
Fri Dec 26 2025 16:41:28 [SERVER-NAME] info: GET /api/v1/analytics/user-last-update 304 - 736.287 ms
Fri Dec 26 2025 16:41:28 [SERVER-NAME] info: GET /api/v1/analytics/ 304 - 761.889 ms
Fri Dec 26 2025 16:41:29 [SERVER-NAME] info: GET /api/v1/debts/insights 304 - 307.120 ms
Fri Dec 26 2025 16:43:28 [SERVER-NAME] info: GET /api/v1/debts/insights 304 - 307.208 ms
Fri Dec 26 2025 16:44:15 [SERVER-NAME] info: GET /api/v1/analytics/user-last-update 304 - 737.293 ms
Fri Dec 26 2025 16:44:15 [SERVER-NAME] info: GET /api/v1/analytics/ 304 - 763.713 ms
Fri Dec 26 2025 16:44:16 [SERVER-NAME] info: GET /api/v1/budgets/type 304 - 459.256 ms
Fri Dec 26 2025 16:44:21 [SERVER-NAME] info: GET /api/v1/analytics/user-last-update 304 - 737.740 ms
Fri Dec 26 2025 16:44:21 [SERVER-NAME] info: GET /api/v1/analytics/ 304 - 763.549 ms
Fri Dec 26 2025 16:44:29 [SERVER-NAME] info: GET /api/v1/saving-goals/ 304 - 444.466 ms
Fri Dec 26 2025 16:44:29 [SERVER-NAME] info: GET /api/v1/analytics/ 304 - 765.395 ms
Fri Dec 26 2025 16:44:30 [SERVER-NAME] info: GET /api/v1/analytics/ 304 - 742.046 ms
Fri Dec 26 2025 16:44:31 [SERVER-NAME] info: GET /api/v1/budgets/type 304 - 443.672 ms
Fri Dec 26 2025 16:44:32 [SERVER-NAME] info: GET /api/v1/budgets/type 304 - 443.404 ms
Fri Dec 26 2025 16:44:39 [SERVER-NAME] info: GET /api/v1/budgets/analytics 304 - 295.569 ms
Fri Dec 26 2025 16:49:14 [SERVER-NAME] info: POST /api/v1/auth/login 200 - 642.402 ms
Fri Dec 26 2025 16:49:28 [SERVER-NAME] info: POST /api/v1/auth/login 200 - 643.779 ms
Fri Dec 26 2025 16:49:35 [SERVER-NAME] info: GET /api/v1/users/profile 200 - 296.653 ms
Fri Dec 26 2025 16:50:10 [SERVER-NAME] info: POST /api/v1/auth/login 200 - 636.964 ms
Fri Dec 26 2025 16:50:24 [SERVER-NAME] info: GET /api/v1/users/profile 200 - 295.734 ms
Fri Dec 26 2025 16:50:38 [SERVER-NAME] info: GET /api/v1/budgets/type?type=household 200 - 593.619 ms
Fri Dec 26 2025 16:52:27 [SERVER-NAME] info: GET /api/v1/budgets/analytics 304 - 296.660 ms
Fri Dec 26 2025 16:52:29 [SERVER-NAME] info: GET /api/v1/budgets/type 304 - 444.483 ms
Fri Dec 26 2025 16:52:31 [SERVER-NAME] info: GET /api/v1/budgets/type 304 - 443.058 ms
Fri Dec 26 2025 16:54:27 [SERVER-NAME] info: POST /api/v1/auth/login 200 - 636.570 ms
Fri Dec 26 2025 16:54:46 [SERVER-NAME] info: GET /api/v1/budgets/type 200 - 444.415 ms
Fri Dec 26 2025 16:57:22 [SERVER-NAME] info: GET /api/v1/budgets/type?type=household 200 - 590.419 ms
Fri Dec 26 2025 16:59:5 [SERVER-NAME] info: GET /api/v1/budgets/type?type=function%20(a0)%20%7B%20%5Bbytecode%5D%20%7D 200 - 444.976 ms
