Fri Dec 26 2025 21:0:4 [SERVER-NAME] info: POST /api/v1/calculator/inflation-calculator 200 - 156.342 ms
Fri Dec 26 2025 21:0:16 [SERVER-NAME] info: POST /api/v1/calculator/inflation-calculator 200 - 156.118 ms
Fri Dec 26 2025 21:1:32 [SERVER-NAME] info: POST /api/v1/calculator/historical-inflation-calculator - - - ms
Fri Dec 26 2025 21:1:35 [SERVER-NAME] info: GET /api/v1/notifications/ 304 - 461.101 ms
Fri Dec 26 2025 21:1:35 [SERVER-NAME] info: GET /api/v1/analytics/user-last-update 304 - 749.232 ms
Fri Dec 26 2025 21:1:35 [SERVER-NAME] info: GET /api/v1/analytics/ 304 - 780.709 ms
Fri Dec 26 2025 21:1:40 [SERVER-NAME] info: POST /api/v1/calculator/historical-inflation-calculator 200 - 570.124 ms
Fri Dec 26 2025 21:2:31 [SERVER-NAME] info: POST /api/v1/calculator/inflation-calculator 200 - 158.284 ms
Fri Dec 26 2025 21:2:43 [SERVER-NAME] info: POST /api/v1/calculator/historical-inflation-calculator 200 - 397.585 ms
Fri Dec 26 2025 21:3:43 [SERVER-NAME] info: GET /api/v1/analytics/ 304 - 749.618 ms
Fri Dec 26 2025 21:3:43 [SERVER-NAME] info: GET /api/v1/analytics/user-last-update 304 - 769.977 ms
Fri Dec 26 2025 21:3:45 [SERVER-NAME] info: GET /api/v1/saving-goals/ 304 - 452.020 ms
Fri Dec 26 2025 21:3:45 [SERVER-NAME] info: GET /api/v1/analytics/ 304 - 790.547 ms
Fri Dec 26 2025 21:3:46 [SERVER-NAME] info: GET /api/v1/analytics/ 304 - 776.875 ms
Fri Dec 26 2025 21:3:57 [SERVER-NAME] info: POST /api/v1/calculator/saving-calculator 200 - 158.985 ms
Fri Dec 26 2025 21:3:57 [SERVER-NAME] info: GET /api/v1/ad/random-ads 304 - 309.106 ms
Fri Dec 26 2025 21:6:16 [SERVER-NAME] info: GET /api/v1/budgets/type 304 - 602.953 ms
Fri Dec 26 2025 21:6:16 [SERVER-NAME] info: GET /api/v1/ad/random-ads 304 - 307.273 ms
Fri Dec 26 2025 21:6:32 [SERVER-NAME] info: POST /api/v1/calculator/loan-repayment-calculator 200 - 154.980 ms
Fri Dec 26 2025 21:6:32 [SERVER-NAME] info: GET /api/v1/ad/random-ads 304 - 307.639 ms
Fri Dec 26 2025 21:41:45 [SERVER-NAME] info: GET /api/v1/budgets/type 304 - 609.447 ms
Fri Dec 26 2025 21:42:22 [SERVER-NAME] info: GET /api/v1/ad/random-ads 304 - 302.588 ms
Fri Dec 26 2025 21:43:21 [SERVER-NAME] info: GET /api/v1/notifications/ 304 - 460.929 ms
Fri Dec 26 2025 21:43:22 [SERVER-NAME] info: GET /api/v1/analytics/ 304 - 750.250 ms
Fri Dec 26 2025 21:43:22 [SERVER-NAME] info: GET /api/v1/analytics/user-last-update 304 - 778.708 ms
Fri Dec 26 2025 21:44:23 [SERVER-NAME] info: POST /api/v1/auth/login 200 - 660.710 ms
Fri Dec 26 2025 21:44:36 [SERVER-NAME] info: GET /api/v1/ad/random-ads?category 200 - 313.099 ms
Fri Dec 26 2025 21:48:14 [SERVER-NAME] info: GET /api/v1/analytics/user-last-update 304 - 773.773 ms
Fri Dec 26 2025 21:48:14 [SERVER-NAME] info: GET /api/v1/analytics/ 200 - 775.421 ms
Fri Dec 26 2025 21:48:15 [SERVER-NAME] info: GET /api/v1/budgets/type 304 - 618.089 ms
Fri Dec 26 2025 21:48:18 [SERVER-NAME] info: GET /api/v1/budgets/analytics 304 - 310.176 ms
Fri Dec 26 2025 21:48:52 [SERVER-NAME] info: GET /api/v1/notifications/ 304 - 464.844 ms
Fri Dec 26 2025 21:48:53 [SERVER-NAME] info: GET /api/v1/analytics/user-last-update 304 - 769.244 ms
Fri Dec 26 2025 21:48:53 [SERVER-NAME] info: GET /api/v1/analytics/ 304 - 776.133 ms
Fri Dec 26 2025 21:48:56 [SERVER-NAME] info: GET /api/v1/budgets/type 304 - 620.072 ms
Fri Dec 26 2025 21:48:58 [SERVER-NAME] info: GET /api/v1/budgets/analytics 304 - 311.906 ms
Fri Dec 26 2025 21:49:18 [SERVER-NAME] info: GET /api/v1/budgets/analytics 304 - 310.206 ms
