Sat Dec 27 2025 20:8:16 [SERVER-NAME] info: OPTIONS /api/v1/admin/users/finance-track?searchTerm= 204 - 0.106 ms
Sat Dec 27 2025 20:8:18 [SERVER-NAME] info: GET /api/v1/admin/users/finance-track?searchTerm= 304 - 1411.250 ms
Sat Dec 27 2025 20:8:36 [SERVER-NAME] info: OPTIONS /api/v1/contents/?page=1 204 - 0.107 ms
Sat Dec 27 2025 20:8:37 [SERVER-NAME] info: GET /api/v1/contents/?page=1 200 - 458.276 ms
Sat Dec 27 2025 20:8:43 [SERVER-NAME] info: OPTIONS /api/v1/appointments/all/appointment?searchTerm= 204 - 0.082 ms
Sat Dec 27 2025 20:8:44 [SERVER-NAME] info: GET /api/v1/appointments/all/appointment?searchTerm= 304 - 454.839 ms
Sat Dec 27 2025 20:9:25 [SERVER-NAME] info: OPTIONS /api/v1/ad/?page=1 204 - 0.091 ms
Sat Dec 27 2025 20:9:26 [SERVER-NAME] info: GET /api/v1/ad/?page=1 304 - 455.944 ms
Sat Dec 27 2025 20:15:1 [SERVER-NAME] info: OPTIONS /api/v1/appointments/all/appointment?searchTerm= 204 - 1.233 ms
Sat Dec 27 2025 20:15:2 [SERVER-NAME] info: GET /api/v1/appointments/all/appointment?searchTerm= 304 - 461.015 ms
Sat Dec 27 2025 20:18:2 [SERVER-NAME] info: OPTIONS /api/v1/admin/stats?year=2025 204 - 0.085 ms
Sat Dec 27 2025 20:18:2 [SERVER-NAME] info: OPTIONS /api/v1/users?page=1&limit=10 204 - 0.072 ms
Sat Dec 27 2025 20:18:3 [SERVER-NAME] info: GET /api/v1/users?page=1&limit=10 304 - 312.392 ms
Sat Dec 27 2025 20:18:3 [SERVER-NAME] info: GET /api/v1/admin/stats?year=2025 304 - 907.145 ms
Sat Dec 27 2025 20:18:41 [SERVER-NAME] info: OPTIONS /api/v1/ad/?page=1 204 - 0.086 ms
Sat Dec 27 2025 20:18:41 [SERVER-NAME] info: GET /api/v1/ad/?page=1 304 - 453.640 ms
Sat Dec 27 2025 20:18:44 [SERVER-NAME] info: OPTIONS /api/v1/contents/?page=1 204 - 0.083 ms
Sat Dec 27 2025 20:18:45 [SERVER-NAME] info: GET /api/v1/contents/?page=1 304 - 456.953 ms
Sat Dec 27 2025 20:18:46 [SERVER-NAME] info: OPTIONS /api/v1/admin/users/finance-track?searchTerm= 204 - 0.091 ms
Sat Dec 27 2025 20:18:47 [SERVER-NAME] info: GET /api/v1/admin/users/finance-track?searchTerm= 304 - 1425.103 ms
Sat Dec 27 2025 20:18:49 [SERVER-NAME] info: OPTIONS /api/v1/users?searchTerm=&status=all&page=1&limit=10 204 - 0.082 ms
Sat Dec 27 2025 20:18:50 [SERVER-NAME] info: GET /api/v1/users?searchTerm=&status=all&page=1&limit=10 304 - 305.199 ms
Sat Dec 27 2025 20:36:48 [SERVER-NAME] info: POST /api/v1/auth/login 200 - 4359.882 ms
Sat Dec 27 2025 20:37:0 [SERVER-NAME] info: GET /api/v1/notifications/ 200 - 10999.531 ms
Sat Dec 27 2025 20:37:0 [SERVER-NAME] info: GET /api/v1/analytics/ 200 - 11691.210 ms
Sat Dec 27 2025 20:37:1 [SERVER-NAME] info: GET /api/v1/analytics/user-last-update 200 - 11686.709 ms
Sat Dec 27 2025 20:37:25 [SERVER-NAME] info: GET /api/v1/budgets/type 200 - 2463.131 ms
Sat Dec 27 2025 20:37:34 [SERVER-NAME] info: GET /api/v1/budgets/type 304 - 5154.047 ms
Sat Dec 27 2025 20:37:43 [SERVER-NAME] info: GET /api/v1/budgets/type?type=personal 200 - 3451.448 ms
Sat Dec 27 2025 20:37:52 [SERVER-NAME] info: GET /api/v1/budgets/type?type=household 200 - 5907.250 ms
Sat Dec 27 2025 20:38:9 [SERVER-NAME] info: POST /api/v1/calculator/loan-repayment-calculator 200 - 11201.560 ms
Sat Dec 27 2025 20:38:10 [SERVER-NAME] info: GET /api/v1/ad/random-ads 200 - 428.389 ms
Sat Dec 27 2025 20:40:28 [SERVER-NAME] info: POST /api/v1/auth/login 200 - 33141.940 ms
Sat Dec 27 2025 20:41:37 [SERVER-NAME] info: GET /api/v1/notifications/ 200 - 52020.306 ms
Sat Dec 27 2025 20:41:38 [SERVER-NAME] info: GET /api/v1/analytics/ 200 - 58800.086 ms
Sat Dec 27 2025 20:41:38 [SERVER-NAME] info: GET /api/v1/analytics/user-last-update 200 - 794.548 ms
Sat Dec 27 2025 20:41:38 [SERVER-NAME] info: POST /api/v1/auth/login 200 - 677.671 ms
Sat Dec 27 2025 20:41:39 [SERVER-NAME] info: GET /api/v1/notifications/ 304 - 454.631 ms
Sat Dec 27 2025 20:41:39 [SERVER-NAME] info: GET /api/v1/analytics/user-last-update 304 - 755.237 ms
Sat Dec 27 2025 20:41:39 [SERVER-NAME] info: GET /api/v1/analytics/ 200 - 756.418 ms
Sat Dec 27 2025 20:42:50 [SERVER-NAME] info: GET /api/v1/analytics/ 304 - 747.731 ms
Sat Dec 27 2025 20:42:50 [SERVER-NAME] info: GET /api/v1/analytics/user-last-update 304 - 747.697 ms
Sat Dec 27 2025 20:42:53 [SERVER-NAME] info: GET /api/v1/budgets/type 200 - 603.405 ms
Sat Dec 27 2025 20:42:57 [SERVER-NAME] info: GET /api/v1/analytics/user-last-update 304 - 746.989 ms
Sat Dec 27 2025 20:42:57 [SERVER-NAME] info: GET /api/v1/analytics/ 304 - 757.743 ms
Sat Dec 27 2025 20:43:1 [SERVER-NAME] info: GET /api/v1/budgets/type 304 - 602.090 ms
Sat Dec 27 2025 20:43:4 [SERVER-NAME] info: GET /api/v1/analytics/user-last-update 304 - 748.452 ms
Sat Dec 27 2025 20:43:4 [SERVER-NAME] info: GET /api/v1/analytics/ 304 - 755.046 ms
Sat Dec 27 2025 20:43:9 [SERVER-NAME] info: GET /api/v1/budgets/type 304 - 601.069 ms
Sat Dec 27 2025 20:43:12 [SERVER-NAME] info: GET /api/v1/budgets/type 304 - 600.961 ms
Sat Dec 27 2025 20:43:16 [SERVER-NAME] info: GET /api/v1/budgets/type?type=household 200 - 750.818 ms
Sat Dec 27 2025 20:43:23 [SERVER-NAME] info: GET /api/v1/budgets/type 304 - 602.375 ms
Sat Dec 27 2025 20:43:30 [SERVER-NAME] info: GET /api/v1/budgets/type?type=household 304 - 751.586 ms
Sat Dec 27 2025 20:43:38 [SERVER-NAME] info: GET /api/v1/budgets/type?type=personal 200 - 611.764 ms
Sat Dec 27 2025 20:43:41 [SERVER-NAME] info: GET /api/v1/budgets/type 304 - 601.727 ms
Sat Dec 27 2025 20:43:45 [SERVER-NAME] info: GET /api/v1/budgets/type 304 - 607.736 ms
Sat Dec 27 2025 20:43:53 [SERVER-NAME] info: GET /api/v1/analytics/user-last-update 304 - 748.986 ms
Sat Dec 27 2025 20:43:53 [SERVER-NAME] info: GET /api/v1/analytics/ 304 - 756.509 ms
Sat Dec 27 2025 20:43:59 [SERVER-NAME] info: GET /api/v1/saving-goals/ 200 - 452.845 ms
Sat Dec 27 2025 20:43:59 [SERVER-NAME] info: GET /api/v1/analytics/ 304 - 750.903 ms
Sat Dec 27 2025 20:44:0 [SERVER-NAME] info: GET /api/v1/analytics/ 304 - 754.819 ms
Sat Dec 27 2025 20:44:4 [SERVER-NAME] info: GET /api/v1/analytics/ 304 - 747.582 ms
Sat Dec 27 2025 20:44:4 [SERVER-NAME] info: GET /api/v1/analytics/user-last-update 304 - 746.487 ms
Sat Dec 27 2025 20:44:6 [SERVER-NAME] info: GET /api/v1/incomes/ 200 - 305.957 ms
Sat Dec 27 2025 20:44:10 [SERVER-NAME] info: POST /api/v1/incomes/ 200 - 315.714 ms
Sat Dec 27 2025 20:44:11 [SERVER-NAME] info: GET /api/v1/incomes/ 200 - 301.319 ms
Sat Dec 27 2025 20:44:14 [SERVER-NAME] info: GET /api/v1/analytics/user-last-update 304 - 750.361 ms
Sat Dec 27 2025 20:44:14 [SERVER-NAME] info: GET /api/v1/analytics/ 200 - 751.528 ms
Sat Dec 27 2025 20:44:26 [SERVER-NAME] info: GET /api/v1/budgets/type 304 - 597.531 ms
Sat Dec 27 2025 20:44:29 [SERVER-NAME] info: GET /api/v1/analytics/ 304 - 753.640 ms
Sat Dec 27 2025 20:44:29 [SERVER-NAME] info: GET /api/v1/analytics/user-last-update 304 - 753.187 ms
Sat Dec 27 2025 20:45:34 [SERVER-NAME] info: POST /api/v1/calculator/loan-repayment-calculator 200 - 307.554 ms
Sat Dec 27 2025 20:45:35 [SERVER-NAME] info: GET /api/v1/ad/random-ads 200 - 305.207 ms
Sat Dec 27 2025 20:47:34 [SERVER-NAME] info: GET /api/v1/analytics/user-last-update 304 - 748.265 ms
Sat Dec 27 2025 20:47:34 [SERVER-NAME] info: GET /api/v1/analytics/ 304 - 754.510 ms
Sat Dec 27 2025 20:50:18 [SERVER-NAME] info: [32mSending notification to user 694acb3c900c71f87206b19a[39m
Sat Dec 27 2025 20:50:18 [SERVER-NAME] info: [32mSending notification to user 6931dbfbc277de3e636a1076[39m
Sat Dec 27 2025 20:50:18 [SERVER-NAME] info: POST /api/v1/date-nights/ 201 - 1251.315 ms
Sat Dec 27 2025 20:50:19 [SERVER-NAME] info: GET /api/v1/date-nights/ 200 - 603.740 ms
Sat Dec 27 2025 20:50:31 [SERVER-NAME] info: DELETE /api/v1/date-nights/694af0c1900c71f87206b6b7 200 - 463.159 ms
Sat Dec 27 2025 20:50:34 [SERVER-NAME] info: DELETE /api/v1/date-nights/694d6b95900c71f87206cf97 200 - 454.204 ms
Sat Dec 27 2025 20:50:44 [SERVER-NAME] info: DELETE /api/v1/date-nights/694ed91b4923bc111097cb00 200 - 456.049 ms
Sat Dec 27 2025 20:50:56 [SERVER-NAME] info: GET /api/v1/date-nights/ 200 - 603.067 ms
Sat Dec 27 2025 20:50:58 [SERVER-NAME] info: GET /api/v1/budgets/type 304 - 601.370 ms
Sat Dec 27 2025 20:50:59 [SERVER-NAME] info: GET /api/v1/analytics/user-last-update 304 - 748.923 ms
Sat Dec 27 2025 20:50:59 [SERVER-NAME] info: GET /api/v1/analytics/ 304 - 754.657 ms
Sat Dec 27 2025 20:50:59 [SERVER-NAME] info: GET /api/v1/budgets/type 304 - 601.925 ms
Sat Dec 27 2025 20:51:3 [SERVER-NAME] info: GET /api/v1/analytics/ 304 - 758.022 ms
Sat Dec 27 2025 20:51:3 [SERVER-NAME] info: GET /api/v1/analytics/user-last-update 304 - 757.996 ms
Sat Dec 27 2025 20:51:5 [SERVER-NAME] info: POST /api/v1/calculator/inflation-calculator 200 - 304.400 ms
Sat Dec 27 2025 20:51:11 [SERVER-NAME] info: GET /api/v1/analytics/ 304 - 753.010 ms
Sat Dec 27 2025 20:51:11 [SERVER-NAME] info: GET /api/v1/analytics/user-last-update 304 - 752.877 ms
Sat Dec 27 2025 20:51:12 [SERVER-NAME] info: GET /api/v1/budgets/type 304 - 602.891 ms
Sat Dec 27 2025 20:52:22 [SERVER-NAME] info: GET /api/v1/analytics/user-last-update 304 - 750.039 ms
Sat Dec 27 2025 20:52:22 [SERVER-NAME] info: GET /api/v1/analytics/ 304 - 756.585 ms
