Sat Dec 27 2025 19:0:6 [SERVER-NAME] info: OPTIONS /api/v1/admin/user/expenses-details/69260f5d9260c8cda975ea9c 204 - 0.139 ms
Sat Dec 27 2025 19:0:7 [SERVER-NAME] info: GET /api/v1/admin/user/expenses-details/69260f5d9260c8cda975ea9c 200 - 479.821 ms
Sat Dec 27 2025 19:0:20 [SERVER-NAME] info: OPTIONS /api/v1/admin/user/expenses-details/6931dbfbc277de3e636a1076 204 - 0.156 ms
Sat Dec 27 2025 19:0:21 [SERVER-NAME] info: GET /api/v1/admin/user/expenses-details/6931dbfbc277de3e636a1076 200 - 478.776 ms
Sat Dec 27 2025 19:0:52 [SERVER-NAME] info: OPTIONS /api/v1/users?page=1&limit=10 204 - 0.296 ms
Sat Dec 27 2025 19:0:52 [SERVER-NAME] info: OPTIONS /api/v1/admin/stats?year=2025 204 - 0.127 ms
Sat Dec 27 2025 19:0:52 [SERVER-NAME] info: GET /api/v1/users?page=1&limit=10 304 - 309.667 ms
Sat Dec 27 2025 19:0:53 [SERVER-NAME] info: GET /api/v1/admin/stats?year=2025 304 - 1008.578 ms
Sat Dec 27 2025 19:8:10 [SERVER-NAME] info: GET /api/v1/ad/random-ads 304 - 307.594 ms
Sat Dec 27 2025 19:8:12 [SERVER-NAME] info: POST /api/v1/calculator/loan-repayment-calculator 200 - 318.982 ms
Sat Dec 27 2025 19:8:13 [SERVER-NAME] info: GET /api/v1/ad/random-ads 304 - 321.033 ms
Sat Dec 27 2025 19:13:22 [SERVER-NAME] info: GET /api/v1/debts/insights 304 - 305.872 ms
Sat Dec 27 2025 19:13:25 [SERVER-NAME] info: GET /api/v1/analytics/user-last-update 304 - 754.458 ms
Sat Dec 27 2025 19:13:25 [SERVER-NAME] info: GET /api/v1/analytics/ 304 - 767.383 ms
Sat Dec 27 2025 19:13:44 [SERVER-NAME] info: GET /api/v1/saving-goals/ 304 - 455.922 ms
Sat Dec 27 2025 19:13:45 [SERVER-NAME] info: GET /api/v1/analytics/ 304 - 767.108 ms
Sat Dec 27 2025 19:13:45 [SERVER-NAME] info: GET /api/v1/analytics/ 304 - 755.811 ms
Sat Dec 27 2025 19:14:1 [SERVER-NAME] info: GET /api/v1/saving-goals/ 304 - 454.034 ms
Sat Dec 27 2025 19:14:1 [SERVER-NAME] info: GET /api/v1/analytics/ 304 - 769.153 ms
Sat Dec 27 2025 19:14:2 [SERVER-NAME] info: GET /api/v1/analytics/ 304 - 758.465 ms
Sat Dec 27 2025 19:14:13 [SERVER-NAME] info: GET /api/v1/analytics/ 304 - 760.102 ms
Sat Dec 27 2025 19:14:13 [SERVER-NAME] info: GET /api/v1/analytics/user-last-update 304 - 761.497 ms
Sat Dec 27 2025 19:15:43 [SERVER-NAME] info: GET /api/v1/budgets/type 304 - 628.972 ms
Sat Dec 27 2025 19:15:50 [SERVER-NAME] info: GET /api/v1/budgets/analytics 304 - 310.870 ms
Sat Dec 27 2025 19:16:14 [SERVER-NAME] info: GET /api/v1/budgets/type 304 - 620.498 ms
Sat Dec 27 2025 19:16:18 [SERVER-NAME] info: GET /api/v1/budgets/type 304 - 623.746 ms
Sat Dec 27 2025 19:16:21 [SERVER-NAME] info: GET /api/v1/budgets/type?type=household 304 - 771.538 ms
Sat Dec 27 2025 19:16:36 [SERVER-NAME] info: GET /api/v1/partner-requests/ 200 - 627.394 ms
Sat Dec 27 2025 19:16:41 [SERVER-NAME] info: GET /api/v1/budgets/type?type=household 304 - 767.348 ms
Sat Dec 27 2025 19:16:55 [SERVER-NAME] info: GET /api/v1/budgets/type?type=personal 304 - 614.306 ms
Sat Dec 27 2025 19:16:56 [SERVER-NAME] info: GET /api/v1/budgets/type 304 - 617.206 ms
Sat Dec 27 2025 19:16:58 [SERVER-NAME] info: GET /api/v1/budgets/type 304 - 619.890 ms
Sat Dec 27 2025 19:18:19 [SERVER-NAME] info: GET /api/v1/analytics/user-last-update 304 - 751.288 ms
Sat Dec 27 2025 19:18:19 [SERVER-NAME] info: GET /api/v1/analytics/ 304 - 777.306 ms
Sat Dec 27 2025 19:19:12 [SERVER-NAME] info: GET /api/v1/ad/random-ads 304 - 308.324 ms
Sat Dec 27 2025 19:19:15 [SERVER-NAME] info: POST /api/v1/calculator/loan-repayment-calculator 200 - 318.635 ms
Sat Dec 27 2025 19:19:16 [SERVER-NAME] info: GET /api/v1/ad/random-ads 304 - 310.554 ms
Sat Dec 27 2025 19:19:21 [SERVER-NAME] info: OPTIONS /api/v1/appointments/all/appointment?searchTerm= 204 - 0.133 ms
Sat Dec 27 2025 19:19:21 [SERVER-NAME] info: GET /api/v1/analytics/user-last-update 304 - 747.535 ms
Sat Dec 27 2025 19:19:21 [SERVER-NAME] info: GET /api/v1/analytics/ 304 - 770.480 ms
Sat Dec 27 2025 19:19:23 [SERVER-NAME] info: GET /api/v1/appointments/all/appointment?searchTerm= 200 - 466.718 ms
Sat Dec 27 2025 19:19:24 [SERVER-NAME] info: OPTIONS /api/v1/ad/?page=1 204 - 0.421 ms
Sat Dec 27 2025 19:19:24 [SERVER-NAME] info: GET /api/v1/ad/?page=1 304 - 466.968 ms
Sat Dec 27 2025 19:19:40 [SERVER-NAME] info: OPTIONS /api/v1/users/profile 204 - 0.117 ms
Sat Dec 27 2025 19:19:40 [SERVER-NAME] info: OPTIONS /api/v1/ad/?page=1 204 - 0.091 ms
Sat Dec 27 2025 19:19:41 [SERVER-NAME] info: GET /api/v1/users/profile 304 - 300.370 ms
Sat Dec 27 2025 19:19:41 [SERVER-NAME] info: GET /api/v1/ad/?page=1 304 - 461.823 ms
Sat Dec 27 2025 19:22:28 [SERVER-NAME] info: OPTIONS /api/v1/users/profile 204 - 0.124 ms
Sat Dec 27 2025 19:22:28 [SERVER-NAME] info: OPTIONS /api/v1/ad/?page=1 204 - 0.085 ms
Sat Dec 27 2025 19:22:29 [SERVER-NAME] info: GET /api/v1/users/profile 304 - 308.050 ms
Sat Dec 27 2025 19:22:29 [SERVER-NAME] info: GET /api/v1/ad/?page=1 200 - 450.010 ms
Sat Dec 27 2025 19:23:30 [SERVER-NAME] info: OPTIONS /api/v1/users/profile 204 - 0.101 ms
Sat Dec 27 2025 19:23:30 [SERVER-NAME] info: OPTIONS /api/v1/ad/?page=1 204 - 0.085 ms
Sat Dec 27 2025 19:23:31 [SERVER-NAME] info: GET /api/v1/users/profile 304 - 306.033 ms
Sat Dec 27 2025 19:23:31 [SERVER-NAME] info: GET /api/v1/ad/?page=1 304 - 452.302 ms
Sat Dec 27 2025 19:25:8 [SERVER-NAME] info: OPTIONS /api/v1/users/profile 204 - 0.130 ms
Sat Dec 27 2025 19:25:8 [SERVER-NAME] info: OPTIONS /api/v1/ad/?page=1 204 - 0.102 ms
Sat Dec 27 2025 19:25:9 [SERVER-NAME] info: GET /api/v1/users/profile 304 - 307.892 ms
Sat Dec 27 2025 19:25:9 [SERVER-NAME] info: GET /api/v1/ad/?page=1 304 - 456.293 ms
Sat Dec 27 2025 19:25:12 [SERVER-NAME] info: OPTIONS /api/v1/ad/ 204 - 0.093 ms
Sat Dec 27 2025 19:25:16 [SERVER-NAME] info: POST /api/v1/ad/ 201 - 1947.720 ms
Sat Dec 27 2025 19:25:16 [SERVER-NAME] info: OPTIONS /api/v1/ad/?page=1 204 - 0.142 ms
Sat Dec 27 2025 19:25:17 [SERVER-NAME] info: GET /api/v1/ad/?page=1 200 - 450.851 ms
Sat Dec 27 2025 19:25:30 [SERVER-NAME] info: POST /api/v1/calculator/loan-repayment-calculator 200 - 305.697 ms
Sat Dec 27 2025 19:25:30 [SERVER-NAME] info: GET /api/v1/ad/random-ads 200 - 300.468 ms
Sat Dec 27 2025 19:25:32 [SERVER-NAME] info: OPTIONS /api/v1/ad/?page=1 204 - 0.109 ms
Sat Dec 27 2025 19:25:32 [SERVER-NAME] info: OPTIONS /api/v1/users/profile 204 - 0.080 ms
Sat Dec 27 2025 19:25:32 [SERVER-NAME] info: GET /api/v1/users/profile 304 - 307.821 ms
Sat Dec 27 2025 19:25:33 [SERVER-NAME] info: GET /api/v1/ad/?page=1 200 - 449.960 ms
Sat Dec 27 2025 19:27:27 [SERVER-NAME] info: GET /api/v1/ad/random-ads 200 - 299.671 ms
Sat Dec 27 2025 19:27:42 [SERVER-NAME] info: GET /api/v1/ad/random-ads 304 - 302.100 ms
Sat Dec 27 2025 19:27:50 [SERVER-NAME] info: POST /api/v1/calculator/loan-repayment-calculator 200 - 310.240 ms
Sat Dec 27 2025 19:27:51 [SERVER-NAME] info: GET /api/v1/ad/random-ads 304 - 302.412 ms
Sat Dec 27 2025 19:28:1 [SERVER-NAME] info: POST /api/v1/calculator/loan-repayment-calculator 200 - 307.407 ms
Sat Dec 27 2025 19:28:2 [SERVER-NAME] info: GET /api/v1/ad/random-ads 200 - 305.547 ms
Sat Dec 27 2025 19:29:6 [SERVER-NAME] info: GET /api/v1/ad/random-ads 200 - 308.649 ms
Sat Dec 27 2025 19:29:31 [SERVER-NAME] info: POST /api/v1/calculator/loan-repayment-calculator 200 - 321.290 ms
Sat Dec 27 2025 19:29:32 [SERVER-NAME] info: GET /api/v1/ad/random-ads 200 - 302.767 ms
Sat Dec 27 2025 19:30:3 [SERVER-NAME] info: GET /api/v1/ad/random-ads 200 - 312.337 ms
Sat Dec 27 2025 19:30:13 [SERVER-NAME] info: POST /api/v1/calculator/loan-repayment-calculator 200 - 308.371 ms
Sat Dec 27 2025 19:30:13 [SERVER-NAME] info: GET /api/v1/ad/random-ads 304 - 302.081 ms
Sat Dec 27 2025 19:30:22 [SERVER-NAME] info: POST /api/v1/calculator/loan-repayment-calculator 200 - 305.316 ms
Sat Dec 27 2025 19:30:23 [SERVER-NAME] info: GET /api/v1/ad/random-ads 200 - 303.619 ms
Sat Dec 27 2025 19:30:48 [SERVER-NAME] info: GET /api/v1/ad/random-ads 200 - 303.382 ms
Sat Dec 27 2025 19:30:58 [SERVER-NAME] info: GET /api/v1/ad/random-ads 304 - 308.173 ms
Sat Dec 27 2025 19:31:6 [SERVER-NAME] info: POST /api/v1/calculator/loan-repayment-calculator 200 - 303.833 ms
Sat Dec 27 2025 19:31:7 [SERVER-NAME] info: GET /api/v1/ad/random-ads 200 - 300.338 ms
Sat Dec 27 2025 19:31:56 [SERVER-NAME] info: POST /api/v1/calculator/loan-repayment-calculator 200 - 304.308 ms
Sat Dec 27 2025 19:31:57 [SERVER-NAME] info: GET /api/v1/ad/random-ads 200 - 304.602 ms
Sat Dec 27 2025 19:33:24 [SERVER-NAME] info: POST /api/v1/calculator/loan-repayment-calculator 200 - 308.266 ms
Sat Dec 27 2025 19:33:24 [SERVER-NAME] info: GET /api/v1/ad/random-ads 200 - 299.678 ms
Sat Dec 27 2025 19:33:58 [SERVER-NAME] info: GET /api/v1/ad/random-ads 304 - 299.926 ms
Sat Dec 27 2025 19:34:17 [SERVER-NAME] info: GET /api/v1/ad/random-ads 304 - 301.236 ms
Sat Dec 27 2025 19:35:46 [SERVER-NAME] info: POST /api/v1/calculator/loan-repayment-calculator 200 - 310.641 ms
Sat Dec 27 2025 19:35:47 [SERVER-NAME] info: GET /api/v1/ad/random-ads 200 - 300.654 ms
Sat Dec 27 2025 19:36:8 [SERVER-NAME] info: GET /api/v1/ad/random-ads 200 - 299.923 ms
Sat Dec 27 2025 19:36:16 [SERVER-NAME] info: GET /api/v1/ad/random-ads 200 - 309.427 ms
Sat Dec 27 2025 19:36:31 [SERVER-NAME] info: GET /api/v1/ad/random-ads 200 - 301.466 ms
Sat Dec 27 2025 19:36:40 [SERVER-NAME] info: OPTIONS /api/v1/ad/ 204 - 0.092 ms
Sat Dec 27 2025 19:36:41 [SERVER-NAME] info: GET /api/v1/ad/random-ads 200 - 317.359 ms
Sat Dec 27 2025 19:36:44 [SERVER-NAME] info: POST /api/v1/ad/ 201 - 1747.825 ms
Sat Dec 27 2025 19:36:44 [SERVER-NAME] info: OPTIONS /api/v1/ad/?page=1 204 - 0.114 ms
Sat Dec 27 2025 19:36:45 [SERVER-NAME] info: GET /api/v1/ad/?page=1 200 - 451.817 ms
Sat Dec 27 2025 19:36:59 [SERVER-NAME] info: GET /api/v1/ad/random-ads 200 - 300.169 ms
Sat Dec 27 2025 19:37:16 [SERVER-NAME] info: POST /api/v1/calculator/loan-repayment-calculator 200 - 319.506 ms
Sat Dec 27 2025 19:37:17 [SERVER-NAME] info: GET /api/v1/ad/random-ads 200 - 305.960 ms
Sat Dec 27 2025 19:37:21 [SERVER-NAME] info: POST /api/v1/calculator/loan-repayment-calculator 200 - 308.879 ms
Sat Dec 27 2025 19:37:22 [SERVER-NAME] info: GET /api/v1/ad/random-ads 200 - 304.528 ms
Sat Dec 27 2025 19:37:39 [SERVER-NAME] info: GET / 200 - 0.717 ms
Sat Dec 27 2025 19:37:42 [SERVER-NAME] info: GET / 200 - 0.380 ms
Sat Dec 27 2025 19:37:43 [SERVER-NAME] info: GET / 200 - 1.104 ms
Sat Dec 27 2025 19:37:44 [SERVER-NAME] info: GET / 200 - 0.346 ms
Sat Dec 27 2025 19:37:46 [SERVER-NAME] info: GET / 200 - 0.334 ms
Sat Dec 27 2025 19:37:51 [SERVER-NAME] info: GET / 200 - 0.502 ms
Sat Dec 27 2025 19:38:2 [SERVER-NAME] info: GET / 200 - 0.679 ms
Sat Dec 27 2025 19:38:3 [SERVER-NAME] info: GET / 200 - 1.087 ms
Sat Dec 27 2025 19:38:59 [SERVER-NAME] info: OPTIONS /api/v1/ad/ 204 - 0.119 ms
Sat Dec 27 2025 19:39:3 [SERVER-NAME] info: POST /api/v1/ad/ 201 - 1914.202 ms
Sat Dec 27 2025 19:39:3 [SERVER-NAME] info: OPTIONS /api/v1/ad/?page=1 204 - 0.091 ms
Sat Dec 27 2025 19:39:4 [SERVER-NAME] info: GET /api/v1/ad/?page=1 200 - 457.903 ms
Sat Dec 27 2025 19:39:18 [SERVER-NAME] info: POST /api/v1/calculator/loan-repayment-calculator 200 - 315.621 ms
Sat Dec 27 2025 19:39:18 [SERVER-NAME] info: GET /api/v1/ad/random-ads 304 - 304.340 ms
Sat Dec 27 2025 19:39:25 [SERVER-NAME] info: POST /api/v1/calculator/loan-repayment-calculator 200 - 309.615 ms
Sat Dec 27 2025 19:39:26 [SERVER-NAME] info: GET /api/v1/ad/random-ads 200 - 317.051 ms
Sat Dec 27 2025 19:39:35 [SERVER-NAME] info: POST /api/v1/calculator/loan-repayment-calculator 200 - 309.786 ms
Sat Dec 27 2025 19:39:36 [SERVER-NAME] info: GET /api/v1/ad/random-ads 200 - 305.331 ms
Sat Dec 27 2025 19:39:40 [SERVER-NAME] info: OPTIONS /api/v1/ad/?page=1 204 - 0.093 ms
Sat Dec 27 2025 19:39:40 [SERVER-NAME] info: OPTIONS /api/v1/users/profile 204 - 0.071 ms
Sat Dec 27 2025 19:39:40 [SERVER-NAME] info: POST /api/v1/calculator/loan-repayment-calculator 200 - 308.802 ms
Sat Dec 27 2025 19:39:41 [SERVER-NAME] info: GET /api/v1/users/profile 304 - 302.812 ms
Sat Dec 27 2025 19:39:41 [SERVER-NAME] info: GET /api/v1/ad/?page=1 200 - 453.047 ms
Sat Dec 27 2025 19:39:41 [SERVER-NAME] info: GET /api/v1/ad/random-ads 200 - 302.295 ms
Sat Dec 27 2025 19:39:45 [SERVER-NAME] info: OPTIONS /api/v1/ad/695012ec84ba8ed56648faad 204 - 0.465 ms
Sat Dec 27 2025 19:39:46 [SERVER-NAME] info: POST /api/v1/calculator/loan-repayment-calculator 200 - 307.380 ms
Sat Dec 27 2025 19:39:46 [SERVER-NAME] info: DELETE /api/v1/ad/695012ec84ba8ed56648faad 200 - 464.719 ms
Sat Dec 27 2025 19:39:46 [SERVER-NAME] info: OPTIONS /api/v1/ad/?page=1 204 - 0.083 ms
Sat Dec 27 2025 19:39:47 [SERVER-NAME] info: GET /api/v1/ad/random-ads 304 - 305.366 ms
Sat Dec 27 2025 19:39:47 [SERVER-NAME] info: GET /api/v1/ad/?page=1 200 - 458.355 ms
Sat Dec 27 2025 19:39:53 [SERVER-NAME] info: POST /api/v1/calculator/loan-repayment-calculator 200 - 305.448 ms
Sat Dec 27 2025 19:39:53 [SERVER-NAME] info: GET /api/v1/ad/random-ads 304 - 301.690 ms
Sat Dec 27 2025 19:39:59 [SERVER-NAME] info: POST /api/v1/calculator/loan-repayment-calculator 200 - 305.895 ms
Sat Dec 27 2025 19:40:0 [SERVER-NAME] info: GET /api/v1/ad/random-ads 200 - 303.373 ms
Sat Dec 27 2025 19:41:15 [SERVER-NAME] info: GET /api/v1/ad/random-ads 200 - 303.808 ms
Sat Dec 27 2025 19:41:25 [SERVER-NAME] info: GET /api/v1/ad/random-ads 200 - 303.771 ms
Sat Dec 27 2025 19:41:45 [SERVER-NAME] info: GET /api/v1/ad/random-ads 200 - 302.802 ms
Sat Dec 27 2025 19:47:41 [SERVER-NAME] info: GET /api/v1/analytics/ 304 - 757.766 ms
Sat Dec 27 2025 19:47:41 [SERVER-NAME] info: GET /api/v1/analytics/user-last-update 304 - 757.856 ms
Sat Dec 27 2025 19:47:57 [SERVER-NAME] info: POST /api/v1/calculator/inflation-calculator 200 - 326.849 ms
Sat Dec 27 2025 19:49:48 [SERVER-NAME] info: POST /api/v1/calculator/historical-inflation-calculator 200 - 498.028 ms
Sat Dec 27 2025 19:50:11 [SERVER-NAME] info: GET /api/v1/ad/random-ads 304 - 304.560 ms
Sat Dec 27 2025 19:50:20 [SERVER-NAME] info: GET /api/v1/budgets/type 304 - 605.215 ms
Sat Dec 27 2025 19:50:25 [SERVER-NAME] info: GET /api/v1/analytics/user-last-update 304 - 758.772 ms
Sat Dec 27 2025 19:50:25 [SERVER-NAME] info: GET /api/v1/analytics/ 304 - 767.469 ms
Sat Dec 27 2025 19:50:33 [SERVER-NAME] info: GET /api/v1/expenses/ 304 - 302.907 ms
Sat Dec 27 2025 19:50:39 [SERVER-NAME] info: GET /api/v1/expenses/analytics 304 - 304.834 ms
Sat Dec 27 2025 19:50:49 [SERVER-NAME] info: GET /api/v1/expenses/ 304 - 301.935 ms
Sat Dec 27 2025 19:50:52 [SERVER-NAME] info: GET /api/v1/analytics/user-last-update 304 - 752.792 ms
Sat Dec 27 2025 19:50:52 [SERVER-NAME] info: GET /api/v1/analytics/ 304 - 760.391 ms
Sat Dec 27 2025 19:52:13 [SERVER-NAME] info: GET /api/v1/budgets/type 304 - 597.821 ms
Sat Dec 27 2025 19:53:18 [SERVER-NAME] info: GET /api/v1/analytics/ 304 - 753.820 ms
Sat Dec 27 2025 19:53:18 [SERVER-NAME] info: GET /api/v1/analytics/user-last-update 304 - 755.990 ms
Sat Dec 27 2025 19:54:7 [SERVER-NAME] info: OPTIONS /api/v1/appointments/all/appointment?searchTerm= 204 - 0.096 ms
Sat Dec 27 2025 19:54:8 [SERVER-NAME] info: GET /api/v1/appointments/all/appointment?searchTerm= 200 - 461.586 ms
Sat Dec 27 2025 19:54:13 [SERVER-NAME] info: OPTIONS /api/v1/users?page=1&limit=10 204 - 0.087 ms
Sat Dec 27 2025 19:54:13 [SERVER-NAME] info: OPTIONS /api/v1/admin/stats?year=2025 204 - 0.250 ms
Sat Dec 27 2025 19:54:14 [SERVER-NAME] info: GET /api/v1/users?page=1&limit=10 200 - 303.613 ms
Sat Dec 27 2025 19:54:14 [SERVER-NAME] info: GET /api/v1/admin/stats?year=2025 200 - 900.580 ms
Sat Dec 27 2025 19:54:17 [SERVER-NAME] info: OPTIONS /api/v1/users?searchTerm=&status=all&page=1&limit=10 204 - 0.084 ms
Sat Dec 27 2025 19:54:17 [SERVER-NAME] info: GET /api/v1/users?searchTerm=&status=all&page=1&limit=10 200 - 301.505 ms
