Sat Dec 27 2025 18:35:4 [SERVER-NAME] info: GET /api/v1/budgets/type 304 - 607.403 ms
Sat Dec 27 2025 18:35:12 [SERVER-NAME] info: GET /api/v1/budgets/type 304 - 608.208 ms
Sat Dec 27 2025 18:35:14 [SERVER-NAME] info: GET /api/v1/budgets/type?type=personal 200 - 605.506 ms
Sat Dec 27 2025 18:35:16 [SERVER-NAME] info: GET /api/v1/budgets/type?type=household 200 - 757.909 ms
Sat Dec 27 2025 18:35:25 [SERVER-NAME] info: GET /api/v1/debts/insights 304 - 307.016 ms
Sat Dec 27 2025 18:35:30 [SERVER-NAME] info: GET /api/v1/analytics/user-last-update 304 - 763.666 ms
Sat Dec 27 2025 18:35:30 [SERVER-NAME] info: GET /api/v1/analytics/ 304 - 771.911 ms
Sat Dec 27 2025 18:36:41 [SERVER-NAME] info: GET /api/v1/debts/insights 304 - 303.971 ms
Sat Dec 27 2025 18:41:41 [SERVER-NAME] info: GET /api/v1/budgets/type?type=household 304 - 762.062 ms
Sat Dec 27 2025 18:41:43 [SERVER-NAME] info: GET /api/v1/budgets/type 304 - 607.871 ms
Sat Dec 27 2025 18:41:44 [SERVER-NAME] info: GET /api/v1/ad/random-ads 304 - 305.981 ms
Sat Dec 27 2025 18:41:48 [SERVER-NAME] info: POST /api/v1/calculator/loan-repayment-calculator 200 - 317.451 ms
Sat Dec 27 2025 18:41:49 [SERVER-NAME] info: GET /api/v1/ad/random-ads 304 - 307.475 ms
Sat Dec 27 2025 18:43:30 [SERVER-NAME] info: GET /api/v1/budgets/type 304 - 606.352 ms
Sat Dec 27 2025 18:43:34 [SERVER-NAME] info: GET /api/v1/debts/insights 304 - 305.061 ms
Sat Dec 27 2025 18:58:59 [SERVER-NAME] info: OPTIONS /api/v1/admin/stats?year=2025 204 - 0.258 ms
Sat Dec 27 2025 18:58:59 [SERVER-NAME] info: OPTIONS /api/v1/users?page=1&limit=10 204 - 0.102 ms
Sat Dec 27 2025 18:58:59 [SERVER-NAME] info: OPTIONS /api/v1/users/profile 204 - 0.091 ms
Sat Dec 27 2025 18:59:0 [SERVER-NAME] info: GET /api/v1/users/profile 304 - 304.988 ms
Sat Dec 27 2025 18:59:0 [SERVER-NAME] info: GET /api/v1/users?page=1&limit=10 304 - 314.988 ms
Sat Dec 27 2025 18:59:1 [SERVER-NAME] info: GET /api/v1/admin/stats?year=2025 304 - 927.511 ms
Sat Dec 27 2025 18:59:5 [SERVER-NAME] info: OPTIONS /api/v1/admin/stats?year=2020 204 - 0.125 ms
Sat Dec 27 2025 18:59:6 [SERVER-NAME] info: GET /api/v1/admin/stats?year=2020 200 - 923.272 ms
Sat Dec 27 2025 18:59:9 [SERVER-NAME] info: OPTIONS /api/v1/admin/stats?year=1926 204 - 0.130 ms
Sat Dec 27 2025 18:59:10 [SERVER-NAME] info: GET /api/v1/admin/stats?year=1926 200 - 920.570 ms
Sat Dec 27 2025 18:59:45 [SERVER-NAME] info: OPTIONS /api/v1/users?searchTerm=&status=all&page=1&limit=10 204 - 0.124 ms
Sat Dec 27 2025 18:59:46 [SERVER-NAME] info: GET /api/v1/users?searchTerm=&status=all&page=1&limit=10 200 - 309.452 ms
Sat Dec 27 2025 18:59:57 [SERVER-NAME] info: OPTIONS /api/v1/admin/users/finance-track?searchTerm= 204 - 0.115 ms
Sat Dec 27 2025 18:59:59 [SERVER-NAME] info: GET /api/v1/admin/users/finance-track?searchTerm= 200 - 1441.874 ms
