Sat Dec 27 2025 22:4:47 [SERVER-NAME] info: OPTIONS /api/v1/users/profile 204 - 1.001 ms
Sat Dec 27 2025 22:4:47 [SERVER-NAME] info: OPTIONS /api/v1/appointments/all/appointment?searchTerm= 204 - 0.119 ms
Sat Dec 27 2025 22:4:48 [SERVER-NAME] info: GET /api/v1/users/profile 304 - 314.102 ms
Sat Dec 27 2025 22:4:48 [SERVER-NAME] info: GET /api/v1/appointments/all/appointment?searchTerm= 304 - 470.758 ms
Sat Dec 27 2025 22:15:42 [SERVER-NAME] info: POST /api/v1/auth/login 200 - 667.602 ms
Sat Dec 27 2025 22:15:44 [SERVER-NAME] info: GET /api/v1/notifications/ 200 - 461.018 ms
Sat Dec 27 2025 22:15:44 [SERVER-NAME] info: GET /api/v1/analytics/ 200 - 767.833 ms
Sat Dec 27 2025 22:15:45 [SERVER-NAME] info: GET /api/v1/analytics/user-last-update 200 - 744.105 ms
Sat Dec 27 2025 22:20:39 [SERVER-NAME] info: POST /api/v1/auth/login 200 - 657.913 ms
Sat Dec 27 2025 22:20:41 [SERVER-NAME] info: GET /api/v1/notifications/ 200 - 454.881 ms
Sat Dec 27 2025 22:20:41 [SERVER-NAME] info: GET /api/v1/analytics/ 200 - 748.862 ms
Sat Dec 27 2025 22:20:41 [SERVER-NAME] info: GET /api/v1/analytics/user-last-update 200 - 755.252 ms
Sat Dec 27 2025 22:21:8 [SERVER-NAME] info: PATCH /api/v1/users/profile 200 - 1224.926 ms
Sat Dec 27 2025 22:21:14 [SERVER-NAME] info: GET /api/v1/analytics/user-last-update 304 - 751.837 ms
Sat Dec 27 2025 22:21:15 [SERVER-NAME] info: GET /api/v1/analytics/ 200 - 749.040 ms
Sat Dec 27 2025 22:22:44 [SERVER-NAME] info: GET /api/v1/ad/random-ads 200 - 302.443 ms
Sat Dec 27 2025 22:22:45 [SERVER-NAME] info: GET /api/v1/budgets/type 304 - 598.066 ms
Sat Dec 27 2025 22:24:26 [SERVER-NAME] info: GET / 200 - 0.749 ms
Sat Dec 27 2025 22:32:7 [SERVER-NAME] info: GET /api/v1/budgets/analytics 200 - 303.443 ms
Sat Dec 27 2025 22:32:14 [SERVER-NAME] info: GET /api/v1/budgets/type 304 - 596.890 ms
Sat Dec 27 2025 22:32:16 [SERVER-NAME] info: GET /api/v1/budgets/type 304 - 596.213 ms
Sat Dec 27 2025 22:32:33 [SERVER-NAME] info: PATCH /api/v1/budgets/694ae2bc900c71f87206b47d 200 - 462.031 ms
Sat Dec 27 2025 22:32:34 [SERVER-NAME] info: GET /api/v1/budgets/type 200 - 600.660 ms
Sat Dec 27 2025 22:32:38 [SERVER-NAME] info: GET /api/v1/budgets/type 304 - 600.874 ms
Sat Dec 27 2025 22:32:41 [SERVER-NAME] info: GET /api/v1/notifications/ 200 - 453.019 ms
Sat Dec 27 2025 22:32:41 [SERVER-NAME] info: GET /api/v1/analytics/ 200 - 600.740 ms
Sat Dec 27 2025 22:32:41 [SERVER-NAME] info: GET /api/v1/analytics/user-last-update 304 - 752.496 ms
Sat Dec 27 2025 22:32:44 [SERVER-NAME] info: GET /api/v1/budgets/analytics 200 - 303.656 ms
Sat Dec 27 2025 22:32:49 [SERVER-NAME] info: GET /api/v1/budgets/type 304 - 605.796 ms
Sat Dec 27 2025 22:32:56 [SERVER-NAME] info: GET /api/v1/budgets/type 304 - 605.501 ms
Sat Dec 27 2025 22:33:5 [SERVER-NAME] info: PATCH /api/v1/budgets/694ae1e2900c71f87206b44b 200 - 458.740 ms
Sat Dec 27 2025 22:33:6 [SERVER-NAME] info: GET /api/v1/budgets/type 200 - 607.323 ms
Sat Dec 27 2025 22:33:8 [SERVER-NAME] info: GET /api/v1/budgets/type 200 - 604.438 ms
Sat Dec 27 2025 22:33:15 [SERVER-NAME] info: GET /api/v1/budgets/type 304 - 604.734 ms
Sat Dec 27 2025 22:33:19 [SERVER-NAME] info: GET /api/v1/budgets/analytics 200 - 305.149 ms
Sat Dec 27 2025 22:33:26 [SERVER-NAME] info: GET /api/v1/budgets/type 304 - 605.870 ms
Sat Dec 27 2025 22:33:34 [SERVER-NAME] info: GET /api/v1/budgets/analytics 304 - 306.149 ms
Sat Dec 27 2025 22:33:40 [SERVER-NAME] info: GET /api/v1/analytics/user-last-update 304 - 772.674 ms
Sat Dec 27 2025 22:33:41 [SERVER-NAME] info: GET /api/v1/analytics/ 200 - 750.213 ms
Sat Dec 27 2025 22:33:43 [SERVER-NAME] info: GET /api/v1/budgets/analytics 304 - 300.139 ms
Sat Dec 27 2025 22:33:54 [SERVER-NAME] info: GET /api/v1/analytics/ 304 - 600.939 ms
Sat Dec 27 2025 22:33:54 [SERVER-NAME] info: GET /api/v1/analytics/user-last-update 304 - 752.682 ms
Sat Dec 27 2025 22:34:43 [SERVER-NAME] info: POST /api/v1/auth/login 200 - 640.847 ms
Sat Dec 27 2025 22:34:44 [SERVER-NAME] info: GET /api/v1/notifications/ 200 - 455.078 ms
Sat Dec 27 2025 22:34:44 [SERVER-NAME] info: GET /api/v1/analytics/ 200 - 760.720 ms
Sat Dec 27 2025 22:34:44 [SERVER-NAME] info: GET /api/v1/analytics/user-last-update 200 - 758.805 ms
Sat Dec 27 2025 22:35:10 [SERVER-NAME] info: GET /api/v1/budgets/type 200 - 605.634 ms
Sat Dec 27 2025 22:35:10 [SERVER-NAME] info: GET /api/v1/budgets/analytics 200 - 308.476 ms
Sat Dec 27 2025 22:35:13 [SERVER-NAME] info: GET /api/v1/budgets/type 304 - 604.663 ms
Sat Dec 27 2025 22:35:28 [SERVER-NAME] info: PATCH /api/v1/users/profile 200 - 1477.853 ms
Sat Dec 27 2025 22:35:30 [SERVER-NAME] info: GET /api/v1/analytics/user-last-update 304 - 754.970 ms
Sat Dec 27 2025 22:35:30 [SERVER-NAME] info: GET /api/v1/analytics/ 200 - 762.730 ms
Sat Dec 27 2025 22:36:33 [SERVER-NAME] info: GET /api/v1/budgets/type 200 - 606.623 ms
Sat Dec 27 2025 22:39:40 [SERVER-NAME] info: POST /api/v1/auth/login 200 - 650.499 ms
Sat Dec 27 2025 22:39:42 [SERVER-NAME] info: GET /api/v1/notifications/ 200 - 456.036 ms
Sat Dec 27 2025 22:39:42 [SERVER-NAME] info: GET /api/v1/analytics/ 200 - 763.429 ms
Sat Dec 27 2025 22:39:42 [SERVER-NAME] info: GET /api/v1/analytics/user-last-update 200 - 769.022 ms
Sat Dec 27 2025 22:39:50 [SERVER-NAME] info: GET /api/v1/budgets/type 200 - 609.979 ms
Sat Dec 27 2025 22:43:18 [SERVER-NAME] info: GET /api/v1/budgets/analytics 200 - 300.889 ms
Sat Dec 27 2025 22:43:21 [SERVER-NAME] info: GET /api/v1/budgets/type 304 - 602.759 ms
Sat Dec 27 2025 22:50:28 [SERVER-NAME] info: GET /api/v1/date-nights/ 200 - 604.872 ms
Sat Dec 27 2025 22:50:39 [SERVER-NAME] info: GET /api/v1/analytics/ 304 - 762.962 ms
Sat Dec 27 2025 22:50:39 [SERVER-NAME] info: GET /api/v1/analytics/user-last-update 304 - 751.049 ms
