Sat Dec 27 2025 21:9:28 [SERVER-NAME] info: OPTIONS /api/v1/users?page=1&limit=10 204 - 0.112 ms
Sat Dec 27 2025 21:9:28 [SERVER-NAME] info: OPTIONS /api/v1/admin/stats?year=2025 204 - 0.074 ms
Sat Dec 27 2025 21:9:28 [SERVER-NAME] info: OPTIONS /api/v1/users/profile 204 - 0.062 ms
Sat Dec 27 2025 21:9:29 [SERVER-NAME] info: GET /api/v1/users?page=1&limit=10 304 - 300.940 ms
Sat Dec 27 2025 21:9:29 [SERVER-NAME] info: GET /api/v1/users/profile 304 - 308.939 ms
Sat Dec 27 2025 21:9:29 [SERVER-NAME] info: GET /api/v1/admin/stats?year=2025 304 - 918.318 ms
Sat Dec 27 2025 21:9:32 [SERVER-NAME] info: OPTIONS /api/v1/appointments/all/appointment?searchTerm= 204 - 0.082 ms
Sat Dec 27 2025 21:9:32 [SERVER-NAME] info: GET /api/v1/appointments/all/appointment?searchTerm= 304 - 464.204 ms
Sat Dec 27 2025 21:20:46 [SERVER-NAME] info: GET /?XDEBUG_SESSION_START=phpstorm 200 - 3.026 ms
Sat Dec 27 2025 21:23:36 [SERVER-NAME] info: POST /api/v1/auth/login 200 - 665.201 ms
Sat Dec 27 2025 21:23:38 [SERVER-NAME] info: GET /api/v1/analytics/ 200 - 772.331 ms
Sat Dec 27 2025 21:23:38 [SERVER-NAME] info: GET /api/v1/notifications/ 200 - 465.013 ms
Sat Dec 27 2025 21:23:39 [SERVER-NAME] info: GET /api/v1/analytics/user-last-update 200 - 751.402 ms
Sat Dec 27 2025 21:24:7 [SERVER-NAME] info: GET /api/v1/date-nights/ 200 - 599.796 ms
Sat Dec 27 2025 21:24:15 [SERVER-NAME] info: GET /api/v1/analytics/ 304 - 755.055 ms
Sat Dec 27 2025 21:24:15 [SERVER-NAME] info: GET /api/v1/analytics/user-last-update 304 - 802.863 ms
Sat Dec 27 2025 21:24:31 [SERVER-NAME] info: GET /api/v1/incomes/ 200 - 304.977 ms
Sat Dec 27 2025 21:24:34 [SERVER-NAME] info: GET /api/v1/incomes/?frequency=monthly 200 - 304.596 ms
Sat Dec 27 2025 21:24:36 [SERVER-NAME] info: GET /api/v1/incomes/ 304 - 304.645 ms
Sat Dec 27 2025 21:24:46 [SERVER-NAME] info: GET /api/v1/incomes/ 304 - 306.087 ms
Sat Dec 27 2025 21:28:39 [SERVER-NAME] info: GET /api/v1/incomes/ 304 - 305.666 ms
Sat Dec 27 2025 21:28:39 [SERVER-NAME] info: GET /api/v1/date-nights/ 304 - 600.832 ms
Sat Dec 27 2025 21:28:40 [SERVER-NAME] info: GET /api/v1/analytics/user-last-update 304 - 754.730 ms
Sat Dec 27 2025 21:28:40 [SERVER-NAME] info: GET /api/v1/analytics/ 304 - 775.933 ms
Sat Dec 27 2025 21:28:42 [SERVER-NAME] info: GET /api/v1/analytics/ 304 - 796.932 ms
Sat Dec 27 2025 21:28:42 [SERVER-NAME] info: GET /api/v1/analytics/user-last-update 304 - 754.691 ms
Sat Dec 27 2025 21:28:43 [SERVER-NAME] info: GET /api/v1/budgets/type 200 - 603.819 ms
Sat Dec 27 2025 21:31:19 [SERVER-NAME] info: POST /api/v1/auth/login 200 - 735.562 ms
Sat Dec 27 2025 21:31:21 [SERVER-NAME] info: GET /api/v1/notifications/ 200 - 448.029 ms
Sat Dec 27 2025 21:31:21 [SERVER-NAME] info: GET /api/v1/analytics/ 200 - 760.728 ms
Sat Dec 27 2025 21:31:21 [SERVER-NAME] info: GET /api/v1/analytics/user-last-update 200 - 767.311 ms
Sat Dec 27 2025 21:31:25 [SERVER-NAME] info: [34mSIGINT received. Shutting down gracefully...[39m
Sat Dec 27 2025 21:32:15 [SERVER-NAME] info: [34mMaster 2721507 is running[39m
Sat Dec 27 2025 21:32:15 [SERVER-NAME] info: [34mStarting 1 workers...[39m
Sat Dec 27 2025 21:32:16 [SERVER-NAME] info: [34mWorker 2721541 started[39m
Sat Dec 27 2025 21:32:16 [SERVER-NAME] info: [32mConfig validation successful.[39m
Sat Dec 27 2025 21:32:18 [SERVER-NAME] info: [46m🚀 Database connected successfully[49m
Sat Dec 27 2025 21:32:19 [SERVER-NAME] info: [32mWorker 2721541 is ready to accept connections[39m
Sat Dec 27 2025 21:32:19 [SERVER-NAME] info: [33m♻️  Application & Socket listening on http://0.0.0.0:5000 or http://localhost:5000 in production mode[39m
Sat Dec 27 2025 21:32:44 [SERVER-NAME] info: GET / 200 - 2.739 ms
Sat Dec 27 2025 21:33:37 [SERVER-NAME] info: GET /api/v1/notifications/ 200 - 469.200 ms
Sat Dec 27 2025 21:33:37 [SERVER-NAME] info: GET /api/v1/analytics/ 200 - 786.344 ms
Sat Dec 27 2025 21:33:37 [SERVER-NAME] info: GET /api/v1/analytics/user-last-update 200 - 785.202 ms
Sat Dec 27 2025 21:33:54 [SERVER-NAME] info: GET /api/v1/analytics/ 304 - 767.234 ms
Sat Dec 27 2025 21:33:54 [SERVER-NAME] info: GET /api/v1/analytics/user-last-update 304 - 773.994 ms
Sat Dec 27 2025 21:33:54 [SERVER-NAME] info: GET /api/v1/saving-goals/ 200 - 455.179 ms
Sat Dec 27 2025 21:33:54 [SERVER-NAME] info: GET /api/v1/analytics/ 304 - 753.616 ms
Sat Dec 27 2025 21:33:56 [SERVER-NAME] info: GET /api/v1/analytics/ 304 - 755.797 ms
Sat Dec 27 2025 21:33:58 [SERVER-NAME] info: GET /api/v1/analytics/ 304 - 754.285 ms
Sat Dec 27 2025 21:33:59 [SERVER-NAME] info: GET /api/v1/analytics/user-last-update 304 - 755.893 ms
Sat Dec 27 2025 21:34:12 [SERVER-NAME] info: GET /api/v1/notifications/ 304 - 464.494 ms
Sat Dec 27 2025 21:34:13 [SERVER-NAME] info: GET /api/v1/analytics/user-last-update 304 - 754.819 ms
Sat Dec 27 2025 21:34:13 [SERVER-NAME] info: GET /api/v1/analytics/ 304 - 762.698 ms
Sat Dec 27 2025 21:35:42 [SERVER-NAME] info: GET /api/v1/budgets/type 200 - 608.007 ms
Sat Dec 27 2025 21:35:42 [SERVER-NAME] info: GET /api/v1/analytics/ 304 - 759.414 ms
Sat Dec 27 2025 21:35:42 [SERVER-NAME] info: GET /api/v1/analytics/user-last-update 304 - 764.827 ms
Sat Dec 27 2025 21:35:48 [SERVER-NAME] info: GET /api/v1/budgets/type 304 - 617.045 ms
Sat Dec 27 2025 21:38:50 [SERVER-NAME] info: GET /api/v1/notifications/ 304 - 473.780 ms
Sat Dec 27 2025 21:38:51 [SERVER-NAME] info: GET /api/v1/analytics/user-last-update 304 - 755.534 ms
Sat Dec 27 2025 21:38:51 [SERVER-NAME] info: GET /api/v1/analytics/ 304 - 758.605 ms
Sat Dec 27 2025 21:38:55 [SERVER-NAME] info: GET /api/v1/budgets/type 304 - 605.422 ms
Sat Dec 27 2025 21:39:11 [SERVER-NAME] info: GET /api/v1/budgets/type 304 - 600.140 ms
Sat Dec 27 2025 21:39:14 [SERVER-NAME] info: GET /api/v1/budgets/type?type=household 200 - 752.475 ms
Sat Dec 27 2025 21:39:19 [SERVER-NAME] info: GET /api/v1/partner-requests/ 200 - 607.097 ms
Sat Dec 27 2025 21:40:24 [SERVER-NAME] info: GET /api/v1/analytics/ 304 - 757.521 ms
Sat Dec 27 2025 21:40:24 [SERVER-NAME] info: GET /api/v1/analytics/user-last-update 304 - 757.082 ms
Sat Dec 27 2025 21:40:38 [SERVER-NAME] info: GET /api/v1/analytics/ 304 - 757.283 ms
Sat Dec 27 2025 21:40:39 [SERVER-NAME] info: GET /api/v1/analytics/user-last-update 304 - 753.815 ms
Sat Dec 27 2025 21:45:28 [SERVER-NAME] info: GET /api/v1/notifications/ 304 - 464.921 ms
Sat Dec 27 2025 21:45:28 [SERVER-NAME] info: GET /api/v1/analytics/user-last-update 304 - 743.866 ms
Sat Dec 27 2025 21:45:28 [SERVER-NAME] info: GET /api/v1/analytics/ 304 - 758.038 ms
Sat Dec 27 2025 21:45:51 [SERVER-NAME] info: GET /api/v1/analytics/ 304 - 765.442 ms
Sat Dec 27 2025 21:45:51 [SERVER-NAME] info: GET /api/v1/notifications/ 304 - 468.415 ms
Sat Dec 27 2025 21:45:51 [SERVER-NAME] info: GET /api/v1/analytics/user-last-update 304 - 748.705 ms
Sat Dec 27 2025 21:46:10 [SERVER-NAME] info: GET /api/v1/analytics/user-last-update 304 - 748.476 ms
Sat Dec 27 2025 21:46:10 [SERVER-NAME] info: GET /api/v1/notifications/ 304 - 451.659 ms
Sat Dec 27 2025 21:46:10 [SERVER-NAME] info: GET /api/v1/analytics/ 304 - 775.995 ms
Sat Dec 27 2025 21:46:35 [SERVER-NAME] info: GET /api/v1/notifications/ 304 - 446.365 ms
Sat Dec 27 2025 21:46:35 [SERVER-NAME] info: GET /api/v1/analytics/user-last-update 304 - 776.725 ms
Sat Dec 27 2025 21:46:35 [SERVER-NAME] info: GET /api/v1/analytics/ 304 - 755.227 ms
Sat Dec 27 2025 21:46:43 [SERVER-NAME] info: GET /api/v1/analytics/ 304 - 758.974 ms
Sat Dec 27 2025 21:46:43 [SERVER-NAME] info: GET /api/v1/notifications/ 304 - 448.103 ms
Sat Dec 27 2025 21:46:43 [SERVER-NAME] info: GET /api/v1/analytics/user-last-update 304 - 784.805 ms
Sat Dec 27 2025 21:46:59 [SERVER-NAME] info: GET /api/v1/analytics/ 304 - 776.951 ms
Sat Dec 27 2025 21:47:0 [SERVER-NAME] info: GET /api/v1/notifications/ 304 - 449.877 ms
Sat Dec 27 2025 21:47:0 [SERVER-NAME] info: GET /api/v1/analytics/user-last-update 304 - 743.531 ms
Sat Dec 27 2025 21:47:13 [SERVER-NAME] info: GET /api/v1/notifications/ 304 - 452.558 ms
Sat Dec 27 2025 21:47:13 [SERVER-NAME] info: GET /api/v1/analytics/ 304 - 778.776 ms
Sat Dec 27 2025 21:47:13 [SERVER-NAME] info: GET /api/v1/analytics/user-last-update 304 - 745.857 ms
Sat Dec 27 2025 21:47:21 [SERVER-NAME] info: GET /api/v1/notifications/ 304 - 461.378 ms
Sat Dec 27 2025 21:47:21 [SERVER-NAME] info: GET /api/v1/analytics/ 304 - 749.020 ms
Sat Dec 27 2025 21:47:21 [SERVER-NAME] info: GET /api/v1/analytics/user-last-update 304 - 777.418 ms
Sat Dec 27 2025 21:47:33 [SERVER-NAME] info: PATCH /api/v1/users/profile 200 - 1783.041 ms
Sat Dec 27 2025 21:47:33 [SERVER-NAME] info: GET /api/v1/analytics/ 200 - 778.207 ms
Sat Dec 27 2025 21:47:34 [SERVER-NAME] info: GET /api/v1/analytics/user-last-update 304 - 742.857 ms
Sat Dec 27 2025 21:47:42 [SERVER-NAME] info: GET /api/v1/budgets/type 304 - 595.914 ms
Sat Dec 27 2025 21:47:43 [SERVER-NAME] info: GET /api/v1/analytics/ 304 - 746.307 ms
Sat Dec 27 2025 21:47:43 [SERVER-NAME] info: GET /api/v1/analytics/user-last-update 304 - 775.163 ms
Sat Dec 27 2025 21:47:47 [SERVER-NAME] info: GET /api/v1/date-nights/ 200 - 623.499 ms
Sat Dec 27 2025 21:47:53 [SERVER-NAME] info: GET /api/v1/analytics/ 304 - 776.287 ms
Sat Dec 27 2025 21:47:53 [SERVER-NAME] info: GET /api/v1/analytics/user-last-update 304 - 741.878 ms
Sat Dec 27 2025 21:49:51 [SERVER-NAME] info: GET /api/v1/analytics/ 304 - 751.465 ms
Sat Dec 27 2025 21:49:51 [SERVER-NAME] info: GET /api/v1/analytics/user-last-update 304 - 772.461 ms
Sat Dec 27 2025 21:51:11 [SERVER-NAME] info: GET /api/v1/budgets/type 304 - 621.723 ms
Sat Dec 27 2025 21:51:51 [SERVER-NAME] info: POST /api/v1/calculator/loan-repayment-calculator 200 - 351.887 ms
Sat Dec 27 2025 21:51:52 [SERVER-NAME] info: GET /api/v1/ad/random-ads 200 - 311.718 ms
Sat Dec 27 2025 21:53:21 [SERVER-NAME] info: GET /api/v1/analytics/ 304 - 777.657 ms
Sat Dec 27 2025 21:53:22 [SERVER-NAME] info: GET /api/v1/analytics/user-last-update 304 - 776.373 ms
Sat Dec 27 2025 21:56:35 [SERVER-NAME] info: [34mSIGINT received. Shutting down gracefully...[39m
Sat Dec 27 2025 21:56:35 [SERVER-NAME] info: [34mSIGINT received. Shutting down gracefully...[39m
Sat Dec 27 2025 21:58:45 [SERVER-NAME] info: [34mMaster 2722852 is running[39m
Sat Dec 27 2025 21:58:45 [SERVER-NAME] info: [34mStarting 1 workers...[39m
Sat Dec 27 2025 21:58:46 [SERVER-NAME] info: [34mWorker 2722886 started[39m
Sat Dec 27 2025 21:58:46 [SERVER-NAME] info: [32mConfig validation successful.[39m
Sat Dec 27 2025 21:58:48 [SERVER-NAME] info: [46m🚀 Database connected successfully[49m
Sat Dec 27 2025 21:58:49 [SERVER-NAME] info: [32mWorker 2722886 is ready to accept connections[39m
Sat Dec 27 2025 21:58:49 [SERVER-NAME] info: [33m♻️  Application & Socket listening on http://0.0.0.0:5000 or http://localhost:5000 in production mode[39m
