Sat Dec 27 2025 23:24:53 [SERVER-NAME] info: GET /api/v1/notifications/ 200 - 478.705 ms
Sat Dec 27 2025 23:24:53 [SERVER-NAME] info: GET /api/v1/analytics/user-last-update 304 - 761.975 ms
Sat Dec 27 2025 23:24:53 [SERVER-NAME] info: GET /api/v1/analytics/ 200 - 787.115 ms
Sat Dec 27 2025 23:24:57 [SERVER-NAME] info: GET /api/v1/budgets/type 200 - 610.758 ms
Sat Dec 27 2025 23:25:22 [SERVER-NAME] info: GET /api/v1/analytics/user-last-update 304 - 759.344 ms
Sat Dec 27 2025 23:25:22 [SERVER-NAME] info: GET /api/v1/analytics/ 304 - 765.266 ms
Sat Dec 27 2025 23:37:56 [SERVER-NAME] info: GET / 200 - 0.769 ms
Sat Dec 27 2025 23:44:40 [SERVER-NAME] info: POST /api/v1/auth/login 200 - 642.054 ms
Sat Dec 27 2025 23:44:41 [SERVER-NAME] info: GET /api/v1/notifications/ 200 - 450.159 ms
Sat Dec 27 2025 23:44:41 [SERVER-NAME] info: GET /api/v1/analytics/ 200 - 789.625 ms
Sat Dec 27 2025 23:44:41 [SERVER-NAME] info: GET /api/v1/analytics/user-last-update 200 - 747.315 ms
Sat Dec 27 2025 23:45:27 [SERVER-NAME] info: GET /api/v1/notifications/ 304 - 454.314 ms
Sat Dec 27 2025 23:45:27 [SERVER-NAME] info: GET /api/v1/analytics/ 200 - 752.067 ms
Sat Dec 27 2025 23:45:27 [SERVER-NAME] info: GET /api/v1/analytics/user-last-update 304 - 750.741 ms
Sat Dec 27 2025 23:45:34 [SERVER-NAME] info: GET /api/v1/incomes/ 304 - 304.139 ms
Sat Dec 27 2025 23:45:37 [SERVER-NAME] info: GET /api/v1/analytics/user-last-update 304 - 759.915 ms
Sat Dec 27 2025 23:45:37 [SERVER-NAME] info: GET /api/v1/analytics/ 304 - 766.401 ms
Sat Dec 27 2025 23:46:44 [SERVER-NAME] info: GET /api/v1/incomes/ 304 - 302.398 ms
Sat Dec 27 2025 23:46:46 [SERVER-NAME] info: GET /api/v1/analytics/user-last-update 304 - 747.202 ms
Sat Dec 27 2025 23:46:46 [SERVER-NAME] info: GET /api/v1/analytics/ 304 - 752.535 ms
Sat Dec 27 2025 23:47:17 [SERVER-NAME] info: GET /api/v1/budgets/type 200 - 609.095 ms
Sat Dec 27 2025 23:47:52 [SERVER-NAME] info: GET /api/v1/budgets/type 304 - 610.929 ms
Sat Dec 27 2025 23:47:55 [SERVER-NAME] info: GET /api/v1/budgets/type?type=household 200 - 758.746 ms
Sat Dec 27 2025 23:48:6 [SERVER-NAME] info: GET /api/v1/budgets/type 304 - 607.392 ms
Sat Dec 27 2025 23:48:8 [SERVER-NAME] info: GET /api/v1/budgets/analytics 304 - 304.387 ms
Sat Dec 27 2025 23:48:24 [SERVER-NAME] info: GET /api/v1/analytics/user-last-update 304 - 765.746 ms
Sat Dec 27 2025 23:48:24 [SERVER-NAME] info: GET /api/v1/analytics/ 304 - 770.841 ms
Sat Dec 27 2025 23:48:37 [SERVER-NAME] info: GET /api/v1/analytics/user-last-update 304 - 746.530 ms
Sat Dec 27 2025 23:48:37 [SERVER-NAME] info: GET /api/v1/analytics/ 304 - 771.851 ms
Sat Dec 27 2025 23:48:38 [SERVER-NAME] info: GET /api/v1/incomes/ 304 - 305.237 ms
Sat Dec 27 2025 23:48:54 [SERVER-NAME] info: GET /api/v1/incomes/ 304 - 315.523 ms
Sat Dec 27 2025 23:48:56 [SERVER-NAME] info: GET /api/v1/analytics/user-last-update 304 - 747.034 ms
Sat Dec 27 2025 23:48:56 [SERVER-NAME] info: GET /api/v1/analytics/ 304 - 759.809 ms
Sat Dec 27 2025 23:48:57 [SERVER-NAME] info: GET /api/v1/expenses/ 304 - 306.208 ms
Sat Dec 27 2025 23:49:6 [SERVER-NAME] info: GET /api/v1/analytics/user-last-update 304 - 748.296 ms
Sat Dec 27 2025 23:49:6 [SERVER-NAME] info: GET /api/v1/analytics/ 304 - 762.083 ms
Sat Dec 27 2025 23:49:9 [SERVER-NAME] info: GET /api/v1/saving-goals/ 304 - 461.109 ms
Sat Dec 27 2025 23:49:9 [SERVER-NAME] info: GET /api/v1/analytics/ 304 - 794.627 ms
Sat Dec 27 2025 23:49:10 [SERVER-NAME] info: GET /api/v1/analytics/ 304 - 766.876 ms
Sat Dec 27 2025 23:49:20 [SERVER-NAME] info: GET /api/v1/analytics/user-last-update 304 - 754.053 ms
Sat Dec 27 2025 23:49:20 [SERVER-NAME] info: GET /api/v1/analytics/ 304 - 763.818 ms
Sat Dec 27 2025 23:49:22 [SERVER-NAME] info: GET /api/v1/debts/insights 304 - 308.196 ms
Sat Dec 27 2025 23:49:38 [SERVER-NAME] info: GET /api/v1/analytics/user-last-update 304 - 751.575 ms
Sat Dec 27 2025 23:49:38 [SERVER-NAME] info: GET /api/v1/analytics/ 304 - 760.320 ms
Sat Dec 27 2025 23:49:42 [SERVER-NAME] info: POST /api/v1/calculator/loan-repayment-calculator 200 - 327.503 ms
Sat Dec 27 2025 23:49:43 [SERVER-NAME] info: GET /api/v1/ad/random-ads 304 - 307.852 ms
Sat Dec 27 2025 23:56:7 [SERVER-NAME] info: GET /api/v1/expenses/ 200 - 309.892 ms
Sat Dec 27 2025 23:56:11 [SERVER-NAME] info: GET /api/v1/date-nights/ 200 - 609.994 ms
Sat Dec 27 2025 23:56:23 [SERVER-NAME] info: GET /api/v1/expenses/ 304 - 306.870 ms
Sat Dec 27 2025 23:56:41 [SERVER-NAME] info: GET /api/v1/analytics/user-last-update 304 - 762.444 ms
Sat Dec 27 2025 23:56:42 [SERVER-NAME] info: GET /api/v1/analytics/ 304 - 744.412 ms
Sat Dec 27 2025 23:58:39 [SERVER-NAME] info: GET /api/v1/date-nights/ 304 - 594.145 ms
Sat Dec 27 2025 23:58:50 [SERVER-NAME] info: PATCH /api/v1/date-nights/69504689bf77e2ba808ddacb 200 - 460.727 ms
Sat Dec 27 2025 23:58:51 [SERVER-NAME] info: GET /api/v1/date-nights/ 200 - 595.523 ms
Sat Dec 27 2025 23:58:55 [SERVER-NAME] info: GET /api/v1/analytics/ 304 - 746.645 ms
Sat Dec 27 2025 23:58:55 [SERVER-NAME] info: GET /api/v1/analytics/user-last-update 200 - 764.552 ms
Sat Dec 27 2025 23:59:4 [SERVER-NAME] info: GET /api/v1/debts/insights 200 - 305.808 ms
Sat Dec 27 2025 23:59:19 [SERVER-NAME] info: GET /api/v1/analytics/ 304 - 764.614 ms
Sat Dec 27 2025 23:59:19 [SERVER-NAME] info: GET /api/v1/analytics/user-last-update 304 - 739.488 ms
Sat Dec 27 2025 23:59:26 [SERVER-NAME] info: GET /api/v1/budgets/type 200 - 593.384 ms
