Sat Dec 27 2025 16:21:59 [SERVER-NAME] info: GET / 200 - 0.387 ms
Sat Dec 27 2025 16:36:9 [SERVER-NAME] info: GET / 200 - 0.399 ms
Sat Dec 27 2025 16:44:8 [SERVER-NAME] info: GET /api/v1/notifications/ 304 - 507.394 ms
Sat Dec 27 2025 16:44:8 [SERVER-NAME] info: GET /api/v1/analytics/ 304 - 771.798 ms
Sat Dec 27 2025 16:44:8 [SERVER-NAME] info: GET /api/v1/analytics/user-last-update 304 - 774.777 ms
Sat Dec 27 2025 16:44:20 [SERVER-NAME] info: GET /api/v1/budgets/type 304 - 607.769 ms
Sat Dec 27 2025 16:44:24 [SERVER-NAME] info: GET /api/v1/date-nights/ 304 - 606.067 ms
Sat Dec 27 2025 16:44:35 [SERVER-NAME] info: POST /api/v1/calculator/loan-repayment-calculator 200 - 353.182 ms
Sat Dec 27 2025 16:44:36 [SERVER-NAME] info: GET /api/v1/ad/random-ads 200 - 315.173 ms
Sat Dec 27 2025 16:44:42 [SERVER-NAME] info: GET /api/v1/analytics/user-last-update 304 - 760.688 ms
Sat Dec 27 2025 16:44:42 [SERVER-NAME] info: GET /api/v1/analytics/ 304 - 815.604 ms
Sat Dec 27 2025 16:48:2 [SERVER-NAME] info: GET /api/v1/budgets/type 304 - 621.513 ms
Sat Dec 27 2025 16:48:3 [SERVER-NAME] info: GET /api/v1/analytics/user-last-update 304 - 755.057 ms
Sat Dec 27 2025 16:48:3 [SERVER-NAME] info: GET /api/v1/analytics/ 304 - 801.023 ms
Sat Dec 27 2025 16:48:14 [SERVER-NAME] info: GET /api/v1/ad/random-ads 200 - 309.638 ms
Sat Dec 27 2025 16:48:56 [SERVER-NAME] info: GET / 200 - 0.355 ms
Sat Dec 27 2025 16:49:32 [SERVER-NAME] info: OPTIONS /api/v1/users/profile 204 - 0.271 ms
Sat Dec 27 2025 16:49:32 [SERVER-NAME] info: OPTIONS /api/v1/admin/stats?year=2025 204 - 0.104 ms
Sat Dec 27 2025 16:49:32 [SERVER-NAME] info: OPTIONS /api/v1/users?page=1&limit=10 204 - 0.087 ms
Sat Dec 27 2025 16:49:34 [SERVER-NAME] info: GET /api/v1/users?page=1&limit=10 304 - 307.120 ms
Sat Dec 27 2025 16:49:34 [SERVER-NAME] info: GET /api/v1/users/profile 304 - 314.474 ms
Sat Dec 27 2025 16:49:34 [SERVER-NAME] info: GET /api/v1/admin/stats?year=2025 304 - 947.272 ms
Sat Dec 27 2025 16:49:45 [SERVER-NAME] info: OPTIONS /api/v1/ad/?page=1 204 - 0.138 ms
Sat Dec 27 2025 16:49:45 [SERVER-NAME] info: GET /api/v1/ad/?page=1 304 - 476.069 ms
Sat Dec 27 2025 16:49:49 [SERVER-NAME] info: OPTIONS /api/v1/ad/694f0873faeebd5bc7594922 204 - 0.167 ms
Sat Dec 27 2025 16:49:50 [SERVER-NAME] info: DELETE /api/v1/ad/694f0873faeebd5bc7594922 200 - 492.237 ms
Sat Dec 27 2025 16:49:51 [SERVER-NAME] info: OPTIONS /api/v1/ad/?page=1 204 - 0.136 ms
Sat Dec 27 2025 16:49:51 [SERVER-NAME] info: GET /api/v1/ad/?page=1 200 - 474.157 ms
Sat Dec 27 2025 16:49:52 [SERVER-NAME] info: OPTIONS /api/v1/ad/694eda364923bc111097cb19 204 - 0.118 ms
Sat Dec 27 2025 16:49:53 [SERVER-NAME] info: DELETE /api/v1/ad/694eda364923bc111097cb19 200 - 477.348 ms
Sat Dec 27 2025 16:49:54 [SERVER-NAME] info: GET /api/v1/ad/?page=1 200 - 478.606 ms
Sat Dec 27 2025 16:49:54 [SERVER-NAME] info: OPTIONS /api/v1/ad/693f13a3c60211e895fa2c46 204 - 0.117 ms
Sat Dec 27 2025 16:49:55 [SERVER-NAME] info: DELETE /api/v1/ad/693f13a3c60211e895fa2c46 200 - 476.034 ms
Sat Dec 27 2025 16:49:56 [SERVER-NAME] info: OPTIONS /api/v1/ad/694ee1367b6cefc4fa9e4167 204 - 1.214 ms
Sat Dec 27 2025 16:49:56 [SERVER-NAME] info: GET /api/v1/ad/?page=1 200 - 473.527 ms
Sat Dec 27 2025 16:49:56 [SERVER-NAME] info: DELETE /api/v1/ad/694ee1367b6cefc4fa9e4167 200 - 475.668 ms
Sat Dec 27 2025 16:49:57 [SERVER-NAME] info: OPTIONS /api/v1/ad/?page=1 204 - 0.117 ms
Sat Dec 27 2025 16:49:57 [SERVER-NAME] info: GET /api/v1/ad/?page=1 200 - 472.669 ms
Sat Dec 27 2025 16:49:58 [SERVER-NAME] info: GET /api/v1/ad/?page=1 304 - 454.749 ms
Sat Dec 27 2025 16:51:27 [SERVER-NAME] info: GET /api/v1/ad/random-ads 200 - 303.766 ms
Sat Dec 27 2025 16:51:52 [SERVER-NAME] info: OPTIONS /api/v1/ad/ 204 - 0.150 ms
Sat Dec 27 2025 16:51:55 [SERVER-NAME] info: OPTIONS /api/v1/ad/?page=1 204 - 0.143 ms
Sat Dec 27 2025 16:51:55 [SERVER-NAME] info: GET /api/v1/ad/?page=1 304 - 452.591 ms
Sat Dec 27 2025 16:51:58 [SERVER-NAME] info: OPTIONS /api/v1/ad/ 204 - 0.107 ms
Sat Dec 27 2025 16:51:59 [SERVER-NAME] info: GET /api/v1/ad/?page=1 304 - 453.002 ms
Sat Dec 27 2025 16:52:47 [SERVER-NAME] info: GET /api/v1/ad/random-ads 304 - 303.250 ms
Sat Dec 27 2025 16:53:22 [SERVER-NAME] info: GET /api/v1/ad/random-ads 304 - 306.166 ms
Sat Dec 27 2025 16:53:36 [SERVER-NAME] info: GET /api/v1/budgets/type 304 - 613.680 ms
Sat Dec 27 2025 16:53:37 [SERVER-NAME] info: GET /api/v1/analytics/ 304 - 756.784 ms
Sat Dec 27 2025 16:53:37 [SERVER-NAME] info: GET /api/v1/analytics/user-last-update 304 - 777.631 ms
Sat Dec 27 2025 16:53:38 [SERVER-NAME] info: GET /api/v1/budgets/type 304 - 635.170 ms
Sat Dec 27 2025 16:53:42 [SERVER-NAME] info: GET /api/v1/budgets/analytics 304 - 307.738 ms
Sat Dec 27 2025 16:53:46 [SERVER-NAME] info: GET /api/v1/budgets/type 304 - 665.085 ms
Sat Dec 27 2025 16:53:50 [SERVER-NAME] info: GET /api/v1/analytics/user-last-update 304 - 752.816 ms
Sat Dec 27 2025 16:53:50 [SERVER-NAME] info: GET /api/v1/analytics/ 304 - 801.908 ms
Sat Dec 27 2025 16:53:51 [SERVER-NAME] info: GET /api/v1/budgets/type 304 - 663.359 ms
Sat Dec 27 2025 16:53:53 [SERVER-NAME] info: OPTIONS /api/v1/ad/ 204 - 0.142 ms
Sat Dec 27 2025 16:53:54 [SERVER-NAME] info: GET /api/v1/budgets/analytics 304 - 308.738 ms
Sat Dec 27 2025 16:53:55 [SERVER-NAME] info: OPTIONS /api/v1/ad/?page=1 204 - 0.128 ms
Sat Dec 27 2025 16:53:56 [SERVER-NAME] info: GET /api/v1/ad/?page=1 304 - 535.247 ms
Sat Dec 27 2025 16:54:0 [SERVER-NAME] info: GET /api/v1/budgets/type 304 - 613.396 ms
Sat Dec 27 2025 16:54:3 [SERVER-NAME] info: GET /api/v1/analytics/ 304 - 755.182 ms
Sat Dec 27 2025 16:54:3 [SERVER-NAME] info: GET /api/v1/analytics/user-last-update 304 - 762.295 ms
Sat Dec 27 2025 16:54:17 [SERVER-NAME] info: POST /api/v1/calculator/inflation-calculator 200 - 325.230 ms
Sat Dec 27 2025 16:54:51 [SERVER-NAME] info: POST /api/v1/calculator/historical-inflation-calculator 200 - 539.155 ms
Sat Dec 27 2025 16:55:8 [SERVER-NAME] info: POST /api/v1/calculator/inflation-calculator 200 - 314.370 ms
Sat Dec 27 2025 16:56:25 [SERVER-NAME] info: GET / 200 - 173.100 ms
