Sun Dec 28 2025 14:0:1 [SERVER-NAME] info: GET /api/v1/budgets/type 304 - 593.194 ms
Sun Dec 28 2025 14:0:3 [SERVER-NAME] info: GET /api/v1/budgets/type?type=personal 200 - 594.195 ms
Sun Dec 28 2025 14:0:8 [SERVER-NAME] info: GET /api/v1/budgets/type?type=household 200 - 603.196 ms
Sun Dec 28 2025 14:0:13 [SERVER-NAME] info: GET /api/v1/budgets/type?type=household 304 - 591.149 ms
Sun Dec 28 2025 14:0:22 [SERVER-NAME] info: GET /api/v1/budgets/type 304 - 592.720 ms
Sun Dec 28 2025 14:0:27 [SERVER-NAME] info: GET /api/v1/analytics/ 304 - 609.296 ms
Sun Dec 28 2025 14:0:27 [SERVER-NAME] info: GET /api/v1/analytics/user-last-update 304 - 760.760 ms
Sun Dec 28 2025 14:9:5 [SERVER-NAME] info: GET / 200 - 0.696 ms
Sun Dec 28 2025 14:32:38 [SERVER-NAME] info: [32m✅ [Reho App] Email sent successfully: <20251228143238.6b9f6b19303e7bbd@mg.rehoapp.co.uk>[39m
Sun Dec 28 2025 14:32:38 [SERVER-NAME] info: POST /api/v1/users 200 - 1410.121 ms
Sun Dec 28 2025 14:33:50 [SERVER-NAME] info: POST /api/v1/auth/verify-email 200 - 458.049 ms
Sun Dec 28 2025 14:34:24 [SERVER-NAME] info: POST /api/v1/auth/login 200 - 638.183 ms
Sun Dec 28 2025 14:34:25 [SERVER-NAME] info: GET /api/v1/analytics/ 200 - 602.422 ms
Sun Dec 28 2025 14:34:25 [SERVER-NAME] info: GET /api/v1/notifications/ 200 - 472.358 ms
Sun Dec 28 2025 14:34:25 [SERVER-NAME] info: GET /api/v1/analytics/user-last-update 200 - 767.878 ms
Sun Dec 28 2025 14:38:9 [SERVER-NAME] info: GET /api/v1/budgets/type 200 - 609.566 ms
Sun Dec 28 2025 14:38:31 [SERVER-NAME] info: GET /api/v1/budgets/type 304 - 615.707 ms
Sun Dec 28 2025 14:38:34 [SERVER-NAME] info: GET /api/v1/analytics/ 304 - 612.853 ms
Sun Dec 28 2025 14:38:34 [SERVER-NAME] info: GET /api/v1/analytics/user-last-update 304 - 742.489 ms
Sun Dec 28 2025 14:38:47 [SERVER-NAME] info: GET /api/v1/analytics/user-last-update 304 - 742.815 ms
Sun Dec 28 2025 14:38:47 [SERVER-NAME] info: GET /api/v1/analytics/ 304 - 612.131 ms
Sun Dec 28 2025 14:43:32 [SERVER-NAME] info: GET /api/v1/budgets/type 304 - 607.652 ms
Sun Dec 28 2025 14:43:34 [SERVER-NAME] info: GET /api/v1/budgets/type 304 - 605.828 ms
Sun Dec 28 2025 14:43:36 [SERVER-NAME] info: GET /api/v1/analytics/ 304 - 609.039 ms
Sun Dec 28 2025 14:43:36 [SERVER-NAME] info: GET /api/v1/analytics/user-last-update 304 - 761.432 ms
Sun Dec 28 2025 14:43:37 [SERVER-NAME] info: GET /api/v1/date-nights/ 304 - 604.013 ms
Sun Dec 28 2025 14:43:42 [SERVER-NAME] info: GET /api/v1/analytics/ 304 - 607.167 ms
Sun Dec 28 2025 14:43:42 [SERVER-NAME] info: GET /api/v1/analytics/user-last-update 304 - 747.159 ms
Sun Dec 28 2025 14:43:43 [SERVER-NAME] info: GET /api/v1/debts/insights 200 - 302.012 ms
Sun Dec 28 2025 14:44:29 [SERVER-NAME] info: GET /api/v1/analytics/ 304 - 598.682 ms
Sun Dec 28 2025 14:44:29 [SERVER-NAME] info: GET /api/v1/analytics/user-last-update 304 - 751.883 ms
Sun Dec 28 2025 14:44:32 [SERVER-NAME] info: GET /api/v1/debts/insights 304 - 306.600 ms
Sun Dec 28 2025 14:44:39 [SERVER-NAME] info: GET /api/v1/analytics/ 304 - 614.315 ms
Sun Dec 28 2025 14:44:40 [SERVER-NAME] info: GET /api/v1/analytics/user-last-update 304 - 751.468 ms
Sun Dec 28 2025 14:44:42 [SERVER-NAME] info: GET /api/v1/debts/insights 304 - 299.019 ms
Sun Dec 28 2025 14:44:53 [SERVER-NAME] info: GET /api/v1/analytics/ 304 - 604.114 ms
Sun Dec 28 2025 14:44:53 [SERVER-NAME] info: GET /api/v1/analytics/user-last-update 304 - 753.816 ms
Sun Dec 28 2025 14:44:56 [SERVER-NAME] info: GET /api/v1/debts/insights 304 - 306.752 ms
Sun Dec 28 2025 14:45:8 [SERVER-NAME] info: GET /api/v1/debts/ 200 - 305.491 ms
Sun Dec 28 2025 14:45:14 [SERVER-NAME] info: GET /api/v1/debts/insights 304 - 302.735 ms
Sun Dec 28 2025 14:45:29 [SERVER-NAME] info: GET /api/v1/analytics/ 304 - 601.018 ms
Sun Dec 28 2025 14:45:29 [SERVER-NAME] info: GET /api/v1/analytics/user-last-update 304 - 757.440 ms
Sun Dec 28 2025 14:45:31 [SERVER-NAME] info: GET /api/v1/debts/insights 304 - 302.650 ms
Sun Dec 28 2025 14:45:42 [SERVER-NAME] info: GET /api/v1/analytics/ 304 - 609.305 ms
Sun Dec 28 2025 14:45:42 [SERVER-NAME] info: GET /api/v1/analytics/user-last-update 304 - 744.020 ms
Sun Dec 28 2025 14:45:53 [SERVER-NAME] info: GET /api/v1/expenses/ 200 - 312.970 ms
Sun Dec 28 2025 14:45:58 [SERVER-NAME] info: GET /api/v1/expenses/analytics 200 - 301.567 ms
Sun Dec 28 2025 14:46:5 [SERVER-NAME] info: GET /api/v1/expenses/analytics 304 - 301.376 ms
Sun Dec 28 2025 14:46:12 [SERVER-NAME] info: GET /api/v1/expenses/analytics 304 - 301.679 ms
Sun Dec 28 2025 14:46:14 [SERVER-NAME] info: GET /api/v1/expenses/ 304 - 300.786 ms
Sun Dec 28 2025 14:46:16 [SERVER-NAME] info: GET /api/v1/analytics/ 304 - 609.305 ms
Sun Dec 28 2025 14:46:16 [SERVER-NAME] info: GET /api/v1/analytics/user-last-update 304 - 753.614 ms
Sun Dec 28 2025 14:46:19 [SERVER-NAME] info: GET /api/v1/budgets/type 304 - 622.902 ms
Sun Dec 28 2025 14:46:28 [SERVER-NAME] info: GET /api/v1/analytics/ 304 - 606.482 ms
Sun Dec 28 2025 14:46:28 [SERVER-NAME] info: GET /api/v1/analytics/user-last-update 304 - 745.270 ms
Sun Dec 28 2025 14:46:31 [SERVER-NAME] info: GET /api/v1/budgets/type 304 - 596.489 ms
Sun Dec 28 2025 14:46:33 [SERVER-NAME] info: GET /api/v1/date-nights/ 304 - 595.278 ms
Sun Dec 28 2025 14:46:40 [SERVER-NAME] info: GET /api/v1/analytics/ 304 - 599.580 ms
Sun Dec 28 2025 14:46:40 [SERVER-NAME] info: GET /api/v1/analytics/user-last-update 304 - 751.260 ms
Sun Dec 28 2025 14:46:56 [SERVER-NAME] info: POST /api/v1/calculator/inflation-calculator 200 - 316.921 ms
Sun Dec 28 2025 14:47:2 [SERVER-NAME] info: GET /api/v1/analytics/ 304 - 606.539 ms
Sun Dec 28 2025 14:47:2 [SERVER-NAME] info: GET /api/v1/analytics/user-last-update 304 - 775.259 ms
Sun Dec 28 2025 14:47:10 [SERVER-NAME] info: GET /api/v1/date-nights/ 304 - 595.660 ms
Sun Dec 28 2025 14:47:16 [SERVER-NAME] info: GET /api/v1/budgets/type 304 - 610.750 ms
Sun Dec 28 2025 14:47:17 [SERVER-NAME] info: GET /api/v1/analytics/ 304 - 598.083 ms
Sun Dec 28 2025 14:47:17 [SERVER-NAME] info: GET /api/v1/analytics/user-last-update 304 - 750.780 ms
