Sun Dec 28 2025 10:12:36 [SERVER-NAME] info: GET / 200 - 0.378 ms
Sun Dec 28 2025 10:13:5 [SERVER-NAME] info: GET / 200 - 0.428 ms
Sun Dec 28 2025 10:28:31 [SERVER-NAME] info: GET /api/v1/notifications/ 200 - 452.778 ms
Sun Dec 28 2025 10:28:31 [SERVER-NAME] info: GET /api/v1/analytics/ 200 - 601.367 ms
Sun Dec 28 2025 10:28:31 [SERVER-NAME] info: GET /api/v1/analytics/user-last-update 200 - 753.184 ms
Sun Dec 28 2025 10:28:34 [SERVER-NAME] info: GET /api/v1/saving-goals/ 200 - 449.677 ms
Sun Dec 28 2025 10:28:34 [SERVER-NAME] info: GET /api/v1/analytics/ 304 - 607.967 ms
Sun Dec 28 2025 10:28:35 [SERVER-NAME] info: GET /api/v1/analytics/ 304 - 606.063 ms
Sun Dec 28 2025 10:28:38 [SERVER-NAME] info: DELETE /api/v1/saving-goals/69284cd09260c8cda975f02a 200 - 618.555 ms
Sun Dec 28 2025 10:28:39 [SERVER-NAME] info: GET /api/v1/analytics/ 200 - 606.217 ms
Sun Dec 28 2025 10:28:41 [SERVER-NAME] info: DELETE /api/v1/saving-goals/6927548b9260c8cda975ed63 200 - 607.273 ms
Sun Dec 28 2025 10:28:42 [SERVER-NAME] info: GET /api/v1/analytics/ 200 - 606.632 ms
Sun Dec 28 2025 10:28:45 [SERVER-NAME] info: GET /api/v1/analytics/ 304 - 608.829 ms
Sun Dec 28 2025 10:28:45 [SERVER-NAME] info: GET /api/v1/analytics/user-last-update 304 - 747.427 ms
Sun Dec 28 2025 10:28:56 [SERVER-NAME] info: GET /api/v1/budgets/type 200 - 594.650 ms
Sun Dec 28 2025 10:29:19 [SERVER-NAME] info: POST /api/v1/budgets/ 201 - 311.074 ms
Sun Dec 28 2025 10:29:20 [SERVER-NAME] info: GET /api/v1/budgets/type 200 - 597.049 ms
Sun Dec 28 2025 10:29:39 [SERVER-NAME] info: POST /api/v1/budgets/ 201 - 307.349 ms
Sun Dec 28 2025 10:29:39 [SERVER-NAME] info: GET /api/v1/budgets/type 200 - 595.556 ms
Sun Dec 28 2025 10:30:8 [SERVER-NAME] info: POST /api/v1/budgets/ 201 - 302.803 ms
Sun Dec 28 2025 10:30:9 [SERVER-NAME] info: GET /api/v1/budgets/type 200 - 597.998 ms
Sun Dec 28 2025 10:30:26 [SERVER-NAME] info: POST /api/v1/budgets/ 201 - 308.269 ms
Sun Dec 28 2025 10:30:26 [SERVER-NAME] info: GET /api/v1/budgets/type 200 - 598.206 ms
Sun Dec 28 2025 10:30:47 [SERVER-NAME] info: POST /api/v1/budgets/ 201 - 310.009 ms
Sun Dec 28 2025 10:30:47 [SERVER-NAME] info: GET /api/v1/budgets/type 200 - 595.427 ms
Sun Dec 28 2025 10:31:10 [SERVER-NAME] info: POST /api/v1/budgets/ 201 - 303.682 ms
Sun Dec 28 2025 10:31:11 [SERVER-NAME] info: GET /api/v1/budgets/type 200 - 595.331 ms
Sun Dec 28 2025 10:31:25 [SERVER-NAME] info: POST /api/v1/budgets/ 201 - 304.820 ms
Sun Dec 28 2025 10:31:26 [SERVER-NAME] info: GET /api/v1/budgets/type 200 - 595.777 ms
Sun Dec 28 2025 10:31:51 [SERVER-NAME] info: POST /api/v1/budgets/ 201 - 304.250 ms
Sun Dec 28 2025 10:31:52 [SERVER-NAME] info: GET /api/v1/budgets/type 200 - 596.925 ms
Sun Dec 28 2025 10:31:59 [SERVER-NAME] info: GET /api/v1/budgets/analytics 200 - 299.126 ms
Sun Dec 28 2025 10:32:3 [SERVER-NAME] info: GET /api/v1/budgets/type 304 - 595.864 ms
Sun Dec 28 2025 10:32:18 [SERVER-NAME] info: POST /api/v1/budgets/ 201 - 303.993 ms
Sun Dec 28 2025 10:32:19 [SERVER-NAME] info: GET /api/v1/budgets/type 200 - 598.899 ms
Sun Dec 28 2025 10:32:35 [SERVER-NAME] info: POST /api/v1/budgets/ 201 - 301.833 ms
Sun Dec 28 2025 10:32:36 [SERVER-NAME] info: GET /api/v1/budgets/type 200 - 598.096 ms
Sun Dec 28 2025 10:32:54 [SERVER-NAME] info: POST /api/v1/budgets/ 201 - 331.269 ms
Sun Dec 28 2025 10:32:55 [SERVER-NAME] info: GET /api/v1/budgets/type 200 - 607.430 ms
Sun Dec 28 2025 10:33:6 [SERVER-NAME] info: POST /api/v1/budgets/ 201 - 303.400 ms
Sun Dec 28 2025 10:33:6 [SERVER-NAME] info: GET /api/v1/budgets/type 200 - 599.468 ms
