Sun Dec 28 2025 9:12:14 [SERVER-NAME] info: GET / 200 - 0.379 ms
Sun Dec 28 2025 9:21:13 [SERVER-NAME] info: GET / 200 - 0.464 ms
Sun Dec 28 2025 9:35:56 [SERVER-NAME] info: GET / 200 - 0.366 ms
Sun Dec 28 2025 9:44:18 [SERVER-NAME] info: [32m✅ [Reho App] Email sent successfully: <20251228094417.b40cc47a95d74087@mg.rehoapp.co.uk>[39m
Sun Dec 28 2025 9:44:18 [SERVER-NAME] info: POST /api/v1/auth/forget-password 200 - 624.939 ms
Sun Dec 28 2025 9:44:59 [SERVER-NAME] info: POST /api/v1/auth/verify-email 200 - 474.223 ms
Sun Dec 28 2025 9:45:21 [SERVER-NAME] info: POST /api/v1/auth/reset-password 200 - 945.923 ms
Sun Dec 28 2025 9:45:48 [SERVER-NAME] info: POST /api/v1/auth/login 200 - 734.563 ms
Sun Dec 28 2025 9:45:50 [SERVER-NAME] info: GET /api/v1/notifications/ 200 - 458.865 ms
Sun Dec 28 2025 9:45:50 [SERVER-NAME] info: GET /api/v1/analytics/ 200 - 599.471 ms
Sun Dec 28 2025 9:45:50 [SERVER-NAME] info: GET /api/v1/analytics/user-last-update 200 - 751.508 ms
Sun Dec 28 2025 9:46:55 [SERVER-NAME] info: GET /api/v1/incomes/ 200 - 304.780 ms
Sun Dec 28 2025 9:47:2 [SERVER-NAME] info: GET /api/v1/incomes/?frequency=monthly 200 - 305.083 ms
Sun Dec 28 2025 9:47:5 [SERVER-NAME] info: GET /api/v1/incomes/ 304 - 305.849 ms
Sun Dec 28 2025 9:47:7 [SERVER-NAME] info: GET /api/v1/incomes/?frequency=monthly 304 - 304.833 ms
Sun Dec 28 2025 9:47:11 [SERVER-NAME] info: GET /api/v1/analytics/ 304 - 610.274 ms
Sun Dec 28 2025 9:47:12 [SERVER-NAME] info: GET /api/v1/analytics/user-last-update 304 - 745.084 ms
Sun Dec 28 2025 9:47:13 [SERVER-NAME] info: GET /api/v1/expenses/ 200 - 302.861 ms
Sun Dec 28 2025 9:47:15 [SERVER-NAME] info: GET /api/v1/expenses/?frequency=monthly 200 - 299.841 ms
Sun Dec 28 2025 9:47:17 [SERVER-NAME] info: GET /api/v1/expenses/ 304 - 303.379 ms
Sun Dec 28 2025 9:47:22 [SERVER-NAME] info: GET /api/v1/expenses/?frequency=monthly 304 - 299.690 ms
Sun Dec 28 2025 9:47:29 [SERVER-NAME] info: GET /api/v1/analytics/ 304 - 600.537 ms
Sun Dec 28 2025 9:47:29 [SERVER-NAME] info: GET /api/v1/analytics/user-last-update 304 - 757.559 ms
Sun Dec 28 2025 9:47:31 [SERVER-NAME] info: GET /api/v1/analytics/user-last-update 200 - 769.221 ms
Sun Dec 28 2025 9:48:36 [SERVER-NAME] info: PATCH /api/v1/users/profile 200 - 2105.834 ms
Sun Dec 28 2025 9:48:37 [SERVER-NAME] info: GET /api/v1/analytics/ 200 - 601.615 ms
Sun Dec 28 2025 9:48:37 [SERVER-NAME] info: GET /api/v1/analytics/user-last-update 304 - 758.926 ms
Sun Dec 28 2025 9:48:53 [SERVER-NAME] info: GET /api/v1/date-nights/ 200 - 609.990 ms
Sun Dec 28 2025 9:49:4 [SERVER-NAME] info: GET /api/v1/contents/ 200 - 463.556 ms
Sun Dec 28 2025 9:51:14 [SERVER-NAME] info: POST /api/v1/calculator/loan-repayment-calculator 200 - 324.327 ms
Sun Dec 28 2025 9:51:15 [SERVER-NAME] info: GET /api/v1/ad/random-ads 200 - 308.761 ms
Sun Dec 28 2025 9:52:44 [SERVER-NAME] info: POST /api/v1/calculator/loan-repayment-calculator 200 - 309.174 ms
Sun Dec 28 2025 9:52:45 [SERVER-NAME] info: GET /api/v1/ad/random-ads 200 - 306.589 ms
Sun Dec 28 2025 9:53:2 [SERVER-NAME] info: POST /api/v1/calculator/loan-repayment-calculator 200 - 311.475 ms
Sun Dec 28 2025 9:53:3 [SERVER-NAME] info: GET /api/v1/ad/random-ads 304 - 308.393 ms
Sun Dec 28 2025 9:53:25 [SERVER-NAME] info: POST /api/v1/calculator/loan-repayment-calculator 200 - 314.102 ms
Sun Dec 28 2025 9:53:26 [SERVER-NAME] info: GET /api/v1/ad/random-ads 200 - 306.466 ms
Sun Dec 28 2025 9:54:2 [SERVER-NAME] info: POST /api/v1/calculator/loan-repayment-calculator 200 - 310.184 ms
Sun Dec 28 2025 9:54:3 [SERVER-NAME] info: GET /api/v1/ad/random-ads 200 - 308.476 ms
Sun Dec 28 2025 9:54:6 [SERVER-NAME] info: GET /api/v1/date-nights/ 304 - 609.697 ms
Sun Dec 28 2025 9:54:12 [SERVER-NAME] info: GET /api/v1/ad/random-ads 304 - 312.829 ms
Sun Dec 28 2025 9:54:14 [SERVER-NAME] info: GET /api/v1/budgets/type 200 - 610.401 ms
Sun Dec 28 2025 9:54:24 [SERVER-NAME] info: GET /api/v1/analytics/ 304 - 610.936 ms
Sun Dec 28 2025 9:54:24 [SERVER-NAME] info: GET /api/v1/analytics/user-last-update 304 - 746.740 ms
Sun Dec 28 2025 9:54:26 [SERVER-NAME] info: GET /api/v1/incomes/ 304 - 300.633 ms
Sun Dec 28 2025 9:54:28 [SERVER-NAME] info: GET /api/v1/analytics/ 304 - 614.947 ms
Sun Dec 28 2025 9:54:28 [SERVER-NAME] info: GET /api/v1/analytics/user-last-update 304 - 760.542 ms
Sun Dec 28 2025 9:54:29 [SERVER-NAME] info: GET /api/v1/expenses/ 304 - 306.921 ms
Sun Dec 28 2025 9:54:33 [SERVER-NAME] info: GET /api/v1/expenses/?frequency=monthly 304 - 304.732 ms
Sun Dec 28 2025 9:54:43 [SERVER-NAME] info: POST /api/v1/expenses/ 200 - 313.661 ms
Sun Dec 28 2025 9:54:44 [SERVER-NAME] info: GET /api/v1/expenses/?frequency=monthly 200 - 307.168 ms
