Sun Dec 28 2025 13:52:7 [SERVER-NAME] info: POST /api/v1/budgets/ 201 - 323.602 ms
Sun Dec 28 2025 13:52:8 [SERVER-NAME] info: GET /api/v1/budgets/type 200 - 606.335 ms
Sun Dec 28 2025 13:52:29 [SERVER-NAME] info: POST /api/v1/budgets/ 201 - 307.784 ms
Sun Dec 28 2025 13:52:30 [SERVER-NAME] info: GET /api/v1/budgets/type 200 - 606.431 ms
Sun Dec 28 2025 13:52:32 [SERVER-NAME] info: GET /api/v1/budgets/analytics 200 - 304.622 ms
Sun Dec 28 2025 13:52:44 [SERVER-NAME] info: GET /api/v1/budgets/analytics 304 - 307.399 ms
Sun Dec 28 2025 13:52:47 [SERVER-NAME] info: GET /api/v1/budgets/type 304 - 607.120 ms
Sun Dec 28 2025 13:53:17 [SERVER-NAME] info: POST /api/v1/budgets/ 201 - 306.913 ms
Sun Dec 28 2025 13:53:18 [SERVER-NAME] info: GET /api/v1/budgets/type 200 - 607.641 ms
Sun Dec 28 2025 13:53:36 [SERVER-NAME] info: POST /api/v1/budgets/ 201 - 306.724 ms
Sun Dec 28 2025 13:53:37 [SERVER-NAME] info: GET /api/v1/budgets/type 200 - 607.020 ms
Sun Dec 28 2025 13:54:1 [SERVER-NAME] info: POST /api/v1/budgets/ 201 - 311.233 ms
Sun Dec 28 2025 13:54:2 [SERVER-NAME] info: GET /api/v1/budgets/type 200 - 608.720 ms
Sun Dec 28 2025 13:54:57 [SERVER-NAME] info: POST /api/v1/budgets/ 201 - 314.531 ms
Sun Dec 28 2025 13:54:58 [SERVER-NAME] info: GET /api/v1/budgets/type 200 - 606.980 ms
Sun Dec 28 2025 13:55:9 [SERVER-NAME] info: POST /api/v1/calculator/loan-repayment-calculator 200 - 313.376 ms
Sun Dec 28 2025 13:55:10 [SERVER-NAME] info: GET /api/v1/ad/random-ads 200 - 307.030 ms
Sun Dec 28 2025 13:55:30 [SERVER-NAME] info: GET /api/v1/date-nights/ 200 - 605.020 ms
Sun Dec 28 2025 13:55:48 [SERVER-NAME] info: PATCH /api/v1/date-nights/69284bdb9260c8cda975efe0 200 - 465.818 ms
Sun Dec 28 2025 13:55:49 [SERVER-NAME] info: GET /api/v1/date-nights/ 200 - 604.416 ms
Sun Dec 28 2025 13:55:54 [SERVER-NAME] info: GET /api/v1/budgets/type 304 - 615.874 ms
Sun Dec 28 2025 13:55:56 [SERVER-NAME] info: GET /api/v1/analytics/ 200 - 615.860 ms
Sun Dec 28 2025 13:55:56 [SERVER-NAME] info: GET /api/v1/analytics/user-last-update 200 - 751.960 ms
Sun Dec 28 2025 13:55:59 [SERVER-NAME] info: GET /api/v1/budgets/type 304 - 670.141 ms
Sun Dec 28 2025 13:56:2 [SERVER-NAME] info: GET /api/v1/analytics/ 304 - 605.844 ms
Sun Dec 28 2025 13:56:2 [SERVER-NAME] info: GET /api/v1/analytics/user-last-update 304 - 761.317 ms
Sun Dec 28 2025 13:56:11 [SERVER-NAME] info: GET /api/v1/saving-goals/ 200 - 459.389 ms
Sun Dec 28 2025 13:56:11 [SERVER-NAME] info: GET /api/v1/analytics/ 304 - 603.005 ms
Sun Dec 28 2025 13:56:11 [SERVER-NAME] info: GET /api/v1/analytics/ 304 - 606.445 ms
Sun Dec 28 2025 13:56:34 [SERVER-NAME] info: POST /api/v1/saving-goals/ 201 - 304.681 ms
Sun Dec 28 2025 13:56:35 [SERVER-NAME] info: GET /api/v1/saving-goals/ 200 - 445.898 ms
Sun Dec 28 2025 13:56:35 [SERVER-NAME] info: GET /api/v1/analytics/ 200 - 607.592 ms
Sun Dec 28 2025 13:56:35 [SERVER-NAME] info: GET /api/v1/analytics/ 200 - 607.576 ms
Sun Dec 28 2025 13:56:48 [SERVER-NAME] info: GET /api/v1/analytics/ 304 - 610.185 ms
Sun Dec 28 2025 13:56:48 [SERVER-NAME] info: GET /api/v1/analytics/user-last-update 304 - 741.226 ms
Sun Dec 28 2025 13:57:1 [SERVER-NAME] info: POST /api/v1/calculator/inflation-calculator 200 - 312.096 ms
Sun Dec 28 2025 13:57:34 [SERVER-NAME] info: POST /api/v1/calculator/historical-inflation-calculator 200 - 796.195 ms
Sun Dec 28 2025 13:57:40 [SERVER-NAME] info: GET /api/v1/analytics/ 304 - 603.918 ms
Sun Dec 28 2025 13:57:40 [SERVER-NAME] info: GET /api/v1/analytics/user-last-update 304 - 766.357 ms
Sun Dec 28 2025 13:57:52 [SERVER-NAME] info: GET /api/v1/budgets/type 304 - 609.860 ms
Sun Dec 28 2025 13:58:31 [SERVER-NAME] info: GET /api/v1/analytics/ 304 - 608.984 ms
Sun Dec 28 2025 13:58:32 [SERVER-NAME] info: GET /api/v1/analytics/user-last-update 304 - 751.020 ms
Sun Dec 28 2025 13:58:46 [SERVER-NAME] info: GET /api/v1/analytics/ 304 - 593.972 ms
Sun Dec 28 2025 13:58:46 [SERVER-NAME] info: GET /api/v1/analytics/user-last-update 304 - 756.148 ms
Sun Dec 28 2025 13:58:50 [SERVER-NAME] info: GET /api/v1/budgets/type 304 - 635.295 ms
Sun Dec 28 2025 13:58:52 [SERVER-NAME] info: GET /api/v1/budgets/type 304 - 607.374 ms
Sun Dec 28 2025 13:59:1 [SERVER-NAME] info: GET /api/v1/budgets/type 304 - 611.271 ms
Sun Dec 28 2025 13:59:10 [SERVER-NAME] info: GET /api/v1/date-nights/ 304 - 605.242 ms
Sun Dec 28 2025 13:59:11 [SERVER-NAME] info: GET /api/v1/analytics/ 304 - 596.745 ms
Sun Dec 28 2025 13:59:12 [SERVER-NAME] info: GET /api/v1/analytics/user-last-update 304 - 755.081 ms
Sun Dec 28 2025 13:59:13 [SERVER-NAME] info: GET /api/v1/budgets/type 304 - 605.812 ms
Sun Dec 28 2025 13:59:37 [SERVER-NAME] info: GET /api/v1/budgets/analytics 200 - 303.652 ms
Sun Dec 28 2025 13:59:40 [SERVER-NAME] info: GET /api/v1/budgets/analytics 304 - 311.025 ms
Sun Dec 28 2025 13:59:42 [SERVER-NAME] info: GET /api/v1/budgets/type 304 - 606.703 ms
Sun Dec 28 2025 13:59:43 [SERVER-NAME] info: GET /api/v1/date-nights/ 304 - 604.343 ms
Sun Dec 28 2025 13:59:46 [SERVER-NAME] info: GET /api/v1/analytics/ 304 - 618.804 ms
Sun Dec 28 2025 13:59:46 [SERVER-NAME] info: GET /api/v1/analytics/user-last-update 304 - 745.490 ms
Sun Dec 28 2025 13:59:47 [SERVER-NAME] info: GET /api/v1/budgets/type 304 - 591.365 ms
