Sat Dec 27 2025 19:26:59 [SERVER-NAME] error: GET /robots.txt 404 - 0.488 ms
Sat Dec 27 2025 19:32:40 [SERVER-NAME] error: GET /admin/config.php 404 - 0.335 ms
Sat Dec 27 2025 19:37:42 [SERVER-NAME] error: GET /nmaplowercheck1766864261 404 - 2.210 ms
Sat Dec 27 2025 19:37:42 [SERVER-NAME] error: GET /cgi-mod/header_logo.cgi?size=big 404 - 0.200 ms
Sat Dec 27 2025 19:37:43 [SERVER-NAME] error: GET /favicon.ico 404 - 0.285 ms
Sat Dec 27 2025 19:37:43 [SERVER-NAME] error: GET /login.php 404 - 0.254 ms
Sat Dec 27 2025 19:37:43 [SERVER-NAME] error: GET /HNAP1 404 - 0.356 ms
Sat Dec 27 2025 19:37:43 [SERVER-NAME] error: GET /+CSCOE+/logon.html 404 - 0.882 ms
Sat Dec 27 2025 19:37:43 [SERVER-NAME] error: GET /webui 404 - 0.206 ms
Sat Dec 27 2025 19:37:43 [SERVER-NAME] error: GET /dana-na/nc/nc_gina_ver.txt 404 - 0.180 ms
Sat Dec 27 2025 19:37:43 [SERVER-NAME] error: GET /evox/about 404 - 0.206 ms
Sat Dec 27 2025 19:37:43 [SERVER-NAME] error: GET /user 404 - 0.328 ms
Sat Dec 27 2025 19:37:43 [SERVER-NAME] error: GET /ise/img/rm-logo_small.png 404 - 0.296 ms
Sat Dec 27 2025 19:37:43 [SERVER-NAME] error: GET /owa/ 404 - 0.353 ms
Sat Dec 27 2025 19:37:44 [SERVER-NAME] error: GET /Account/Login 404 - 0.338 ms
Sat Dec 27 2025 19:37:44 [SERVER-NAME] error: GET /geoserver/index.html 404 - 0.268 ms
Sat Dec 27 2025 19:37:44 [SERVER-NAME] error: GET /geoserver/web/wicket/bookmarkable/org.geoserver.web.AboutGeoServerPage 404 - 0.313 ms
Sat Dec 27 2025 19:37:44 [SERVER-NAME] error: GET /geoserver/ 404 - 0.174 ms
Sat Dec 27 2025 19:37:44 [SERVER-NAME] error: GET /dniapi/userInfos 404 - 0.259 ms
Sat Dec 27 2025 19:37:44 [SERVER-NAME] error: GET /cgi-bin/info.cgi 404 - 0.297 ms
Sat Dec 27 2025 19:37:44 [SERVER-NAME] error: GET /images/logo.png 404 - 0.248 ms
Sat Dec 27 2025 19:37:44 [SERVER-NAME] error: GET /owa/ 404 - 0.255 ms
Sat Dec 27 2025 19:37:44 [SERVER-NAME] error: GET /CFIDE/componentutils/ 404 - 0.277 ms
Sat Dec 27 2025 19:37:44 [SERVER-NAME] error: GET /magento_version 404 - 0.295 ms
Sat Dec 27 2025 19:37:44 [SERVER-NAME] error: GET /dana-cached/hc/HostCheckerInstaller.osx 404 - 0.225 ms
Sat Dec 27 2025 19:37:44 [SERVER-NAME] error: GET /phoenix/favicon.ico 404 - 0.180 ms
Sat Dec 27 2025 19:37:44 [SERVER-NAME] error: GET /human.aspx?arg12=infotech 404 - 0.271 ms
Sat Dec 27 2025 19:37:44 [SERVER-NAME] error: GET /cluster/list.query 404 - 0.501 ms
Sat Dec 27 2025 19:37:44 [SERVER-NAME] error: GET /fog/management/index.php?node=client&sub=logininfo 404 - 0.211 ms
Sat Dec 27 2025 19:37:44 [SERVER-NAME] error: GET /helpdesk/WebObjects/Helpdesk.woa 404 - 0.457 ms
Sat Dec 27 2025 19:37:44 [SERVER-NAME] error: GET /apps/zxtm/login.cgi 404 - 0.275 ms
Sat Dec 27 2025 19:37:44 [SERVER-NAME] error: GET /assets/png/favicon-abe32304.png 404 - 0.252 ms
Sat Dec 27 2025 19:37:45 [SERVER-NAME] error: GET /health 404 - 0.314 ms
Sat Dec 27 2025 19:37:45 [SERVER-NAME] error: GET /api/v1/check-version 404 - 0.272 ms
Sat Dec 27 2025 19:37:45 [SERVER-NAME] error: GET /xml/info.xml 404 - 0.214 ms
Sat Dec 27 2025 19:37:45 [SERVER-NAME] error: GET /language/en-GB/en-GB.xml 404 - 0.418 ms
Sat Dec 27 2025 19:37:45 [SERVER-NAME] error: GET /api/server/version 404 - 0.273 ms
Sat Dec 27 2025 19:37:45 [SERVER-NAME] error: GET /p/login/ 404 - 0.315 ms
Sat Dec 27 2025 19:37:45 [SERVER-NAME] error: GET /login.html 404 - 0.226 ms
Sat Dec 27 2025 19:37:45 [SERVER-NAME] error: GET /favicon.ico 404 - 0.307 ms
Sat Dec 27 2025 19:37:45 [SERVER-NAME] error: GET /App_Themes/Default/Images/favicon.ico 404 - 0.284 ms
Sat Dec 27 2025 19:37:45 [SERVER-NAME] error: GET /administrator/manifests/files/joomla.xml 404 - 0.315 ms
Sat Dec 27 2025 19:37:45 [SERVER-NAME] error: GET /dashboard/ 404 - 0.273 ms
Sat Dec 27 2025 19:37:45 [SERVER-NAME] error: GET /api/v2/about 404 - 0.280 ms
Sat Dec 27 2025 19:37:45 [SERVER-NAME] error: GET /api/version 404 - 0.257 ms
Sat Dec 27 2025 19:37:45 [SERVER-NAME] error: GET /portal/ 404 - 0.317 ms
Sat Dec 27 2025 19:37:45 [SERVER-NAME] error: GET /info.asp 404 - 0.275 ms
Sat Dec 27 2025 19:37:45 [SERVER-NAME] error: GET /status 404 - 0.295 ms
Sat Dec 27 2025 19:37:45 [SERVER-NAME] error: GET /images/logo.gif 404 - 0.262 ms
Sat Dec 27 2025 19:37:45 [SERVER-NAME] error: GET /ext-js/app/common/zld_product_spec.js 404 - 0.357 ms
Sat Dec 27 2025 19:37:45 [SERVER-NAME] error: GET /lms/db 404 - 0.237 ms
Sat Dec 27 2025 19:37:45 [SERVER-NAME] error: GET /webui/index.html 404 - 0.180 ms
Sat Dec 27 2025 19:37:45 [SERVER-NAME] error: GET /cgi-bin/param.cgi?get_device_conf 404 - 0.161 ms
Sat Dec 27 2025 19:37:46 [SERVER-NAME] error: GET /assets/img/favicon.ico 404 - 0.604 ms
Sat Dec 27 2025 19:37:46 [SERVER-NAME] error: GET /allversions 404 - 0.318 ms
Sat Dec 27 2025 19:37:46 [SERVER-NAME] error: GET /login/login.html 404 - 0.293 ms
Sat Dec 27 2025 19:37:46 [SERVER-NAME] error: GET /versa/login 404 - 0.230 ms
Sat Dec 27 2025 19:37:47 [SERVER-NAME] error: GET /api/vip/i18n/api/v2/translation/products/vRNIUI/versions/1 404 - 1.323 ms
Sat Dec 27 2025 19:37:47 [SERVER-NAME] error: GET /versions 404 - 0.187 ms
Sat Dec 27 2025 19:37:47 [SERVER-NAME] error: GET /c/login 404 - 0.157 ms
Sat Dec 27 2025 19:37:47 [SERVER-NAME] error: GET /WebApp/js/UI_String.js 404 - 0.331 ms
Sat Dec 27 2025 19:37:47 [SERVER-NAME] error: GET /tos/index.php?user/login 404 - 0.235 ms
Sat Dec 27 2025 19:37:47 [SERVER-NAME] error: GET /officescan/console/html/localization.js 404 - 0.282 ms
Sat Dec 27 2025 19:37:47 [SERVER-NAME] error: GET /officescan/console/cgi/cgiChkMasterPwd.exe 404 - 0.287 ms
Sat Dec 27 2025 19:37:47 [SERVER-NAME] error: GET /IPCamDesc.xml 404 - 0.201 ms
Sat Dec 27 2025 19:37:47 [SERVER-NAME] error: GET /r-seenet/index.php 404 - 0.315 ms
Sat Dec 27 2025 19:37:47 [SERVER-NAME] error: GET /kylin/ 404 - 0.285 ms
Sat Dec 27 2025 19:37:47 [SERVER-NAME] error: GET /cslu/v1/core/conf 404 - 0.258 ms
Sat Dec 27 2025 19:37:47 [SERVER-NAME] error: GET /config 404 - 0.171 ms
Sat Dec 27 2025 19:37:47 [SERVER-NAME] error: GET /dashboard/favicon.ico 404 - 0.263 ms
Sat Dec 27 2025 19:37:47 [SERVER-NAME] error: GET /api/v1.0/environment 404 - 0.326 ms
Sat Dec 27 2025 19:37:47 [SERVER-NAME] error: GET /admin/reports/status 404 - 0.377 ms
Sat Dec 27 2025 19:37:48 [SERVER-NAME] error: GET /CHANGELOG.txt 404 - 0.279 ms
Sat Dec 27 2025 19:37:48 [SERVER-NAME] error: GET /pom.xml 404 - 0.285 ms
Sat Dec 27 2025 19:37:48 [SERVER-NAME] error: GET /admin/reports/updates 404 - 0.228 ms
Sat Dec 27 2025 19:37:48 [SERVER-NAME] error: GET /javascript/validation/OEM.js 404 - 0.170 ms
Sat Dec 27 2025 19:37:48 [SERVER-NAME] error: GET /css/eonweb.css 404 - 0.665 ms
Sat Dec 27 2025 19:37:48 [SERVER-NAME] error: GET /kubepi/fav.png 404 - 0.364 ms
Sat Dec 27 2025 19:37:48 [SERVER-NAME] error: GET /webportal.cgi 404 - 0.286 ms
Sat Dec 27 2025 19:37:48 [SERVER-NAME] error: GET /workplace/home.action 404 - 0.188 ms
Sat Dec 27 2025 19:37:48 [SERVER-NAME] error: GET /build.gradle 404 - 0.225 ms
Sat Dec 27 2025 19:37:49 [SERVER-NAME] error: GET /centreon/api/latest/platform/versions 404 - 0.820 ms
Sat Dec 27 2025 19:37:49 [SERVER-NAME] error: GET /cgi-bin/authLogin.cgi 404 - 0.239 ms
Sat Dec 27 2025 19:37:49 [SERVER-NAME] error: GET /pandora_console/ 404 - 0.176 ms
Sat Dec 27 2025 19:37:49 [SERVER-NAME] error: GET /api/v3/meta 404 - 0.254 ms
Sat Dec 27 2025 19:37:49 [SERVER-NAME] error: GET /css/elfinder.min.css 404 - 0.186 ms
Sat Dec 27 2025 19:37:49 [SERVER-NAME] error: GET /am_bin/amlogin 404 - 0.179 ms
Sat Dec 27 2025 19:37:49 [SERVER-NAME] error: GET /public/static/favicon.png 404 - 2.964 ms
Sat Dec 27 2025 19:37:49 [SERVER-NAME] error: GET /geoserver/web/ 404 - 0.268 ms
Sat Dec 27 2025 19:37:49 [SERVER-NAME] error: GET /system/version/current 404 - 0.718 ms
Sat Dec 27 2025 19:37:49 [SERVER-NAME] error: GET /api/v1/version 404 - 0.270 ms
Sat Dec 27 2025 19:37:49 [SERVER-NAME] error: GET /i18n/component/JS 404 - 0.298 ms
Sat Dec 27 2025 19:37:49 [SERVER-NAME] error: GET /MagicInfo/config.js 404 - 0.359 ms
Sat Dec 27 2025 19:37:49 [SERVER-NAME] error: GET /Main_Login.asp 404 - 0.309 ms
Sat Dec 27 2025 19:37:49 [SERVER-NAME] error: GET /app/ui/login.jsp 404 - 0.280 ms
Sat Dec 27 2025 19:37:49 [SERVER-NAME] error: GET /plugin/webs_model_cfg.js 404 - 0.432 ms
Sat Dec 27 2025 19:37:49 [SERVER-NAME] error: GET /hx/api/about 404 - 0.278 ms
Sat Dec 27 2025 19:37:49 [SERVER-NAME] error: GET /login/?next=/ 404 - 0.215 ms
Sat Dec 27 2025 19:37:50 [SERVER-NAME] error: GET /cgi-bin/luci 404 - 0.301 ms
Sat Dec 27 2025 19:37:50 [SERVER-NAME] error: GET /photo/webapi/query.php?api=SYNO.API.Info&method=query&version=1 404 - 0.349 ms
Sat Dec 27 2025 19:37:50 [SERVER-NAME] error: GET /json/login_session 404 - 0.251 ms
Sat Dec 27 2025 19:37:50 [SERVER-NAME] error: GET /nidp/app/login 404 - 0.264 ms
Sat Dec 27 2025 19:37:50 [SERVER-NAME] error: GET /rs/application-about 404 - 0.207 ms
Sat Dec 27 2025 19:37:50 [SERVER-NAME] error: GET /index.html 404 - 0.247 ms
Sat Dec 27 2025 19:37:50 [SERVER-NAME] error: GET /about 404 - 0.247 ms
Sat Dec 27 2025 19:37:50 [SERVER-NAME] error: GET /metrics 404 - 0.313 ms
Sat Dec 27 2025 19:37:50 [SERVER-NAME] error: GET /main/main.html 404 - 0.261 ms
Sat Dec 27 2025 19:37:50 [SERVER-NAME] error: GET /api/v2/hoverfly/version 404 - 0.272 ms
Sat Dec 27 2025 19:37:50 [SERVER-NAME] error: GET /login 404 - 0.271 ms
Sat Dec 27 2025 19:37:50 [SERVER-NAME] error: GET /core/auth/login/ 404 - 0.311 ms
Sat Dec 27 2025 19:37:50 [SERVER-NAME] error: GET /ui/login.action 404 - 0.313 ms
Sat Dec 27 2025 19:37:50 [SERVER-NAME] error: GET /api/status 404 - 0.263 ms
Sat Dec 27 2025 19:37:50 [SERVER-NAME] error: GET /admin/config.php 404 - 0.212 ms
Sat Dec 27 2025 19:37:50 [SERVER-NAME] error: GET /api/v1/info 404 - 0.200 ms
Sat Dec 27 2025 19:37:50 [SERVER-NAME] error: GET /config_dump 404 - 0.268 ms
Sat Dec 27 2025 19:37:50 [SERVER-NAME] error: GET /~login 404 - 0.242 ms
Sat Dec 27 2025 19:37:50 [SERVER-NAME] error: GET /mailinspector/login.php 404 - 0.230 ms
Sat Dec 27 2025 19:37:50 [SERVER-NAME] error: GET /agc/vicidial.php 404 - 0.294 ms
Sat Dec 27 2025 19:37:50 [SERVER-NAME] error: GET /agent/vicidial.php 404 - 0.289 ms
Sat Dec 27 2025 19:37:51 [SERVER-NAME] error: GET /openapi.json 404 - 0.407 ms
Sat Dec 27 2025 19:37:51 [SERVER-NAME] error: GET /index.do 404 - 0.197 ms
Sat Dec 27 2025 19:37:51 [SERVER-NAME] error: GET /system/gwinfo 404 - 0.195 ms
Sat Dec 27 2025 19:37:51 [SERVER-NAME] error: GET /AppsHome.do 404 - 0.296 ms
Sat Dec 27 2025 19:37:51 [SERVER-NAME] error: GET /jtcgi/wte.pyc 404 - 0.927 ms
Sat Dec 27 2025 19:37:51 [SERVER-NAME] error: GET /decisioncenter-api/v1/about 404 - 0.203 ms
Sat Dec 27 2025 19:37:51 [SERVER-NAME] error: GET /nifi-api/flow/about 404 - 0.205 ms
Sat Dec 27 2025 19:37:51 [SERVER-NAME] error: GET /index.lua 404 - 1.521 ms
Sat Dec 27 2025 19:37:51 [SERVER-NAME] error: GET /nifi/ 404 - 0.298 ms
Sat Dec 27 2025 19:37:51 [SERVER-NAME] error: GET /info.htm 404 - 0.291 ms
Sat Dec 27 2025 19:37:51 [SERVER-NAME] error: GET /sys/en/neoclassic/login/login 404 - 0.831 ms
Sat Dec 27 2025 19:37:51 [SERVER-NAME] error: GET /v2 404 - 0.195 ms
Sat Dec 27 2025 19:37:51 [SERVER-NAME] error: GET /cgi-bin/meteobridge.cgi 404 - 0.264 ms
Sat Dec 27 2025 19:37:51 [SERVER-NAME] error: GET /api-description 404 - 0.312 ms
Sat Dec 27 2025 19:37:52 [SERVER-NAME] error: GET /wp-content/plugins/post-smtp/readme.txt 404 - 0.309 ms
Sat Dec 27 2025 19:37:52 [SERVER-NAME] error: GET /sap/bc/ui2/flp 404 - 0.486 ms
Sat Dec 27 2025 19:37:52 [SERVER-NAME] error: GET /monitor/index.php/auth/login 404 - 0.268 ms
Sat Dec 27 2025 19:37:52 [SERVER-NAME] error: GET /management/v1/cluster/state 404 - 0.278 ms
Sat Dec 27 2025 19:37:52 [SERVER-NAME] error: GET /browser/index.html 404 - 0.189 ms
Sat Dec 27 2025 19:37:52 [SERVER-NAME] error: GET /ignite?cmd=version 404 - 0.230 ms
Sat Dec 27 2025 19:37:52 [SERVER-NAME] error: GET /api/v1/cluster/summary 404 - 0.437 ms
Sat Dec 27 2025 19:37:52 [SERVER-NAME] error: GET /help/en_US/Content/utm/utmAdminGuide/WebAdmin.htm 404 - 0.278 ms
Sat Dec 27 2025 19:37:52 [SERVER-NAME] error: GET /api/v2.0/systeminfo 404 - 0.247 ms
Sat Dec 27 2025 19:37:52 [SERVER-NAME] error: GET /cgi-bin/getagent.cgi?type=s 404 - 0.200 ms
Sat Dec 27 2025 19:37:52 [SERVER-NAME] error: GET /nmc/rss/server 404 - 0.289 ms
Sat Dec 27 2025 19:37:52 [SERVER-NAME] error: GET /ScadaBR/login.htm 404 - 0.358 ms
Sat Dec 27 2025 19:37:53 [SERVER-NAME] error: GET /api/system/status 404 - 0.423 ms
Sat Dec 27 2025 19:37:53 [SERVER-NAME] error: GET /webpages/login.html 404 - 0.273 ms
Sat Dec 27 2025 19:37:53 [SERVER-NAME] error: GET /download/python/ 404 - 0.263 ms
Sat Dec 27 2025 19:37:53 [SERVER-NAME] error: GET /admin 404 - 0.278 ms
